<?xml version="1.0" encoding="UTF-8"?>
<!-- Generated by org.testng.reporters.JUnitXMLReporter -->
<testsuite ignored="2" hostname="LAPTOP-JFKQL1HG" failures="0" tests="8" name="Default test" time="39.243" errors="0" timestamp="2025-02-17T11:21:45 EST">
  <testcase classname="ananthuProject.Test.LoginCheckTest" name="logInWithDataBaseCredentials" time="1.266"/>
  <testcase classname="ananthuProject.Test.LoginCheckTest" name="logInWithDataBaseCredentials" time="1.16"/>
  <testcase classname="ananthuProject.Test.LoginCheckTest" name="logInWithDataBaseCredentials" time="1.157"/>
  <testcase classname="ananthuProject.Test.LoginCheckTest" name="logInWithDataBaseCredentials" time="1.499"/>
  <testcase classname="ananthuProject.Test.LoginCheckTest" name="logInWithDataBaseCredentials" time="1.532"/>
  <testcase classname="ananthuProject.Test.LoginCheckTest" name="logInWithDataBaseCredentials" time="1.41"/>
  <testcase classname="ananthuProject.Test.LoginCheckTest" name="logInWithDataBaseCredentials" time="1.363"/>
  <testcase classname="ananthuProject.Test.LoginCheckTest" name="logInWithDataBaseCredentials" time="1.302"/>
  <testcase classname="ananthuProject.Test.LoginCheckTest" name="passwordReset" time="0.0">
    <ignored/>
  </testcase> <!-- passwordReset -->
  <testcase classname="ananthuProject.Test.LoginCheckTest" name="logInError" time="0.0">
    <ignored/>
  </testcase> <!-- logInError -->
</testsuite> <!-- Default test -->
