<?xml version="1.0" encoding="UTF-8"?>
<!-- Generated by org.testng.reporters.JUnitXMLReporter -->
<testsuite ignored="1" hostname="LAPTOP-JFKQL1HG" failures="0" tests="1" name="Default test" time="47.967" errors="0" timestamp="2025-02-13T23:53:14 EST">
  <testcase classname="ananthuProject.Test.CheckVisibilityTest" name="testTotalRecord" time="38.525"/>
  <testcase classname="ananthuProject.Test.CheckVisibilityTest" name="checkTheVisibilityofH6" time="0.0">
    <ignored/>
  </testcase> <!-- checkTheVisibilityofH6 -->
</testsuite> <!-- Default test -->
