<?xml version="1.0" encoding="UTF-8"?>
<!-- Generated by org.testng.reporters.JUnitXMLReporter -->
<testsuite ignored="0" hostname="Ananthus-MacBook-Pro.local" failures="1" tests="3" name="E2E-main" time="10.744" errors="0" timestamp="2025-03-03T11:42:54 EST">
  <testcase classname="ananthuProject.Test.PIMpageTest" name="testHelpButton" time="1.264">
    <skipped/>
  </testcase> <!-- testHelpButton -->
  <testcase classname="ananthuProject.Test.PIMpageTest" name="testHelpButton" time="1.17">
    <skipped/>
  </testcase> <!-- testHelpButton -->
  <testcase classname="ananthuProject.Test.PIMpageTest" name="testHelpButton" time="1.166">
    <failure type="java.lang.NullPointerException" message="Cannot invoke &amp;quot;org.openqa.selenium.WebElement.click()&amp;quot; because &amp;quot;actionList&amp;quot; is null">
      <![CDATA[java.lang.NullPointerException: Cannot invoke "org.openqa.selenium.WebElement.click()" because "actionList" is null
at ananthuProject.AbstractComponent.AbstarctComponent.selectMenuOption(AbstarctComponent.java:47)
at ananthuProject.pageobjects.PimPage.testHelpButton(PimPage.java:108)
at ananthuProject.Test.PIMpageTest.testHelpButton(PIMpageTest.java:20)
at java.base/java.util.ArrayList.forEach(ArrayList.java:1596)
at java.base/java.util.concurrent.FutureTask.run(FutureTask.java:317)
at java.base/java.util.concurrent.ThreadPoolExecutor.runWorker(ThreadPoolExecutor.java:1144)
at java.base/java.util.concurrent.ThreadPoolExecutor$Worker.run(ThreadPoolExecutor.java:642)
at java.base/java.lang.Thread.run(Thread.java:1583)
... Removed 16 stack frames]]>
    </failure>
  </testcase> <!-- testHelpButton -->
</testsuite> <!-- E2E-main -->
