<?xml version="1.0" encoding="UTF-8"?>
<!-- Generated by org.testng.reporters.JUnitXMLReporter -->
<testsuite ignored="0" hostname="LAPTOP-JFKQL1HG" failures="0" tests="3" name="E2E" time="111.79" errors="0" timestamp="2025-01-31T18:50:32 EST">
  <testcase classname="ananthuProject.Test.StandAloneTest" name="testUpdatingUserName" time="36.317"/>
  <testcase classname="ananthuProject.Test.StandAloneTest" name="searchNameInTimeSheet" time="17.103"/>
  <testcase classname="ananthuProject.Test.StandAloneTest" name="searchUpdatedUserFromDirectory" time="12.066"/>
</testsuite> <!-- E2E -->
