<?xml version="1.0" encoding="UTF-8"?>
<!-- Generated by org.testng.reporters.JUnitXMLReporter -->
<testsuite ignored="0" hostname="Ananthus-MacBook-Pro.local" failures="2" tests="2" name="Unit2" time="9.137" errors="0" timestamp="2025-03-03T11:42:52 EST">
  <testcase classname="ananthuProject.Test.CheckVisibilityTest" name="checkTheVisibilityofH6" time="1.199">
    <failure type="java.lang.NullPointerException" message="Cannot invoke &amp;quot;org.openqa.selenium.WebElement.click()&amp;quot; because &amp;quot;actionList&amp;quot; is null">
      <![CDATA[java.lang.NullPointerException: Cannot invoke "org.openqa.selenium.WebElement.click()" because "actionList" is null
at ananthuProject.AbstractComponent.AbstarctComponent.selectMenuOption(AbstarctComponent.java:47)
at ananthuProject.pageobjects.PimPage.testVisibilityOfH6Title(PimPage.java:93)
at ananthuProject.Test.CheckVisibilityTest.checkTheVisibilityofH6(CheckVisibilityTest.java:38)
at java.base/java.util.ArrayList.forEach(ArrayList.java:1596)
at java.base/java.util.concurrent.FutureTask.run(FutureTask.java:317)
at java.base/java.util.concurrent.ThreadPoolExecutor.runWorker(ThreadPoolExecutor.java:1144)
at java.base/java.util.concurrent.ThreadPoolExecutor$Worker.run(ThreadPoolExecutor.java:642)
at java.base/java.lang.Thread.run(Thread.java:1583)
... Removed 16 stack frames]]>
    </failure>
  </testcase> <!-- checkTheVisibilityofH6 -->
  <testcase classname="ananthuProject.Test.CheckVisibilityTest" name="testTotalRecord" time="1.245">
    <failure type="java.lang.NullPointerException" message="Cannot invoke &amp;quot;org.openqa.selenium.WebElement.click()&amp;quot; because &amp;quot;actionList&amp;quot; is null">
      <![CDATA[java.lang.NullPointerException: Cannot invoke "org.openqa.selenium.WebElement.click()" because "actionList" is null
at ananthuProject.AbstractComponent.AbstarctComponent.selectMenuOption(AbstarctComponent.java:47)
at ananthuProject.pageobjects.PimPage.countCheck(PimPage.java:61)
at ananthuProject.Test.CheckVisibilityTest.testTotalRecord(CheckVisibilityTest.java:28)
at java.base/java.util.ArrayList.forEach(ArrayList.java:1596)
at java.base/java.util.concurrent.FutureTask.run(FutureTask.java:317)
at java.base/java.util.concurrent.ThreadPoolExecutor.runWorker(ThreadPoolExecutor.java:1144)
at java.base/java.util.concurrent.ThreadPoolExecutor$Worker.run(ThreadPoolExecutor.java:642)
at java.base/java.lang.Thread.run(Thread.java:1583)
... Removed 16 stack frames]]>
    </failure>
  </testcase> <!-- testTotalRecord -->
</testsuite> <!-- Unit2 -->
