<?xml version="1.0" encoding="UTF-8"?>
<!-- Generated by org.testng.reporters.JUnitXMLReporter -->
<testsuite ignored="0" hostname="Ananthus-MacBook-Pro.local" failures="0" tests="5" name="Unit" time="35.367" errors="0" timestamp="2025-04-18T11:28:44 EDT">
  <testcase classname="ananthuProject.Test.LoginCheckTest" name="logInError" time="1.001"/>
  <testcase classname="ananthuProject.Test.LoginCheckTest" name="logInError" time="0.675"/>
  <testcase classname="ananthuProject.Test.LoginCheckTest" name="logInError" time="0.989"/>
  <testcase classname="ananthuProject.Test.LoginCheckTest" name="logInError" time="0.628"/>
  <testcase classname="ananthuProject.Test.LoginCheckTest" name="passwordReset" time="1.59"/>
</testsuite> <!-- Unit -->
