<?xml version="1.0" encoding="UTF-8"?>
<!-- Generated by org.testng.reporters.JUnitXMLReporter -->
<testsuite ignored="0" hostname="LAPTOP-JFKQL1HG" failures="0" tests="5" name="Unit" time="64.65" errors="0" timestamp="2025-02-13T23:54:59 EST">
  <testcase classname="ananthuProject.Test.LoginCheckTest" name="logInError" time="4.769"/>
  <testcase classname="ananthuProject.Test.LoginCheckTest" name="logInError" time="3.685"/>
  <testcase classname="ananthuProject.Test.LoginCheckTest" name="logInError" time="3.835"/>
  <testcase classname="ananthuProject.Test.LoginCheckTest" name="logInError" time="2.912"/>
  <testcase classname="ananthuProject.Test.LoginCheckTest" name="passwordReset" time="4.656"/>
</testsuite> <!-- Unit -->
