<?xml version="1.0" encoding="UTF-8"?>
<!-- Generated by org.testng.reporters.JUnitXMLReporter -->
<testsuite ignored="0" hostname="LAPTOP-JFKQL1HG" failures="0" tests="5" name="Unit" time="42.546" errors="0" timestamp="2025-02-13T20:52:31 EST">
  <testcase classname="ananthuProject.Test.LoginCheckTest" name="logInError" time="3.054"/>
  <testcase classname="ananthuProject.Test.LoginCheckTest" name="logInError" time="3.035"/>
  <testcase classname="ananthuProject.Test.LoginCheckTest" name="logInError" time="1.782"/>
  <testcase classname="ananthuProject.Test.LoginCheckTest" name="logInError" time="2.192"/>
  <testcase classname="ananthuProject.Test.LoginCheckTest" name="passwordReset" time="1.639"/>
</testsuite> <!-- Unit -->
