<?xml version="1.0" encoding="UTF-8"?>
<!-- Generated by org.testng.reporters.JUnitXMLReporter -->
<testsuite ignored="0" hostname="LAPTOP-JFKQL1HG" failures="0" tests="9" name="Login Tests" time="112.828" errors="0" timestamp="2025-02-10T23:45:50 EST">
  <testcase classname="ananthuProject.Test.StandAloneTest" name="testUpdatingUserName" time="25.222"/>
  <testcase classname="ananthuProject.Test.StandAloneTest" name="searchNameInTimeSheet" time="6.862"/>
  <testcase classname="ananthuProject.Test.StandAloneTest" name="searchUpdatedUserFromDirectory" time="6.165"/>
  <testcase classname="ananthuProject.Test.LoginCheckTest" name="logInError" time="1.201"/>
  <testcase classname="ananthuProject.Test.LoginCheckTest" name="logInError" time="1.221"/>
  <testcase classname="ananthuProject.Test.LoginCheckTest" name="logInError" time="1.835"/>
  <testcase classname="ananthuProject.Test.LoginCheckTest" name="logInError" time="1.738"/>
  <testcase classname="ananthuProject.Test.LoginCheckTest" name="passwordReset" time="2.441"/>
  <testcase classname="ananthuProject.Test.RecordListTest" name="testTotalRecord" time="18.494"/>
</testsuite> <!-- Login Tests -->
