<?xml version="1.0" encoding="UTF-8"?>
<!-- Generated by org.testng.reporters.JUnitXMLReporter -->
<testsuite ignored="1" hostname="Ananthus-MacBook-Pro.local" failures="0" tests="8" name="Login Tests" time="54.227" errors="0" timestamp="2026-02-21T14:04:35 EST">
  <testcase classname="ananthuProject.Test.LoginCheckTest" name="logInError" time="1.728"/>
  <testcase classname="ananthuProject.Test.CheckVisibilityTest" name="checkTheVisibilityofH6" time="5.199"/>
  <testcase classname="ananthuProject.Test.PIMpageTest" name="testHelpButton" time="7.392"/>
  <testcase classname="ananthuProject.Test.LoginCheckTest" name="logInError" time="1.661"/>
  <testcase classname="ananthuProject.Test.LoginCheckTest" name="logInError" time="2.436"/>
  <testcase classname="ananthuProject.Test.LoginCheckTest" name="logInError" time="1.971"/>
  <testcase classname="ananthuProject.Test.CheckVisibilityTest" name="testTotalRecord" time="20.053"/>
  <testcase classname="ananthuProject.Test.APITest" name="APIstatusCheck" time="35.099"/>
  <testcase classname="ananthuProject.Test.LoginCheckTest" name="passwordReset" time="0.0">
    <ignored/>
  </testcase> <!-- passwordReset -->
</testsuite> <!-- Login Tests -->
