<?xml version="1.0" encoding="UTF-8"?>
<!-- Generated by org.testng.reporters.JUnitXMLReporter -->
<testsuite ignored="0" hostname="LAPTOP-JFKQL1HG" failures="0" tests="10" name="Login Tests" time="92.814" errors="0" timestamp="2025-02-13T19:34:32 EST">
  <testcase classname="ananthuProject.Test.StandAloneTest" name="testUpdatingUserName" time="21.439"/>
  <testcase classname="ananthuProject.Test.StandAloneTest" name="searchNameInTimeSheet" time="4.848"/>
  <testcase classname="ananthuProject.Test.StandAloneTest" name="searchUpdatedUserFromDirectory" time="5.913"/>
  <testcase classname="ananthuProject.Test.LoginCheckTest" name="logInError" time="1.051"/>
  <testcase classname="ananthuProject.Test.LoginCheckTest" name="logInError" time="1.1"/>
  <testcase classname="ananthuProject.Test.LoginCheckTest" name="logInError" time="1.132"/>
  <testcase classname="ananthuProject.Test.LoginCheckTest" name="logInError" time="1.131"/>
  <testcase classname="ananthuProject.Test.LoginCheckTest" name="passwordReset" time="1.801"/>
  <testcase classname="ananthuProject.Test.CheckVisibilityTest" name="checkTheVisibilityofH6" time="2.405"/>
  <testcase classname="ananthuProject.Test.CheckVisibilityTest" name="testTotalRecord" time="17.582"/>
</testsuite> <!-- Login Tests -->
