<!DOCTYPE html PUBLIC "-//W3C//DTD XHTML 1.1//EN" "https://www.w3.org/TR/xhtml11/DTD/xhtml11.dtd">
<html xmlns="https://www.w3.org/1999/xhtml">
<head>
<meta http-equiv="content-type" content="text/html; charset=UTF-8"/>
<title>TestNG Report</title>
<style type="text/css">table {margin-bottom:10px;border-collapse:collapse;empty-cells:show}th,td {border:1px solid #009;padding:.25em .5em}th {vertical-align:bottom}td {vertical-align:top}table a {font-weight:bold}.stripe td {background-color: #E6EBF9}.num {text-align:right}.passedodd td {background-color: #3F3}.passedeven td {background-color: #0A0}.skippedodd td {background-color: #DDD}.skippedeven td {background-color: #CCC}.failedodd td,.attn {background-color: #F33}.failedeven td,.stripe .attn {background-color: #D00}.stacktrace {white-space:pre;font-family:monospace}.totop {font-size:85%;text-align:center;border-bottom:2px solid #000}.invisible {display:none}</style>
</head>
<body>
<table>
<tr><th>Test</th><th># Passed</th><th># Skipped</th><th># Retried</th><th># Failed</th><th>Time (ms)</th><th>Included Groups</th><th>Excluded Groups</th></tr>
<tr><th colspan="8">Test Suite</th></tr>
<tr><td><a href="#t0">Login Tests</a></td><td class="num">8</td><td class="num attn">2</td><td class="num">0</td><td class="num attn">2</td><td class="num">237,804</td><td></td><td></td></tr>
</table>
<table id='summary'><thead><tr><th>Class</th><th>Method</th><th>Start</th><th>Time (ms)</th></tr></thead><tbody><tr><th colspan="4">Test Suite</th></tr></tbody><tbody id="t0"><tr><th colspan="4">Login Tests &#8212; failed</th></tr><tr class="failedeven"><td rowspan="1">ananthuProject.Test.LoginCheckTest</td><td><a href="#m0">passwordReset</a></td><td rowspan="1">1769371628070</td><td rowspan="1">62600</td></tr><tr class="failedodd"><td rowspan="1">ananthuProject.Test.StandAloneTest</td><td><a href="#m1">testUpdatingUserName</a></td><td rowspan="1">1769371570916</td><td rowspan="1">24619</td></tr><tr><th colspan="4">Login Tests &#8212; skipped</th></tr><tr class="skippedeven"><td rowspan="2">ananthuProject.Test.StandAloneTest</td><td><a href="#m2">searchNameInTimeSheet</a></td><td rowspan="1">1769371598875</td><td rowspan="1">0</td></tr><tr class="skippedeven"><td><a href="#m3">searchUpdatedUserFromDirectory</a></td><td rowspan="1">1769371598876</td><td rowspan="1">0</td></tr><tr><th colspan="4">Login Tests &#8212; passed</th></tr><tr class="passedeven"><td rowspan="1">ananthuProject.Test.APITest</td><td><a href="#m4">APIstatusCheck</a></td><td rowspan="1">1769371748055</td><td rowspan="1">54062</td></tr><tr class="passedodd"><td rowspan="2">ananthuProject.Test.CheckVisibilityTest</td><td><a href="#m5">checkTheVisibilityofH6</a></td><td rowspan="1">1769371696331</td><td rowspan="1">5874</td></tr><tr class="passedodd"><td><a href="#m6">testTotalRecord</a></td><td rowspan="1">1769371707086</td><td rowspan="1">17415</td></tr><tr class="passedeven"><td rowspan="4">ananthuProject.Test.LoginCheckTest</td><td><a href="#m7">logInError</a></td><td rowspan="4">1769371613822</td><td rowspan="4">2094</td></tr><tr class="passedeven"><td><a href="#m8">logInError</a></td></tr><tr class="passedeven"><td><a href="#m9">logInError</a></td></tr><tr class="passedeven"><td><a href="#m10">logInError</a></td></tr><tr class="passedodd"><td rowspan="1">ananthuProject.Test.PIMpageTest</td><td><a href="#m11">testHelpButton</a></td><td rowspan="1">1769371729496</td><td rowspan="1">12088</td></tr></tbody>
</table>
<h2>Login Tests</h2><h3 id="m0">ananthuProject.Test.LoginCheckTest#passwordReset</h3><table class="result"><tr><th>Exception</th></tr><tr><td><div class="stacktrace">org.openqa.selenium.TimeoutException: Expected condition failed: waiting for visibility of element located by By.xpath: //div/h6 (tried for 5 second(s) with 500 milliseconds interval)
Build info: version: &apos;4.27.0&apos;, revision: &apos;d6e718d134&apos;
System info: os.name: &apos;Mac OS X&apos;, os.arch: &apos;aarch64&apos;, os.version: &apos;26.2&apos;, java.version: &apos;21.0.6&apos;
Driver info: org.openqa.selenium.chrome.ChromeDriver
Capabilities {acceptInsecureCerts: false, browserName: chrome, browserVersion: 144.0.7559.97, chrome: {chromedriverVersion: 144.0.7559.96 (d7b80622cfab..., userDataDir: /var/folders/ls/9f0zxdtx351...}, fedcm:accounts: true, goog:chromeOptions: {debuggerAddress: localhost:50723}, goog:processID: 3361, networkConnectionEnabled: false, pageLoadStrategy: normal, platformName: mac, proxy: Proxy(), se:cdp: ws://localhost:50723/devtoo..., se:cdpVersion: 144.0.7559.97, setWindowRect: true, strictFileInteractability: false, timeouts: {implicit: 0, pageLoad: 300000, script: 30000}, unhandledPromptBehavior: dismiss and notify, webauthn:extension:credBlob: true, webauthn:extension:largeBlob: true, webauthn:extension:minPinLength: true, webauthn:extension:prf: true, webauthn:virtualAuthenticators: true}
Session ID: ff154742946def5a15089c5c2464be31
	at org.openqa.selenium.support.ui.WebDriverWait.timeoutException(WebDriverWait.java:84)
	at org.openqa.selenium.support.ui.FluentWait.until(FluentWait.java:228)
	at ananthuProject.AbstractComponent.AbstarctComponent.waitForElementToAppear(AbstarctComponent.java:27)
	at ananthuProject.pageobjects.PasswordResetPage.forgotPassword(PasswordResetPage.java:48)
	at ananthuProject.Test.LoginCheckTest.passwordReset(LoginCheckTest.java:40)
	at java.base/java.util.ArrayList.forEach(ArrayList.java:1596)
... Removed 29 stack frames</div></td></tr></table><p class="totop"><a href="#summary">back to summary</a></p>
<h3 id="m1">ananthuProject.Test.StandAloneTest#testUpdatingUserName</h3><table class="result"><tr><th>Exception</th></tr><tr><td><div class="stacktrace">java.lang.AssertionError: Name string is not same expected [sam davidtony] but found [manda user]
	at ananthuProject.Test.StandAloneTest.testUpdatingUserName(StandAloneTest.java:46)
	at java.base/java.util.ArrayList.forEach(ArrayList.java:1596)
... Removed 34 stack frames</div></td></tr></table><p class="totop"><a href="#summary">back to summary</a></p>
<h3 id="m2">ananthuProject.Test.StandAloneTest#searchNameInTimeSheet</h3><table class="result"><tr><th>Exception</th></tr><tr><td><div class="stacktrace">java.lang.Throwable: Method ananthuProject.Test.StandAloneTest.searchNameInTimeSheet() on instance ananthuProject.Test.StandAloneTest@1033576a depends on not successfully finished methods 
[ananthuProject.Test.StandAloneTest.testUpdatingUserName() on instance ananthuProject.Test.StandAloneTest@1033576a]
	at java.base/java.util.ArrayList.forEach(ArrayList.java:1596)
... Removed 22 stack frames</div></td></tr></table><p class="totop"><a href="#summary">back to summary</a></p>
<h3 id="m3">ananthuProject.Test.StandAloneTest#searchUpdatedUserFromDirectory</h3><table class="result"><tr><th>Exception</th></tr><tr><td><div class="stacktrace">java.lang.Throwable: Method ananthuProject.Test.StandAloneTest.searchUpdatedUserFromDirectory() on instance ananthuProject.Test.StandAloneTest@1033576a depends on not successfully finished methods 
[ananthuProject.Test.StandAloneTest.testUpdatingUserName() on instance ananthuProject.Test.StandAloneTest@1033576a]
	at java.base/java.util.ArrayList.forEach(ArrayList.java:1596)
... Removed 22 stack frames</div></td></tr></table><p class="totop"><a href="#summary">back to summary</a></p>
<h3 id="m4">ananthuProject.Test.APITest#APIstatusCheck</h3><table class="result"><tr><th class="invisible"/></tr></table><p class="totop"><a href="#summary">back to summary</a></p>
<h3 id="m5">ananthuProject.Test.CheckVisibilityTest#checkTheVisibilityofH6</h3><table class="result"><tr><th class="invisible"/></tr></table><p class="totop"><a href="#summary">back to summary</a></p>
<h3 id="m6">ananthuProject.Test.CheckVisibilityTest#testTotalRecord</h3><table class="result"><tr><th class="invisible"/></tr></table><p class="totop"><a href="#summary">back to summary</a></p>
<h3 id="m7">ananthuProject.Test.LoginCheckTest#logInError</h3><table class="result"><tr class="param"><th>Parameter #1</th><th>Parameter #2</th></tr><tr class="param stripe"><td>Admin</td><td>admin7777123</td></tr></table><p class="totop"><a href="#summary">back to summary</a></p>
<h3 id="m8">ananthuProject.Test.LoginCheckTest#logInError</h3><table class="result"><tr class="param"><th>Parameter #1</th><th>Parameter #2</th></tr><tr class="param stripe"><td>Ananthu</td><td>test123</td></tr></table><p class="totop"><a href="#summary">back to summary</a></p>
<h3 id="m9">ananthuProject.Test.LoginCheckTest#logInError</h3><table class="result"><tr class="param"><th>Parameter #1</th><th>Parameter #2</th></tr><tr class="param stripe"><td>jackson</td><td>test896</td></tr></table><p class="totop"><a href="#summary">back to summary</a></p>
<h3 id="m10">ananthuProject.Test.LoginCheckTest#logInError</h3><table class="result"><tr class="param"><th>Parameter #1</th><th>Parameter #2</th></tr><tr class="param stripe"><td>sdwdfsf</td><td>sdfsdfgdggdf</td></tr></table><p class="totop"><a href="#summary">back to summary</a></p>
<h3 id="m11">ananthuProject.Test.PIMpageTest#testHelpButton</h3><table class="result"><tr><th class="invisible"/></tr></table><p class="totop"><a href="#summary">back to summary</a></p>
</body>
</html>
