<?xml version="1.0" encoding="UTF-8"?>
<testng-results ignored="0" total="9" passed="8" failed="1" skipped="0">
  <reporter-output>
  </reporter-output>
  <suite started-at="2025-02-08T11:25:27 EST" name="Test Suite" finished-at="2025-02-08T11:27:23 EST" duration-ms="115590">
    <groups>
    </groups>
    <test started-at="2025-02-08T11:25:27 EST" name="Login Tests" finished-at="2025-02-08T11:27:23 EST" duration-ms="115590">
      <class name="ananthuProject.Test.LoginCheckTest">
        <test-method is-config="true" signature="launchApplication()[pri:0, instance:ananthuProject.Test.LoginCheckTest@465232e9]" started-at="2025-02-08T11:26:19 EST" name="launchApplication" finished-at="2025-02-08T11:26:23 EST" duration-ms="3685" status="PASS">
          <reporter-output>
          </reporter-output>
        </test-method> <!-- launchApplication -->
        <test-method signature="logInError(java.lang.String,java.lang.String)[pri:0, instance:ananthuProject.Test.LoginCheckTest@465232e9]" started-at="2025-02-08T11:26:23 EST" name="logInError" data-provider="getData" finished-at="2025-02-08T11:26:24 EST" duration-ms="1407" status="PASS">
          <params>
            <param index="0">
              <value>
                <![CDATA[sdfsf]]>
              </value>
            </param>
            <param index="1">
              <value>
                <![CDATA[dfg]]>
              </value>
            </param>
          </params>
          <reporter-output>
          </reporter-output>
        </test-method> <!-- logInError -->
        <test-method is-config="true" signature="closeBrowser()[pri:0, instance:ananthuProject.Test.LoginCheckTest@465232e9]" started-at="2025-02-08T11:26:24 EST" name="closeBrowser" finished-at="2025-02-08T11:26:24 EST" duration-ms="185" status="PASS">
          <reporter-output>
          </reporter-output>
        </test-method> <!-- closeBrowser -->
        <test-method is-config="true" signature="launchApplication()[pri:0, instance:ananthuProject.Test.LoginCheckTest@465232e9]" started-at="2025-02-08T11:26:24 EST" name="launchApplication" finished-at="2025-02-08T11:26:28 EST" duration-ms="3888" status="PASS">
          <reporter-output>
          </reporter-output>
        </test-method> <!-- launchApplication -->
        <test-method signature="logInError(java.lang.String,java.lang.String)[pri:0, instance:ananthuProject.Test.LoginCheckTest@465232e9]" started-at="2025-02-08T11:26:28 EST" name="logInError" data-provider="getData" finished-at="2025-02-08T11:26:29 EST" duration-ms="1241" status="PASS">
          <params>
            <param index="0">
              <value>
                <![CDATA[sdfsf]]>
              </value>
            </param>
            <param index="1">
              <value>
                <![CDATA[sdfdfgdsdf]]>
              </value>
            </param>
          </params>
          <reporter-output>
          </reporter-output>
        </test-method> <!-- logInError -->
        <test-method is-config="true" signature="closeBrowser()[pri:0, instance:ananthuProject.Test.LoginCheckTest@465232e9]" started-at="2025-02-08T11:26:29 EST" name="closeBrowser" finished-at="2025-02-08T11:26:29 EST" duration-ms="150" status="PASS">
          <reporter-output>
          </reporter-output>
        </test-method> <!-- closeBrowser -->
        <test-method is-config="true" signature="launchApplication()[pri:0, instance:ananthuProject.Test.LoginCheckTest@465232e9]" started-at="2025-02-08T11:26:29 EST" name="launchApplication" finished-at="2025-02-08T11:26:33 EST" duration-ms="3889" status="PASS">
          <reporter-output>
          </reporter-output>
        </test-method> <!-- launchApplication -->
        <test-method signature="logInError(java.lang.String,java.lang.String)[pri:0, instance:ananthuProject.Test.LoginCheckTest@465232e9]" started-at="2025-02-08T11:26:33 EST" name="logInError" data-provider="getData" finished-at="2025-02-08T11:26:35 EST" duration-ms="1320" status="PASS">
          <params>
            <param index="0">
              <value>
                <![CDATA[sdwdfsf]]>
              </value>
            </param>
            <param index="1">
              <value>
                <![CDATA[sdfsdfgdggdf]]>
              </value>
            </param>
          </params>
          <reporter-output>
          </reporter-output>
        </test-method> <!-- logInError -->
        <test-method is-config="true" signature="closeBrowser()[pri:0, instance:ananthuProject.Test.LoginCheckTest@465232e9]" started-at="2025-02-08T11:26:35 EST" name="closeBrowser" finished-at="2025-02-08T11:26:35 EST" duration-ms="92" status="PASS">
          <reporter-output>
          </reporter-output>
        </test-method> <!-- closeBrowser -->
        <test-method is-config="true" signature="launchApplication()[pri:0, instance:ananthuProject.Test.LoginCheckTest@465232e9]" started-at="2025-02-08T11:26:35 EST" name="launchApplication" finished-at="2025-02-08T11:26:38 EST" duration-ms="3791" status="PASS">
          <reporter-output>
          </reporter-output>
        </test-method> <!-- launchApplication -->
        <test-method signature="logInError(java.lang.String,java.lang.String)[pri:0, instance:ananthuProject.Test.LoginCheckTest@465232e9]" started-at="2025-02-08T11:26:38 EST" name="logInError" data-provider="getData" finished-at="2025-02-08T11:26:50 EST" duration-ms="11533" status="FAIL">
          <params>
            <param index="0">
              <value>
                <![CDATA[Admin]]>
              </value>
            </param>
            <param index="1">
              <value>
                <![CDATA[admin123]]>
              </value>
            </param>
          </params>
          <exception class="org.openqa.selenium.NoSuchElementException">
            <message>
              <![CDATA[no such element: Unable to locate element: {"method":"css selector","selector":"p[class='oxd-text oxd-text--p oxd-alert-content-text']"}
  (Session info: chrome=114.0.5735.110)
For documentation on this error, please visit: https://www.selenium.dev/documentation/webdriver/troubleshooting/errors#no-such-element-exception
Build info: version: '4.27.0', revision: 'd6e718d134'
System info: os.name: 'Windows 11', os.arch: 'amd64', os.version: '10.0', java.version: '23'
Driver info: org.openqa.selenium.chrome.ChromeDriver
Command: [756eb0e59dae113e92cb2f83cc2242f1, findElement {value=p[class='oxd-text oxd-text--p oxd-alert-content-text'], using=css selector}]
Capabilities {acceptInsecureCerts: false, browserName: chrome, browserVersion: 114.0.5735.110, chrome: {chromedriverVersion: 114.0.5735.90 (386bc09e8f4f..., userDataDir: C:\Users\gopik\AppData\Loca...}, goog:chromeOptions: {debuggerAddress: localhost:2536}, networkConnectionEnabled: false, pageLoadStrategy: normal, platformName: windows, proxy: Proxy(), se:cdp: ws://localhost:2536/devtool..., se:cdpVersion: 114.0.5735.110, setWindowRect: true, strictFileInteractability: false, timeouts: {implicit: 0, pageLoad: 300000, script: 30000}, unhandledPromptBehavior: dismiss and notify, webauthn:extension:credBlob: true, webauthn:extension:largeBlob: true, webauthn:extension:minPinLength: true, webauthn:extension:prf: true, webauthn:virtualAuthenticators: true}
Session ID: 756eb0e59dae113e92cb2f83cc2242f1]]>
            </message>
            <full-stacktrace>
              <![CDATA[org.openqa.selenium.NoSuchElementException: no such element: Unable to locate element: {"method":"css selector","selector":"p[class='oxd-text oxd-text--p oxd-alert-content-text']"}
  (Session info: chrome=114.0.5735.110)
For documentation on this error, please visit: https://www.selenium.dev/documentation/webdriver/troubleshooting/errors#no-such-element-exception
Build info: version: '4.27.0', revision: 'd6e718d134'
System info: os.name: 'Windows 11', os.arch: 'amd64', os.version: '10.0', java.version: '23'
Driver info: org.openqa.selenium.chrome.ChromeDriver
Command: [756eb0e59dae113e92cb2f83cc2242f1, findElement {value=p[class='oxd-text oxd-text--p oxd-alert-content-text'], using=css selector}]
Capabilities {acceptInsecureCerts: false, browserName: chrome, browserVersion: 114.0.5735.110, chrome: {chromedriverVersion: 114.0.5735.90 (386bc09e8f4f..., userDataDir: C:\Users\gopik\AppData\Loca...}, goog:chromeOptions: {debuggerAddress: localhost:2536}, networkConnectionEnabled: false, pageLoadStrategy: normal, platformName: windows, proxy: Proxy(), se:cdp: ws://localhost:2536/devtool..., se:cdpVersion: 114.0.5735.110, setWindowRect: true, strictFileInteractability: false, timeouts: {implicit: 0, pageLoad: 300000, script: 30000}, unhandledPromptBehavior: dismiss and notify, webauthn:extension:credBlob: true, webauthn:extension:largeBlob: true, webauthn:extension:minPinLength: true, webauthn:extension:prf: true, webauthn:virtualAuthenticators: true}
Session ID: 756eb0e59dae113e92cb2f83cc2242f1
at java.base/jdk.internal.reflect.DirectConstructorHandleAccessor.newInstance(DirectConstructorHandleAccessor.java:62)
at java.base/java.lang.reflect.Constructor.newInstanceWithCaller(Constructor.java:501)
at java.base/java.lang.reflect.Constructor.newInstance(Constructor.java:485)
at org.openqa.selenium.remote.ErrorCodec.decode(ErrorCodec.java:167)
at org.openqa.selenium.remote.codec.w3c.W3CHttpResponseCodec.decode(W3CHttpResponseCodec.java:138)
at org.openqa.selenium.remote.codec.w3c.W3CHttpResponseCodec.decode(W3CHttpResponseCodec.java:50)
at org.openqa.selenium.remote.HttpCommandExecutor.execute(HttpCommandExecutor.java:190)
at org.openqa.selenium.remote.service.DriverCommandExecutor.invokeExecute(DriverCommandExecutor.java:216)
at org.openqa.selenium.remote.service.DriverCommandExecutor.execute(DriverCommandExecutor.java:174)
at org.openqa.selenium.remote.RemoteWebDriver.execute(RemoteWebDriver.java:545)
at org.openqa.selenium.remote.ElementLocation$ElementFinder$2.findElement(ElementLocation.java:165)
at org.openqa.selenium.remote.ElementLocation.findElement(ElementLocation.java:59)
at org.openqa.selenium.remote.RemoteWebDriver.findElement(RemoteWebDriver.java:368)
at org.openqa.selenium.remote.RemoteWebDriver.findElement(RemoteWebDriver.java:362)
at org.openqa.selenium.support.pagefactory.DefaultElementLocator.findElement(DefaultElementLocator.java:68)
at org.openqa.selenium.support.pagefactory.internal.LocatingElementHandler.invoke(LocatingElementHandler.java:38)
at jdk.proxy2/jdk.proxy2.$Proxy12.getText(Unknown Source)
at ananthuProject.pageobjects.LandingPage.invalidCredentials(LandingPage.java:60)
at ananthuProject.Test.LoginCheckTest.logInError(LoginCheckTest.java:24)
at java.base/jdk.internal.reflect.DirectMethodHandleAccessor.invoke(DirectMethodHandleAccessor.java:103)
at java.base/java.lang.reflect.Method.invoke(Method.java:580)
at org.testng.internal.invokers.MethodInvocationHelper.invokeMethod(MethodInvocationHelper.java:141)
at org.testng.internal.invokers.TestInvoker.invokeMethod(TestInvoker.java:686)
at org.testng.internal.invokers.TestInvoker.invokeTestMethod(TestInvoker.java:230)
at org.testng.internal.invokers.MethodRunner.runInSequence(MethodRunner.java:63)
at org.testng.internal.invokers.TestInvoker$MethodInvocationAgent.invoke(TestInvoker.java:992)
at org.testng.internal.invokers.TestInvoker.invokeTestMethods(TestInvoker.java:203)
at org.testng.internal.invokers.TestMethodWorker.invokeTestMethods(TestMethodWorker.java:154)
at org.testng.internal.invokers.TestMethodWorker.run(TestMethodWorker.java:134)
at java.base/java.util.ArrayList.forEach(ArrayList.java:1597)
at org.testng.TestRunner.privateRun(TestRunner.java:739)
at org.testng.TestRunner.run(TestRunner.java:614)
at org.testng.SuiteRunner.runTest(SuiteRunner.java:421)
at org.testng.SuiteRunner.runSequentially(SuiteRunner.java:413)
at org.testng.SuiteRunner.privateRun(SuiteRunner.java:373)
at org.testng.SuiteRunner.run(SuiteRunner.java:312)
at org.testng.SuiteRunnerWorker.runSuite(SuiteRunnerWorker.java:52)
at org.testng.SuiteRunnerWorker.run(SuiteRunnerWorker.java:95)
at org.testng.TestNG.runSuitesSequentially(TestNG.java:1274)
at org.testng.TestNG.runSuitesLocally(TestNG.java:1208)
at org.testng.TestNG.runSuites(TestNG.java:1112)
at org.testng.TestNG.run(TestNG.java:1079)
at org.apache.maven.surefire.testng.TestNGExecutor.run(TestNGExecutor.java:308)
at org.apache.maven.surefire.testng.TestNGXmlTestSuite.execute(TestNGXmlTestSuite.java:71)
at org.apache.maven.surefire.testng.TestNGProvider.invoke(TestNGProvider.java:113)
at org.apache.maven.surefire.booter.ForkedBooter.runSuitesInProcess(ForkedBooter.java:385)
at org.apache.maven.surefire.booter.ForkedBooter.execute(ForkedBooter.java:162)
at org.apache.maven.surefire.booter.ForkedBooter.run(ForkedBooter.java:507)
at org.apache.maven.surefire.booter.ForkedBooter.main(ForkedBooter.java:495)
]]>
            </full-stacktrace>
          </exception> <!-- org.openqa.selenium.NoSuchElementException -->
          <reporter-output>
          </reporter-output>
        </test-method> <!-- logInError -->
        <test-method is-config="true" signature="closeBrowser()[pri:0, instance:ananthuProject.Test.LoginCheckTest@465232e9]" started-at="2025-02-08T11:26:52 EST" name="closeBrowser" finished-at="2025-02-08T11:26:53 EST" duration-ms="679" status="PASS">
          <reporter-output>
          </reporter-output>
        </test-method> <!-- closeBrowser -->
        <test-method is-config="true" signature="launchApplication()[pri:0, instance:ananthuProject.Test.LoginCheckTest@465232e9]" started-at="2025-02-08T11:26:53 EST" name="launchApplication" finished-at="2025-02-08T11:26:57 EST" duration-ms="4372" status="PASS">
          <reporter-output>
          </reporter-output>
        </test-method> <!-- launchApplication -->
        <test-method signature="passwordReset()[pri:0, instance:ananthuProject.Test.LoginCheckTest@465232e9]" started-at="2025-02-08T11:26:57 EST" name="passwordReset" finished-at="2025-02-08T11:26:59 EST" duration-ms="2059" status="PASS">
          <reporter-output>
          </reporter-output>
        </test-method> <!-- passwordReset -->
        <test-method is-config="true" signature="closeBrowser()[pri:0, instance:ananthuProject.Test.LoginCheckTest@465232e9]" started-at="2025-02-08T11:26:59 EST" name="closeBrowser" finished-at="2025-02-08T11:26:59 EST" duration-ms="122" status="PASS">
          <reporter-output>
          </reporter-output>
        </test-method> <!-- closeBrowser -->
      </class> <!-- ananthuProject.Test.LoginCheckTest -->
      <class name="ananthuProject.Test.RecordListTest">
        <test-method is-config="true" signature="launchApplication()[pri:0, instance:ananthuProject.Test.RecordListTest@798162bc]" started-at="2025-02-08T11:26:59 EST" name="launchApplication" finished-at="2025-02-08T11:27:03 EST" duration-ms="3953" status="PASS">
          <reporter-output>
          </reporter-output>
        </test-method> <!-- launchApplication -->
        <test-method signature="testTotalRecord()[pri:0, instance:ananthuProject.Test.RecordListTest@798162bc]" started-at="2025-02-08T11:27:03 EST" name="testTotalRecord" finished-at="2025-02-08T11:27:23 EST" duration-ms="19179" status="PASS">
          <reporter-output>
          </reporter-output>
        </test-method> <!-- testTotalRecord -->
        <test-method is-config="true" signature="closeBrowser()[pri:0, instance:ananthuProject.Test.RecordListTest@798162bc]" started-at="2025-02-08T11:27:23 EST" name="closeBrowser" finished-at="2025-02-08T11:27:23 EST" duration-ms="161" status="PASS">
          <reporter-output>
          </reporter-output>
        </test-method> <!-- closeBrowser -->
      </class> <!-- ananthuProject.Test.RecordListTest -->
      <class name="ananthuProject.Test.StandAloneTest">
        <test-method is-config="true" signature="launchApplication()[pri:0, instance:ananthuProject.Test.StandAloneTest@624ea235]" started-at="2025-02-08T11:25:27 EST" name="launchApplication" finished-at="2025-02-08T11:25:35 EST" duration-ms="7880" status="PASS">
          <reporter-output>
          </reporter-output>
        </test-method> <!-- launchApplication -->
        <test-method signature="testUpdatingUserName()[pri:0, instance:ananthuProject.Test.StandAloneTest@624ea235]" started-at="2025-02-08T11:25:35 EST" name="testUpdatingUserName" finished-at="2025-02-08T11:25:58 EST" duration-ms="22776" status="PASS">
          <reporter-output>
          </reporter-output>
        </test-method> <!-- testUpdatingUserName -->
        <test-method is-config="true" signature="closeBrowser()[pri:0, instance:ananthuProject.Test.StandAloneTest@624ea235]" started-at="2025-02-08T11:25:58 EST" name="closeBrowser" finished-at="2025-02-08T11:25:58 EST" duration-ms="241" status="PASS">
          <reporter-output>
          </reporter-output>
        </test-method> <!-- closeBrowser -->
        <test-method is-config="true" signature="launchApplication()[pri:0, instance:ananthuProject.Test.StandAloneTest@624ea235]" started-at="2025-02-08T11:25:58 EST" name="launchApplication" finished-at="2025-02-08T11:26:02 EST" duration-ms="4049" status="PASS">
          <reporter-output>
          </reporter-output>
        </test-method> <!-- launchApplication -->
        <test-method signature="searchNameInTimeSheet()[pri:0, instance:ananthuProject.Test.StandAloneTest@624ea235]" started-at="2025-02-08T11:26:02 EST" name="searchNameInTimeSheet" finished-at="2025-02-08T11:26:08 EST" depends-on-methods="ananthuProject.Test.StandAloneTest.testUpdatingUserName" duration-ms="5810" status="PASS">
          <reporter-output>
          </reporter-output>
        </test-method> <!-- searchNameInTimeSheet -->
        <test-method is-config="true" signature="closeBrowser()[pri:0, instance:ananthuProject.Test.StandAloneTest@624ea235]" started-at="2025-02-08T11:26:08 EST" name="closeBrowser" finished-at="2025-02-08T11:26:08 EST" duration-ms="180" status="PASS">
          <reporter-output>
          </reporter-output>
        </test-method> <!-- closeBrowser -->
        <test-method is-config="true" signature="launchApplication()[pri:0, instance:ananthuProject.Test.StandAloneTest@624ea235]" started-at="2025-02-08T11:26:08 EST" name="launchApplication" finished-at="2025-02-08T11:26:12 EST" duration-ms="4171" status="PASS">
          <reporter-output>
          </reporter-output>
        </test-method> <!-- launchApplication -->
        <test-method signature="searchUpdatedUserFromDirectory()[pri:0, instance:ananthuProject.Test.StandAloneTest@624ea235]" started-at="2025-02-08T11:26:12 EST" name="searchUpdatedUserFromDirectory" finished-at="2025-02-08T11:26:19 EST" depends-on-methods="ananthuProject.Test.StandAloneTest.testUpdatingUserName" duration-ms="6321" status="PASS">
          <reporter-output>
          </reporter-output>
        </test-method> <!-- searchUpdatedUserFromDirectory -->
        <test-method is-config="true" signature="closeBrowser()[pri:0, instance:ananthuProject.Test.StandAloneTest@624ea235]" started-at="2025-02-08T11:26:19 EST" name="closeBrowser" finished-at="2025-02-08T11:26:19 EST" duration-ms="184" status="PASS">
          <reporter-output>
          </reporter-output>
        </test-method> <!-- closeBrowser -->
      </class> <!-- ananthuProject.Test.StandAloneTest -->
    </test> <!-- Login Tests -->
  </suite> <!-- Test Suite -->
</testng-results>
