<?xml version="1.0" encoding="UTF-8"?>
<testsuite xmlns:xsi="http://www.w3.org/2001/XMLSchema-instance" xsi:noNamespaceSchemaLocation="https://maven.apache.org/surefire/maven-surefire-plugin/xsd/surefire-test-report.xsd" version="3.0.2" name="TestSuite" time="169.915" tests="20" errors="0" skipped="0" failures="0">
  <properties>
[...]
</properties>
  <testcase name="testUpdatingUserName" classname="ananthuProject.Test.StandAloneTest" time="21.924">
    <system-err><![CDATA[SLF4J: No SLF4J providers were found.
SLF4J: Defaulting to no-operation (NOP) logger implementation
SLF4J: See https://www.slf4j.org/codes.html#noProviders for further details.
Feb 23, 2025 5:02:16 PM org.openqa.selenium.devtools.CdpVersionFinder findNearestMatch
WARNING: Unable to find an exact match for CDP version 133, returning the closest version; found: 131; Please update to a Selenium version that supports CDP version 133
]]></system-err>
  </testcase>
  <testcase name="searchNameInTimeSheet" classname="ananthuProject.Test.StandAloneTest" time="5.288">
    <system-err><![CDATA[Feb 23, 2025 5:02:42 PM org.openqa.selenium.devtools.CdpVersionFinder findNearestMatch
WARNING: Unable to find an exact match for CDP version 133, returning the closest version; found: 131; Please update to a Selenium version that supports CDP version 133
]]></system-err>
  </testcase>
  <testcase name="searchUpdatedUserFromDirectory" classname="ananthuProject.Test.StandAloneTest" time="5.973">
    <system-err><![CDATA[Feb 23, 2025 5:02:51 PM org.openqa.selenium.devtools.CdpVersionFinder findNearestMatch
WARNING: Unable to find an exact match for CDP version 133, returning the closest version; found: 131; Please update to a Selenium version that supports CDP version 133
]]></system-err>
  </testcase>
  <testcase name="logInError[Ananthu, test123](1)" classname="ananthuProject.Test.LoginCheckTest" time="1.14">
    <system-err><![CDATA[Feb 23, 2025 5:03:01 PM org.openqa.selenium.devtools.CdpVersionFinder findNearestMatch
WARNING: Unable to find an exact match for CDP version 133, returning the closest version; found: 131; Please update to a Selenium version that supports CDP version 133
]]></system-err>
  </testcase>
  <testcase name="logInError[jackson, test896](2)" classname="ananthuProject.Test.LoginCheckTest" time="1.249">
    <system-err><![CDATA[Feb 23, 2025 5:03:06 PM org.openqa.selenium.devtools.CdpVersionFinder findNearestMatch
WARNING: Unable to find an exact match for CDP version 133, returning the closest version; found: 131; Please update to a Selenium version that supports CDP version 133
]]></system-err>
  </testcase>
  <testcase name="logInError[Test, ananthu](3)" classname="ananthuProject.Test.LoginCheckTest" time="1.149">
    <system-err><![CDATA[Feb 23, 2025 5:03:10 PM org.openqa.selenium.devtools.CdpVersionFinder findNearestMatch
WARNING: Unable to find an exact match for CDP version 133, returning the closest version; found: 131; Please update to a Selenium version that supports CDP version 133
]]></system-err>
  </testcase>
  <testcase name="logInError[sdwdfsf, sdfsdfgdggdf](4)" classname="ananthuProject.Test.LoginCheckTest" time="1.087">
    <system-err><![CDATA[Feb 23, 2025 5:03:15 PM org.openqa.selenium.devtools.CdpVersionFinder findNearestMatch
WARNING: Unable to find an exact match for CDP version 133, returning the closest version; found: 131; Please update to a Selenium version that supports CDP version 133
]]></system-err>
  </testcase>
  <testcase name="logInWithDataBaseCredentials[ananthu, anan123](1)" classname="ananthuProject.Test.LoginCheckTest" time="1.134">
    <system-err><![CDATA[Feb 23, 2025 5:03:20 PM org.openqa.selenium.devtools.CdpVersionFinder findNearestMatch
WARNING: Unable to find an exact match for CDP version 133, returning the closest version; found: 131; Please update to a Selenium version that supports CDP version 133
]]></system-err>
  </testcase>
  <testcase name="logInWithDataBaseCredentials[gopika, gopika123](2)" classname="ananthuProject.Test.LoginCheckTest" time="1.111">
    <system-err><![CDATA[Feb 23, 2025 5:03:25 PM org.openqa.selenium.devtools.CdpVersionFinder findNearestMatch
WARNING: Unable to find an exact match for CDP version 133, returning the closest version; found: 131; Please update to a Selenium version that supports CDP version 133
]]></system-err>
  </testcase>
  <testcase name="logInWithDataBaseCredentials[dhanush, dhan123](3)" classname="ananthuProject.Test.LoginCheckTest" time="1.222">
    <system-err><![CDATA[Feb 23, 2025 5:03:30 PM org.openqa.selenium.devtools.CdpVersionFinder findNearestMatch
WARNING: Unable to find an exact match for CDP version 133, returning the closest version; found: 131; Please update to a Selenium version that supports CDP version 133
]]></system-err>
  </testcase>
  <testcase name="logInWithDataBaseCredentials[vijay, vij123](4)" classname="ananthuProject.Test.LoginCheckTest" time="1.102">
    <system-err><![CDATA[Feb 23, 2025 5:03:35 PM org.openqa.selenium.devtools.CdpVersionFinder findNearestMatch
WARNING: Unable to find an exact match for CDP version 133, returning the closest version; found: 131; Please update to a Selenium version that supports CDP version 133
]]></system-err>
  </testcase>
  <testcase name="logInWithDataBaseCredentials[sureshgobi, sure123](5)" classname="ananthuProject.Test.LoginCheckTest" time="1.092">
    <system-err><![CDATA[Feb 23, 2025 5:03:40 PM org.openqa.selenium.devtools.CdpVersionFinder findNearestMatch
WARNING: Unable to find an exact match for CDP version 133, returning the closest version; found: 131; Please update to a Selenium version that supports CDP version 133
]]></system-err>
  </testcase>
  <testcase name="logInWithDataBaseCredentials[dileep, dil123](6)" classname="ananthuProject.Test.LoginCheckTest" time="1.095">
    <system-err><![CDATA[Feb 23, 2025 5:03:45 PM org.openqa.selenium.devtools.CdpVersionFinder findNearestMatch
WARNING: Unable to find an exact match for CDP version 133, returning the closest version; found: 131; Please update to a Selenium version that supports CDP version 133
]]></system-err>
  </testcase>
  <testcase name="logInWithDataBaseCredentials[manju, manj123](7)" classname="ananthuProject.Test.LoginCheckTest" time="1.107">
    <system-err><![CDATA[Feb 23, 2025 5:03:49 PM org.openqa.selenium.devtools.CdpVersionFinder findNearestMatch
WARNING: Unable to find an exact match for CDP version 133, returning the closest version; found: 131; Please update to a Selenium version that supports CDP version 133
]]></system-err>
  </testcase>
  <testcase name="logInWithDataBaseCredentials[tony, anan123](8)" classname="ananthuProject.Test.LoginCheckTest" time="1.086">
    <system-err><![CDATA[Feb 23, 2025 5:03:54 PM org.openqa.selenium.devtools.CdpVersionFinder findNearestMatch
WARNING: Unable to find an exact match for CDP version 133, returning the closest version; found: 131; Please update to a Selenium version that supports CDP version 133
]]></system-err>
  </testcase>
  <testcase name="passwordReset" classname="ananthuProject.Test.LoginCheckTest" time="1.609">
    <system-err><![CDATA[Feb 23, 2025 5:03:59 PM org.openqa.selenium.devtools.CdpVersionFinder findNearestMatch
WARNING: Unable to find an exact match for CDP version 133, returning the closest version; found: 131; Please update to a Selenium version that supports CDP version 133
]]></system-err>
  </testcase>
  <testcase name="checkTheVisibilityofH6" classname="ananthuProject.Test.CheckVisibilityTest" time="2.595">
    <system-err><![CDATA[Feb 23, 2025 5:04:05 PM org.openqa.selenium.devtools.CdpVersionFinder findNearestMatch
WARNING: Unable to find an exact match for CDP version 133, returning the closest version; found: 131; Please update to a Selenium version that supports CDP version 133
]]></system-err>
  </testcase>
  <testcase name="testTotalRecord" classname="ananthuProject.Test.CheckVisibilityTest" time="16.511">
    <system-err><![CDATA[Feb 23, 2025 5:04:13 PM org.openqa.selenium.devtools.CdpVersionFinder findNearestMatch
WARNING: Unable to find an exact match for CDP version 133, returning the closest version; found: 131; Please update to a Selenium version that supports CDP version 133
]]></system-err>
  </testcase>
  <testcase name="testHelpButton" classname="ananthuProject.Test.PIMpageTest" time="5.082">
    <system-out><![CDATA[How to Filter the Employee List – OrangeHRM
]]></system-out>
    <system-err><![CDATA[Feb 23, 2025 5:04:34 PM org.openqa.selenium.devtools.CdpVersionFinder findNearestMatch
WARNING: Unable to find an exact match for CDP version 133, returning the closest version; found: 131; Please update to a Selenium version that supports CDP version 133
]]></system-err>
  </testcase>
  <testcase name="APIstatusCheck" classname="ananthuProject.Test.APITest" time="9.554">
    <system-out><![CDATA[https://opensource-demo.orangehrmlive.com/web/index.php/admin/viewAdminModule
200
1740348285000
OK
https://opensource-demo.orangehrmlive.com/web/index.php/pim/viewPimModule
200
1740348286000
OK
https://opensource-demo.orangehrmlive.com/web/index.php/leave/viewLeaveModule
200
1740348286000
OK
https://opensource-demo.orangehrmlive.com/web/index.php/time/viewTimeModule
200
1740348287000
OK
https://opensource-demo.orangehrmlive.com/web/index.php/recruitment/viewRecruitmentModule
200
1740348288000
OK
https://opensource-demo.orangehrmlive.com/web/index.php/pim/viewMyDetails
200
1740348288000
OK
https://opensource-demo.orangehrmlive.com/web/index.php/performance/viewPerformanceModule
200
1740348289000
OK
https://opensource-demo.orangehrmlive.com/web/index.php/dashboard/index
200
1740348289000
OK
https://opensource-demo.orangehrmlive.com/web/index.php/directory/viewDirectory
200
1740348290000
OK
https://opensource-demo.orangehrmlive.com/web/index.php/maintenance/viewMaintenanceModule
200
1740348291000
OK
https://opensource-demo.orangehrmlive.com/web/index.php/claim/viewClaimModule
200
1740348291000
OK
https://opensource-demo.orangehrmlive.com/web/index.php/buzz/viewBuzz
200
1740348292000
OK
]]></system-out>
    <system-err><![CDATA[Feb 23, 2025 5:04:43 PM org.openqa.selenium.devtools.CdpVersionFinder findNearestMatch
WARNING: Unable to find an exact match for CDP version 133, returning the closest version; found: 131; Please update to a Selenium version that supports CDP version 133
]]></system-err>
  </testcase>
</testsuite>