<?xml version="1.0" encoding="UTF-8"?>
<testng-results ignored="0" total="20" passed="20" failed="0" skipped="0">
  <reporter-output>
  </reporter-output>
  <suite started-at="2025-02-23T17:02:07 EST" name="Test Suite" finished-at="2025-02-23T17:04:55 EST" duration-ms="168170">
    <groups>
    </groups>
    <test started-at="2025-02-23T17:02:07 EST" name="Login Tests" finished-at="2025-02-23T17:04:55 EST" duration-ms="168170">
      <class name="ananthuProject.Test.LoginCheckTest">
        <test-method is-config="true" signature="launchApplication()[pri:0, instance:ananthuProject.Test.LoginCheckTest@1b1cfb87]" started-at="2025-02-23T17:02:59 EST" name="launchApplication" finished-at="2025-02-23T17:03:02 EST" duration-ms="2454" status="PASS">
          <reporter-output>
          </reporter-output>
        </test-method> <!-- launchApplication -->
        <test-method signature="logInError(java.lang.String,java.lang.String)[pri:0, instance:ananthuProject.Test.LoginCheckTest@1b1cfb87]" started-at="2025-02-23T17:03:02 EST" name="logInError" data-provider="getData" finished-at="2025-02-23T17:03:03 EST" duration-ms="1140" status="PASS">
          <params>
            <param index="0">
              <value>
                <![CDATA[Ananthu]]>
              </value>
            </param>
            <param index="1">
              <value>
                <![CDATA[test123]]>
              </value>
            </param>
          </params>
          <reporter-output>
          </reporter-output>
        </test-method> <!-- logInError -->
        <test-method is-config="true" signature="closeBrowser()[pri:0, instance:ananthuProject.Test.LoginCheckTest@1b1cfb87]" started-at="2025-02-23T17:03:03 EST" name="closeBrowser" finished-at="2025-02-23T17:03:04 EST" duration-ms="1364" status="PASS">
          <reporter-output>
          </reporter-output>
        </test-method> <!-- closeBrowser -->
        <test-method is-config="true" signature="launchApplication()[pri:0, instance:ananthuProject.Test.LoginCheckTest@1b1cfb87]" started-at="2025-02-23T17:03:04 EST" name="launchApplication" finished-at="2025-02-23T17:03:07 EST" duration-ms="2561" status="PASS">
          <reporter-output>
          </reporter-output>
        </test-method> <!-- launchApplication -->
        <test-method signature="logInError(java.lang.String,java.lang.String)[pri:0, instance:ananthuProject.Test.LoginCheckTest@1b1cfb87]" started-at="2025-02-23T17:03:07 EST" name="logInError" data-provider="getData" finished-at="2025-02-23T17:03:08 EST" duration-ms="1249" status="PASS">
          <params>
            <param index="0">
              <value>
                <![CDATA[jackson]]>
              </value>
            </param>
            <param index="1">
              <value>
                <![CDATA[test896]]>
              </value>
            </param>
          </params>
          <reporter-output>
          </reporter-output>
        </test-method> <!-- logInError -->
        <test-method is-config="true" signature="closeBrowser()[pri:0, instance:ananthuProject.Test.LoginCheckTest@1b1cfb87]" started-at="2025-02-23T17:03:08 EST" name="closeBrowser" finished-at="2025-02-23T17:03:09 EST" duration-ms="778" status="PASS">
          <reporter-output>
          </reporter-output>
        </test-method> <!-- closeBrowser -->
        <test-method is-config="true" signature="launchApplication()[pri:0, instance:ananthuProject.Test.LoginCheckTest@1b1cfb87]" started-at="2025-02-23T17:03:09 EST" name="launchApplication" finished-at="2025-02-23T17:03:11 EST" duration-ms="2333" status="PASS">
          <reporter-output>
          </reporter-output>
        </test-method> <!-- launchApplication -->
        <test-method signature="logInError(java.lang.String,java.lang.String)[pri:0, instance:ananthuProject.Test.LoginCheckTest@1b1cfb87]" started-at="2025-02-23T17:03:11 EST" name="logInError" data-provider="getData" finished-at="2025-02-23T17:03:12 EST" duration-ms="1149" status="PASS">
          <params>
            <param index="0">
              <value>
                <![CDATA[Test]]>
              </value>
            </param>
            <param index="1">
              <value>
                <![CDATA[ananthu]]>
              </value>
            </param>
          </params>
          <reporter-output>
          </reporter-output>
        </test-method> <!-- logInError -->
        <test-method is-config="true" signature="closeBrowser()[pri:0, instance:ananthuProject.Test.LoginCheckTest@1b1cfb87]" started-at="2025-02-23T17:03:12 EST" name="closeBrowser" finished-at="2025-02-23T17:03:14 EST" duration-ms="1353" status="PASS">
          <reporter-output>
          </reporter-output>
        </test-method> <!-- closeBrowser -->
        <test-method is-config="true" signature="launchApplication()[pri:0, instance:ananthuProject.Test.LoginCheckTest@1b1cfb87]" started-at="2025-02-23T17:03:14 EST" name="launchApplication" finished-at="2025-02-23T17:03:16 EST" duration-ms="2417" status="PASS">
          <reporter-output>
          </reporter-output>
        </test-method> <!-- launchApplication -->
        <test-method signature="logInError(java.lang.String,java.lang.String)[pri:0, instance:ananthuProject.Test.LoginCheckTest@1b1cfb87]" started-at="2025-02-23T17:03:16 EST" name="logInError" data-provider="getData" finished-at="2025-02-23T17:03:17 EST" duration-ms="1087" status="PASS">
          <params>
            <param index="0">
              <value>
                <![CDATA[sdwdfsf]]>
              </value>
            </param>
            <param index="1">
              <value>
                <![CDATA[sdfsdfgdggdf]]>
              </value>
            </param>
          </params>
          <reporter-output>
          </reporter-output>
        </test-method> <!-- logInError -->
        <test-method is-config="true" signature="closeBrowser()[pri:0, instance:ananthuProject.Test.LoginCheckTest@1b1cfb87]" started-at="2025-02-23T17:03:17 EST" name="closeBrowser" finished-at="2025-02-23T17:03:19 EST" duration-ms="1381" status="PASS">
          <reporter-output>
          </reporter-output>
        </test-method> <!-- closeBrowser -->
        <test-method is-config="true" signature="launchApplication()[pri:0, instance:ananthuProject.Test.LoginCheckTest@1b1cfb87]" started-at="2025-02-23T17:03:19 EST" name="launchApplication" finished-at="2025-02-23T17:03:22 EST" duration-ms="2399" status="PASS">
          <reporter-output>
          </reporter-output>
        </test-method> <!-- launchApplication -->
        <test-method signature="logInWithDataBaseCredentials(java.lang.String,java.lang.String)[pri:0, instance:ananthuProject.Test.LoginCheckTest@1b1cfb87]" started-at="2025-02-23T17:03:22 EST" name="logInWithDataBaseCredentials" data-provider="getDataFromSQL" finished-at="2025-02-23T17:03:23 EST" duration-ms="1134" status="PASS">
          <params>
            <param index="0">
              <value>
                <![CDATA[ananthu]]>
              </value>
            </param>
            <param index="1">
              <value>
                <![CDATA[anan123]]>
              </value>
            </param>
          </params>
          <reporter-output>
          </reporter-output>
        </test-method> <!-- logInWithDataBaseCredentials -->
        <test-method is-config="true" signature="closeBrowser()[pri:0, instance:ananthuProject.Test.LoginCheckTest@1b1cfb87]" started-at="2025-02-23T17:03:23 EST" name="closeBrowser" finished-at="2025-02-23T17:03:24 EST" duration-ms="1374" status="PASS">
          <reporter-output>
          </reporter-output>
        </test-method> <!-- closeBrowser -->
        <test-method is-config="true" signature="launchApplication()[pri:0, instance:ananthuProject.Test.LoginCheckTest@1b1cfb87]" started-at="2025-02-23T17:03:24 EST" name="launchApplication" finished-at="2025-02-23T17:03:27 EST" duration-ms="2338" status="PASS">
          <reporter-output>
          </reporter-output>
        </test-method> <!-- launchApplication -->
        <test-method signature="logInWithDataBaseCredentials(java.lang.String,java.lang.String)[pri:0, instance:ananthuProject.Test.LoginCheckTest@1b1cfb87]" started-at="2025-02-23T17:03:27 EST" name="logInWithDataBaseCredentials" data-provider="getDataFromSQL" finished-at="2025-02-23T17:03:28 EST" duration-ms="1111" status="PASS">
          <params>
            <param index="0">
              <value>
                <![CDATA[gopika]]>
              </value>
            </param>
            <param index="1">
              <value>
                <![CDATA[gopika123]]>
              </value>
            </param>
          </params>
          <reporter-output>
          </reporter-output>
        </test-method> <!-- logInWithDataBaseCredentials -->
        <test-method is-config="true" signature="closeBrowser()[pri:0, instance:ananthuProject.Test.LoginCheckTest@1b1cfb87]" started-at="2025-02-23T17:03:28 EST" name="closeBrowser" finished-at="2025-02-23T17:03:29 EST" duration-ms="1398" status="PASS">
          <reporter-output>
          </reporter-output>
        </test-method> <!-- closeBrowser -->
        <test-method is-config="true" signature="launchApplication()[pri:0, instance:ananthuProject.Test.LoginCheckTest@1b1cfb87]" started-at="2025-02-23T17:03:29 EST" name="launchApplication" finished-at="2025-02-23T17:03:31 EST" duration-ms="2317" status="PASS">
          <reporter-output>
          </reporter-output>
        </test-method> <!-- launchApplication -->
        <test-method signature="logInWithDataBaseCredentials(java.lang.String,java.lang.String)[pri:0, instance:ananthuProject.Test.LoginCheckTest@1b1cfb87]" started-at="2025-02-23T17:03:31 EST" name="logInWithDataBaseCredentials" data-provider="getDataFromSQL" finished-at="2025-02-23T17:03:33 EST" duration-ms="1222" status="PASS">
          <params>
            <param index="0">
              <value>
                <![CDATA[dhanush]]>
              </value>
            </param>
            <param index="1">
              <value>
                <![CDATA[dhan123]]>
              </value>
            </param>
          </params>
          <reporter-output>
          </reporter-output>
        </test-method> <!-- logInWithDataBaseCredentials -->
        <test-method is-config="true" signature="closeBrowser()[pri:0, instance:ananthuProject.Test.LoginCheckTest@1b1cfb87]" started-at="2025-02-23T17:03:33 EST" name="closeBrowser" finished-at="2025-02-23T17:03:34 EST" duration-ms="1349" status="PASS">
          <reporter-output>
          </reporter-output>
        </test-method> <!-- closeBrowser -->
        <test-method is-config="true" signature="launchApplication()[pri:0, instance:ananthuProject.Test.LoginCheckTest@1b1cfb87]" started-at="2025-02-23T17:03:34 EST" name="launchApplication" finished-at="2025-02-23T17:03:36 EST" duration-ms="2351" status="PASS">
          <reporter-output>
          </reporter-output>
        </test-method> <!-- launchApplication -->
        <test-method signature="logInWithDataBaseCredentials(java.lang.String,java.lang.String)[pri:0, instance:ananthuProject.Test.LoginCheckTest@1b1cfb87]" started-at="2025-02-23T17:03:36 EST" name="logInWithDataBaseCredentials" data-provider="getDataFromSQL" finished-at="2025-02-23T17:03:37 EST" duration-ms="1102" status="PASS">
          <params>
            <param index="0">
              <value>
                <![CDATA[vijay]]>
              </value>
            </param>
            <param index="1">
              <value>
                <![CDATA[vij123]]>
              </value>
            </param>
          </params>
          <reporter-output>
          </reporter-output>
        </test-method> <!-- logInWithDataBaseCredentials -->
        <test-method is-config="true" signature="closeBrowser()[pri:0, instance:ananthuProject.Test.LoginCheckTest@1b1cfb87]" started-at="2025-02-23T17:03:37 EST" name="closeBrowser" finished-at="2025-02-23T17:03:39 EST" duration-ms="1384" status="PASS">
          <reporter-output>
          </reporter-output>
        </test-method> <!-- closeBrowser -->
        <test-method is-config="true" signature="launchApplication()[pri:0, instance:ananthuProject.Test.LoginCheckTest@1b1cfb87]" started-at="2025-02-23T17:03:39 EST" name="launchApplication" finished-at="2025-02-23T17:03:41 EST" duration-ms="2295" status="PASS">
          <reporter-output>
          </reporter-output>
        </test-method> <!-- launchApplication -->
        <test-method signature="logInWithDataBaseCredentials(java.lang.String,java.lang.String)[pri:0, instance:ananthuProject.Test.LoginCheckTest@1b1cfb87]" started-at="2025-02-23T17:03:41 EST" name="logInWithDataBaseCredentials" data-provider="getDataFromSQL" finished-at="2025-02-23T17:03:42 EST" duration-ms="1091" status="PASS">
          <params>
            <param index="0">
              <value>
                <![CDATA[sureshgobi]]>
              </value>
            </param>
            <param index="1">
              <value>
                <![CDATA[sure123]]>
              </value>
            </param>
          </params>
          <reporter-output>
          </reporter-output>
        </test-method> <!-- logInWithDataBaseCredentials -->
        <test-method is-config="true" signature="closeBrowser()[pri:0, instance:ananthuProject.Test.LoginCheckTest@1b1cfb87]" started-at="2025-02-23T17:03:42 EST" name="closeBrowser" finished-at="2025-02-23T17:03:44 EST" duration-ms="1380" status="PASS">
          <reporter-output>
          </reporter-output>
        </test-method> <!-- closeBrowser -->
        <test-method is-config="true" signature="launchApplication()[pri:0, instance:ananthuProject.Test.LoginCheckTest@1b1cfb87]" started-at="2025-02-23T17:03:44 EST" name="launchApplication" finished-at="2025-02-23T17:03:46 EST" duration-ms="2262" status="PASS">
          <reporter-output>
          </reporter-output>
        </test-method> <!-- launchApplication -->
        <test-method signature="logInWithDataBaseCredentials(java.lang.String,java.lang.String)[pri:0, instance:ananthuProject.Test.LoginCheckTest@1b1cfb87]" started-at="2025-02-23T17:03:46 EST" name="logInWithDataBaseCredentials" data-provider="getDataFromSQL" finished-at="2025-02-23T17:03:47 EST" duration-ms="1095" status="PASS">
          <params>
            <param index="0">
              <value>
                <![CDATA[dileep]]>
              </value>
            </param>
            <param index="1">
              <value>
                <![CDATA[dil123]]>
              </value>
            </param>
          </params>
          <reporter-output>
          </reporter-output>
        </test-method> <!-- logInWithDataBaseCredentials -->
        <test-method is-config="true" signature="closeBrowser()[pri:0, instance:ananthuProject.Test.LoginCheckTest@1b1cfb87]" started-at="2025-02-23T17:03:47 EST" name="closeBrowser" finished-at="2025-02-23T17:03:48 EST" duration-ms="1328" status="PASS">
          <reporter-output>
          </reporter-output>
        </test-method> <!-- closeBrowser -->
        <test-method is-config="true" signature="launchApplication()[pri:0, instance:ananthuProject.Test.LoginCheckTest@1b1cfb87]" started-at="2025-02-23T17:03:48 EST" name="launchApplication" finished-at="2025-02-23T17:03:51 EST" duration-ms="2277" status="PASS">
          <reporter-output>
          </reporter-output>
        </test-method> <!-- launchApplication -->
        <test-method signature="logInWithDataBaseCredentials(java.lang.String,java.lang.String)[pri:0, instance:ananthuProject.Test.LoginCheckTest@1b1cfb87]" started-at="2025-02-23T17:03:51 EST" name="logInWithDataBaseCredentials" data-provider="getDataFromSQL" finished-at="2025-02-23T17:03:52 EST" duration-ms="1106" status="PASS">
          <params>
            <param index="0">
              <value>
                <![CDATA[manju]]>
              </value>
            </param>
            <param index="1">
              <value>
                <![CDATA[manj123]]>
              </value>
            </param>
          </params>
          <reporter-output>
          </reporter-output>
        </test-method> <!-- logInWithDataBaseCredentials -->
        <test-method is-config="true" signature="closeBrowser()[pri:0, instance:ananthuProject.Test.LoginCheckTest@1b1cfb87]" started-at="2025-02-23T17:03:52 EST" name="closeBrowser" finished-at="2025-02-23T17:03:53 EST" duration-ms="1327" status="PASS">
          <reporter-output>
          </reporter-output>
        </test-method> <!-- closeBrowser -->
        <test-method is-config="true" signature="launchApplication()[pri:0, instance:ananthuProject.Test.LoginCheckTest@1b1cfb87]" started-at="2025-02-23T17:03:53 EST" name="launchApplication" finished-at="2025-02-23T17:03:55 EST" duration-ms="2342" status="PASS">
          <reporter-output>
          </reporter-output>
        </test-method> <!-- launchApplication -->
        <test-method signature="logInWithDataBaseCredentials(java.lang.String,java.lang.String)[pri:0, instance:ananthuProject.Test.LoginCheckTest@1b1cfb87]" started-at="2025-02-23T17:03:55 EST" name="logInWithDataBaseCredentials" data-provider="getDataFromSQL" finished-at="2025-02-23T17:03:56 EST" duration-ms="1086" status="PASS">
          <params>
            <param index="0">
              <value>
                <![CDATA[tony]]>
              </value>
            </param>
            <param index="1">
              <value>
                <![CDATA[anan123]]>
              </value>
            </param>
          </params>
          <reporter-output>
          </reporter-output>
        </test-method> <!-- logInWithDataBaseCredentials -->
        <test-method is-config="true" signature="closeBrowser()[pri:0, instance:ananthuProject.Test.LoginCheckTest@1b1cfb87]" started-at="2025-02-23T17:03:56 EST" name="closeBrowser" finished-at="2025-02-23T17:03:58 EST" duration-ms="1333" status="PASS">
          <reporter-output>
          </reporter-output>
        </test-method> <!-- closeBrowser -->
        <test-method is-config="true" signature="launchApplication()[pri:0, instance:ananthuProject.Test.LoginCheckTest@1b1cfb87]" started-at="2025-02-23T17:03:58 EST" name="launchApplication" finished-at="2025-02-23T17:04:00 EST" duration-ms="2463" status="PASS">
          <reporter-output>
          </reporter-output>
        </test-method> <!-- launchApplication -->
        <test-method signature="passwordReset()[pri:0, instance:ananthuProject.Test.LoginCheckTest@1b1cfb87]" started-at="2025-02-23T17:04:00 EST" name="passwordReset" finished-at="2025-02-23T17:04:02 EST" duration-ms="1608" status="PASS">
          <reporter-output>
          </reporter-output>
        </test-method> <!-- passwordReset -->
        <test-method is-config="true" signature="closeBrowser()[pri:0, instance:ananthuProject.Test.LoginCheckTest@1b1cfb87]" started-at="2025-02-23T17:04:02 EST" name="closeBrowser" finished-at="2025-02-23T17:04:03 EST" duration-ms="1397" status="PASS">
          <reporter-output>
          </reporter-output>
        </test-method> <!-- closeBrowser -->
      </class> <!-- ananthuProject.Test.LoginCheckTest -->
      <class name="ananthuProject.Test.PIMpageTest">
        <test-method is-config="true" signature="launchApplication()[pri:0, instance:ananthuProject.Test.PIMpageTest@6f43c82]" started-at="2025-02-23T17:04:33 EST" name="launchApplication" finished-at="2025-02-23T17:04:35 EST" duration-ms="2374" status="PASS">
          <reporter-output>
          </reporter-output>
        </test-method> <!-- launchApplication -->
        <test-method signature="testHelpButton()[pri:0, instance:ananthuProject.Test.PIMpageTest@6f43c82]" started-at="2025-02-23T17:04:35 EST" name="testHelpButton" finished-at="2025-02-23T17:04:40 EST" duration-ms="5080" status="PASS">
          <reporter-output>
          </reporter-output>
        </test-method> <!-- testHelpButton -->
        <test-method is-config="true" signature="closeBrowser()[pri:0, instance:ananthuProject.Test.PIMpageTest@6f43c82]" started-at="2025-02-23T17:04:40 EST" name="closeBrowser" finished-at="2025-02-23T17:04:42 EST" duration-ms="1405" status="PASS">
          <reporter-output>
          </reporter-output>
        </test-method> <!-- closeBrowser -->
      </class> <!-- ananthuProject.Test.PIMpageTest -->
      <class name="ananthuProject.Test.APITest">
        <test-method is-config="true" signature="launchApplication()[pri:0, instance:ananthuProject.Test.APITest@5db6b9cd]" started-at="2025-02-23T17:04:42 EST" name="launchApplication" finished-at="2025-02-23T17:04:44 EST" duration-ms="2462" status="PASS">
          <reporter-output>
          </reporter-output>
        </test-method> <!-- launchApplication -->
        <test-method signature="APIstatusCheck()[pri:0, instance:ananthuProject.Test.APITest@5db6b9cd]" started-at="2025-02-23T17:04:44 EST" name="APIstatusCheck" finished-at="2025-02-23T17:04:54 EST" duration-ms="9553" status="PASS">
          <reporter-output>
          </reporter-output>
        </test-method> <!-- APIstatusCheck -->
        <test-method is-config="true" signature="closeBrowser()[pri:0, instance:ananthuProject.Test.APITest@5db6b9cd]" started-at="2025-02-23T17:04:54 EST" name="closeBrowser" finished-at="2025-02-23T17:04:55 EST" duration-ms="1537" status="PASS">
          <reporter-output>
          </reporter-output>
        </test-method> <!-- closeBrowser -->
      </class> <!-- ananthuProject.Test.APITest -->
      <class name="ananthuProject.Test.CheckVisibilityTest">
        <test-method is-config="true" signature="launchApplication()[pri:0, instance:ananthuProject.Test.CheckVisibilityTest@821330f]" started-at="2025-02-23T17:04:03 EST" name="launchApplication" finished-at="2025-02-23T17:04:08 EST" duration-ms="4873" status="PASS">
          <reporter-output>
          </reporter-output>
        </test-method> <!-- launchApplication -->
        <test-method signature="checkTheVisibilityofH6()[pri:0, instance:ananthuProject.Test.CheckVisibilityTest@821330f]" started-at="2025-02-23T17:04:08 EST" name="checkTheVisibilityofH6" finished-at="2025-02-23T17:04:11 EST" duration-ms="2594" status="PASS">
          <reporter-output>
          </reporter-output>
        </test-method> <!-- checkTheVisibilityofH6 -->
        <test-method is-config="true" signature="closeBrowser()[pri:0, instance:ananthuProject.Test.CheckVisibilityTest@821330f]" started-at="2025-02-23T17:04:11 EST" name="closeBrowser" finished-at="2025-02-23T17:04:12 EST" duration-ms="1413" status="PASS">
          <reporter-output>
          </reporter-output>
        </test-method> <!-- closeBrowser -->
        <test-method is-config="true" signature="launchApplication()[pri:0, instance:ananthuProject.Test.CheckVisibilityTest@821330f]" started-at="2025-02-23T17:04:12 EST" name="launchApplication" finished-at="2025-02-23T17:04:15 EST" duration-ms="2707" status="PASS">
          <reporter-output>
          </reporter-output>
        </test-method> <!-- launchApplication -->
        <test-method signature="testTotalRecord()[pri:0, instance:ananthuProject.Test.CheckVisibilityTest@821330f]" started-at="2025-02-23T17:04:15 EST" name="testTotalRecord" finished-at="2025-02-23T17:04:31 EST" duration-ms="16511" status="PASS">
          <reporter-output>
          </reporter-output>
        </test-method> <!-- testTotalRecord -->
        <test-method is-config="true" signature="closeBrowser()[pri:0, instance:ananthuProject.Test.CheckVisibilityTest@821330f]" started-at="2025-02-23T17:04:31 EST" name="closeBrowser" finished-at="2025-02-23T17:04:33 EST" duration-ms="1432" status="PASS">
          <reporter-output>
          </reporter-output>
        </test-method> <!-- closeBrowser -->
      </class> <!-- ananthuProject.Test.CheckVisibilityTest -->
      <class name="ananthuProject.Test.StandAloneTest">
        <test-method is-config="true" signature="launchApplication()[pri:0, instance:ananthuProject.Test.StandAloneTest@740fb309]" started-at="2025-02-23T17:02:07 EST" name="launchApplication" finished-at="2025-02-23T17:02:17 EST" duration-ms="9931" status="PASS">
          <reporter-output>
          </reporter-output>
        </test-method> <!-- launchApplication -->
        <test-method signature="testUpdatingUserName()[pri:0, instance:ananthuProject.Test.StandAloneTest@740fb309]" started-at="2025-02-23T17:02:17 EST" name="testUpdatingUserName" finished-at="2025-02-23T17:02:39 EST" duration-ms="21915" status="PASS">
          <reporter-output>
          </reporter-output>
        </test-method> <!-- testUpdatingUserName -->
        <test-method is-config="true" signature="closeBrowser()[pri:0, instance:ananthuProject.Test.StandAloneTest@740fb309]" started-at="2025-02-23T17:02:39 EST" name="closeBrowser" finished-at="2025-02-23T17:02:40 EST" duration-ms="1482" status="PASS">
          <reporter-output>
          </reporter-output>
        </test-method> <!-- closeBrowser -->
        <test-method is-config="true" signature="launchApplication()[pri:0, instance:ananthuProject.Test.StandAloneTest@740fb309]" started-at="2025-02-23T17:02:40 EST" name="launchApplication" finished-at="2025-02-23T17:02:43 EST" duration-ms="2646" status="PASS">
          <reporter-output>
          </reporter-output>
        </test-method> <!-- launchApplication -->
        <test-method signature="searchNameInTimeSheet()[pri:0, instance:ananthuProject.Test.StandAloneTest@740fb309]" started-at="2025-02-23T17:02:43 EST" name="searchNameInTimeSheet" finished-at="2025-02-23T17:02:48 EST" depends-on-methods="ananthuProject.Test.StandAloneTest.testUpdatingUserName" duration-ms="5287" status="PASS">
          <reporter-output>
          </reporter-output>
        </test-method> <!-- searchNameInTimeSheet -->
        <test-method is-config="true" signature="closeBrowser()[pri:0, instance:ananthuProject.Test.StandAloneTest@740fb309]" started-at="2025-02-23T17:02:48 EST" name="closeBrowser" finished-at="2025-02-23T17:02:50 EST" duration-ms="1357" status="PASS">
          <reporter-output>
          </reporter-output>
        </test-method> <!-- closeBrowser -->
        <test-method is-config="true" signature="launchApplication()[pri:0, instance:ananthuProject.Test.StandAloneTest@740fb309]" started-at="2025-02-23T17:02:50 EST" name="launchApplication" finished-at="2025-02-23T17:02:52 EST" duration-ms="2402" status="PASS">
          <reporter-output>
          </reporter-output>
        </test-method> <!-- launchApplication -->
        <test-method signature="searchUpdatedUserFromDirectory()[pri:0, instance:ananthuProject.Test.StandAloneTest@740fb309]" started-at="2025-02-23T17:02:52 EST" name="searchUpdatedUserFromDirectory" finished-at="2025-02-23T17:02:58 EST" depends-on-methods="ananthuProject.Test.StandAloneTest.testUpdatingUserName" duration-ms="5973" status="PASS">
          <reporter-output>
          </reporter-output>
        </test-method> <!-- searchUpdatedUserFromDirectory -->
        <test-method is-config="true" signature="closeBrowser()[pri:0, instance:ananthuProject.Test.StandAloneTest@740fb309]" started-at="2025-02-23T17:02:58 EST" name="closeBrowser" finished-at="2025-02-23T17:02:59 EST" duration-ms="1411" status="PASS">
          <reporter-output>
          </reporter-output>
        </test-method> <!-- closeBrowser -->
      </class> <!-- ananthuProject.Test.StandAloneTest -->
    </test> <!-- Login Tests -->
  </suite> <!-- Test Suite -->
</testng-results>
