<?xml version="1.0" encoding="UTF-8"?>
<testng-results ignored="0" total="12" passed="11" failed="1" skipped="0">
  <reporter-output>
  </reporter-output>
  <suite started-at="2025-03-06T22:16:17 EST" name="Test Suite" finished-at="2025-03-06T22:18:22 EST" duration-ms="124420">
    <groups>
    </groups>
    <test started-at="2025-03-06T22:16:17 EST" name="Login Tests" finished-at="2025-03-06T22:18:22 EST" duration-ms="124420">
      <class name="ananthuProject.Test.LoginCheckTest">
        <test-method is-config="true" signature="launchApplication()[pri:0, instance:ananthuProject.Test.LoginCheckTest@5b799640]" started-at="2025-03-06T22:17:00 EST" name="launchApplication" finished-at="2025-03-06T22:17:01 EST" duration-ms="1027" status="PASS">
          <reporter-output>
          </reporter-output>
        </test-method> <!-- launchApplication -->
        <test-method signature="logInError(java.lang.String,java.lang.String)[pri:0, instance:ananthuProject.Test.LoginCheckTest@5b799640]" started-at="2025-03-06T22:17:01 EST" name="logInError" data-provider="getData" finished-at="2025-03-06T22:17:02 EST" duration-ms="690" status="PASS">
          <params>
            <param index="0">
              <value>
                <![CDATA[Ananthu]]>
              </value>
            </param>
            <param index="1">
              <value>
                <![CDATA[test123]]>
              </value>
            </param>
          </params>
          <reporter-output>
          </reporter-output>
        </test-method> <!-- logInError -->
        <test-method is-config="true" signature="closeBrowser()[pri:0, instance:ananthuProject.Test.LoginCheckTest@5b799640]" started-at="2025-03-06T22:17:02 EST" name="closeBrowser" finished-at="2025-03-06T22:17:05 EST" duration-ms="3105" status="PASS">
          <reporter-output>
          </reporter-output>
        </test-method> <!-- closeBrowser -->
        <test-method is-config="true" signature="launchApplication()[pri:0, instance:ananthuProject.Test.LoginCheckTest@5b799640]" started-at="2025-03-06T22:17:05 EST" name="launchApplication" finished-at="2025-03-06T22:17:06 EST" duration-ms="1076" status="PASS">
          <reporter-output>
          </reporter-output>
        </test-method> <!-- launchApplication -->
        <test-method signature="logInError(java.lang.String,java.lang.String)[pri:0, instance:ananthuProject.Test.LoginCheckTest@5b799640]" started-at="2025-03-06T22:17:06 EST" name="logInError" data-provider="getData" finished-at="2025-03-06T22:17:06 EST" duration-ms="612" status="PASS">
          <params>
            <param index="0">
              <value>
                <![CDATA[jackson]]>
              </value>
            </param>
            <param index="1">
              <value>
                <![CDATA[test896]]>
              </value>
            </param>
          </params>
          <reporter-output>
          </reporter-output>
        </test-method> <!-- logInError -->
        <test-method is-config="true" signature="closeBrowser()[pri:0, instance:ananthuProject.Test.LoginCheckTest@5b799640]" started-at="2025-03-06T22:17:06 EST" name="closeBrowser" finished-at="2025-03-06T22:17:09 EST" duration-ms="3104" status="PASS">
          <reporter-output>
          </reporter-output>
        </test-method> <!-- closeBrowser -->
        <test-method is-config="true" signature="launchApplication()[pri:0, instance:ananthuProject.Test.LoginCheckTest@5b799640]" started-at="2025-03-06T22:17:09 EST" name="launchApplication" finished-at="2025-03-06T22:17:10 EST" duration-ms="966" status="PASS">
          <reporter-output>
          </reporter-output>
        </test-method> <!-- launchApplication -->
        <test-method signature="logInError(java.lang.String,java.lang.String)[pri:0, instance:ananthuProject.Test.LoginCheckTest@5b799640]" started-at="2025-03-06T22:17:10 EST" name="logInError" data-provider="getData" finished-at="2025-03-06T22:17:11 EST" duration-ms="1013" status="PASS">
          <params>
            <param index="0">
              <value>
                <![CDATA[Admin]]>
              </value>
            </param>
            <param index="1">
              <value>
                <![CDATA[admin7777123]]>
              </value>
            </param>
          </params>
          <reporter-output>
          </reporter-output>
        </test-method> <!-- logInError -->
        <test-method is-config="true" signature="closeBrowser()[pri:0, instance:ananthuProject.Test.LoginCheckTest@5b799640]" started-at="2025-03-06T22:17:11 EST" name="closeBrowser" finished-at="2025-03-06T22:17:15 EST" duration-ms="3108" status="PASS">
          <reporter-output>
          </reporter-output>
        </test-method> <!-- closeBrowser -->
        <test-method is-config="true" signature="launchApplication()[pri:0, instance:ananthuProject.Test.LoginCheckTest@5b799640]" started-at="2025-03-06T22:17:15 EST" name="launchApplication" finished-at="2025-03-06T22:17:16 EST" duration-ms="1029" status="PASS">
          <reporter-output>
          </reporter-output>
        </test-method> <!-- launchApplication -->
        <test-method signature="logInError(java.lang.String,java.lang.String)[pri:0, instance:ananthuProject.Test.LoginCheckTest@5b799640]" started-at="2025-03-06T22:17:16 EST" name="logInError" data-provider="getData" finished-at="2025-03-06T22:17:16 EST" duration-ms="600" status="PASS">
          <params>
            <param index="0">
              <value>
                <![CDATA[sdwdfsf]]>
              </value>
            </param>
            <param index="1">
              <value>
                <![CDATA[sdfsdfgdggdf]]>
              </value>
            </param>
          </params>
          <reporter-output>
          </reporter-output>
        </test-method> <!-- logInError -->
        <test-method is-config="true" signature="closeBrowser()[pri:0, instance:ananthuProject.Test.LoginCheckTest@5b799640]" started-at="2025-03-06T22:17:16 EST" name="closeBrowser" finished-at="2025-03-06T22:17:19 EST" duration-ms="3108" status="PASS">
          <reporter-output>
          </reporter-output>
        </test-method> <!-- closeBrowser -->
        <test-method is-config="true" signature="launchApplication()[pri:0, instance:ananthuProject.Test.LoginCheckTest@5b799640]" started-at="2025-03-06T22:17:19 EST" name="launchApplication" finished-at="2025-03-06T22:17:20 EST" duration-ms="921" status="PASS">
          <reporter-output>
          </reporter-output>
        </test-method> <!-- launchApplication -->
        <test-method signature="passwordReset()[pri:0, instance:ananthuProject.Test.LoginCheckTest@5b799640]" started-at="2025-03-06T22:17:20 EST" name="passwordReset" finished-at="2025-03-06T22:17:21 EST" duration-ms="1019" status="PASS">
          <reporter-output>
          </reporter-output>
        </test-method> <!-- passwordReset -->
        <test-method is-config="true" signature="closeBrowser()[pri:0, instance:ananthuProject.Test.LoginCheckTest@5b799640]" started-at="2025-03-06T22:17:21 EST" name="closeBrowser" finished-at="2025-03-06T22:17:24 EST" duration-ms="3109" status="PASS">
          <reporter-output>
          </reporter-output>
        </test-method> <!-- closeBrowser -->
      </class> <!-- ananthuProject.Test.LoginCheckTest -->
      <class name="ananthuProject.Test.PIMpageTest">
        <test-method is-config="true" signature="launchApplication()[pri:0, instance:ananthuProject.Test.PIMpageTest@710636b0]" started-at="2025-03-06T22:17:50 EST" name="launchApplication" finished-at="2025-03-06T22:17:51 EST" duration-ms="982" status="PASS">
          <reporter-output>
          </reporter-output>
        </test-method> <!-- launchApplication -->
        <test-method signature="testHelpButton()[pri:0, instance:ananthuProject.Test.PIMpageTest@710636b0]" started-at="2025-03-06T22:17:51 EST" name="testHelpButton" finished-at="2025-03-06T22:17:55 EST" duration-ms="3669" status="PASS">
          <reporter-output>
          </reporter-output>
        </test-method> <!-- testHelpButton -->
        <test-method is-config="true" signature="closeBrowser()[pri:0, instance:ananthuProject.Test.PIMpageTest@710636b0]" started-at="2025-03-06T22:17:55 EST" name="closeBrowser" finished-at="2025-03-06T22:17:58 EST" duration-ms="3109" status="PASS">
          <reporter-output>
          </reporter-output>
        </test-method> <!-- closeBrowser -->
      </class> <!-- ananthuProject.Test.PIMpageTest -->
      <class name="ananthuProject.Test.APITest">
        <test-method is-config="true" signature="launchApplication()[pri:0, instance:ananthuProject.Test.APITest@3de8f619]" started-at="2025-03-06T22:17:58 EST" name="launchApplication" finished-at="2025-03-06T22:17:59 EST" duration-ms="946" status="PASS">
          <reporter-output>
          </reporter-output>
        </test-method> <!-- launchApplication -->
        <test-method signature="APIstatusCheck()[pri:0, instance:ananthuProject.Test.APITest@3de8f619]" started-at="2025-03-06T22:17:59 EST" name="APIstatusCheck" finished-at="2025-03-06T22:18:19 EST" duration-ms="20032" status="PASS">
          <reporter-output>
          </reporter-output>
        </test-method> <!-- APIstatusCheck -->
        <test-method is-config="true" signature="closeBrowser()[pri:0, instance:ananthuProject.Test.APITest@3de8f619]" started-at="2025-03-06T22:18:19 EST" name="closeBrowser" finished-at="2025-03-06T22:18:22 EST" duration-ms="3108" status="PASS">
          <reporter-output>
          </reporter-output>
        </test-method> <!-- closeBrowser -->
      </class> <!-- ananthuProject.Test.APITest -->
      <class name="ananthuProject.Test.CheckVisibilityTest">
        <test-method is-config="true" signature="launchApplication()[pri:0, instance:ananthuProject.Test.CheckVisibilityTest@6cb107fd]" started-at="2025-03-06T22:17:24 EST" name="launchApplication" finished-at="2025-03-06T22:17:25 EST" duration-ms="999" status="PASS">
          <reporter-output>
          </reporter-output>
        </test-method> <!-- launchApplication -->
        <test-method signature="checkTheVisibilityofH6()[pri:0, instance:ananthuProject.Test.CheckVisibilityTest@6cb107fd]" started-at="2025-03-06T22:17:25 EST" name="checkTheVisibilityofH6" finished-at="2025-03-06T22:17:27 EST" duration-ms="1637" status="PASS">
          <reporter-output>
          </reporter-output>
        </test-method> <!-- checkTheVisibilityofH6 -->
        <test-method is-config="true" signature="closeBrowser()[pri:0, instance:ananthuProject.Test.CheckVisibilityTest@6cb107fd]" started-at="2025-03-06T22:17:27 EST" name="closeBrowser" finished-at="2025-03-06T22:17:30 EST" duration-ms="3109" status="PASS">
          <reporter-output>
          </reporter-output>
        </test-method> <!-- closeBrowser -->
        <test-method is-config="true" signature="launchApplication()[pri:0, instance:ananthuProject.Test.CheckVisibilityTest@6cb107fd]" started-at="2025-03-06T22:17:30 EST" name="launchApplication" finished-at="2025-03-06T22:17:31 EST" duration-ms="971" status="PASS">
          <reporter-output>
          </reporter-output>
        </test-method> <!-- launchApplication -->
        <test-method signature="testTotalRecord()[pri:0, instance:ananthuProject.Test.CheckVisibilityTest@6cb107fd]" started-at="2025-03-06T22:17:31 EST" name="testTotalRecord" finished-at="2025-03-06T22:17:47 EST" duration-ms="15847" status="PASS">
          <reporter-output>
          </reporter-output>
        </test-method> <!-- testTotalRecord -->
        <test-method is-config="true" signature="closeBrowser()[pri:0, instance:ananthuProject.Test.CheckVisibilityTest@6cb107fd]" started-at="2025-03-06T22:17:47 EST" name="closeBrowser" finished-at="2025-03-06T22:17:50 EST" duration-ms="3114" status="PASS">
          <reporter-output>
          </reporter-output>
        </test-method> <!-- closeBrowser -->
      </class> <!-- ananthuProject.Test.CheckVisibilityTest -->
      <class name="ananthuProject.Test.StandAloneTest">
        <test-method is-config="true" signature="launchApplication()[pri:0, instance:ananthuProject.Test.StandAloneTest@1033576a]" started-at="2025-03-06T22:16:17 EST" name="launchApplication" finished-at="2025-03-06T22:16:19 EST" duration-ms="1750" status="PASS">
          <reporter-output>
          </reporter-output>
        </test-method> <!-- launchApplication -->
        <test-method signature="testUpdatingUserName()[pri:0, instance:ananthuProject.Test.StandAloneTest@1033576a]" started-at="2025-03-06T22:16:19 EST" name="testUpdatingUserName" finished-at="2025-03-06T22:16:40 EST" duration-ms="20378" status="PASS">
          <reporter-output>
          </reporter-output>
        </test-method> <!-- testUpdatingUserName -->
        <test-method is-config="true" signature="closeBrowser()[pri:0, instance:ananthuProject.Test.StandAloneTest@1033576a]" started-at="2025-03-06T22:16:40 EST" name="closeBrowser" finished-at="2025-03-06T22:16:43 EST" duration-ms="3122" status="PASS">
          <reporter-output>
          </reporter-output>
        </test-method> <!-- closeBrowser -->
        <test-method is-config="true" signature="launchApplication()[pri:0, instance:ananthuProject.Test.StandAloneTest@1033576a]" started-at="2025-03-06T22:16:43 EST" name="launchApplication" finished-at="2025-03-06T22:16:44 EST" duration-ms="1028" status="PASS">
          <reporter-output>
          </reporter-output>
        </test-method> <!-- launchApplication -->
        <test-method signature="searchNameInTimeSheet()[pri:0, instance:ananthuProject.Test.StandAloneTest@1033576a]" started-at="2025-03-06T22:16:44 EST" name="searchNameInTimeSheet" finished-at="2025-03-06T22:16:48 EST" depends-on-methods="ananthuProject.Test.StandAloneTest.testUpdatingUserName" duration-ms="4103" status="PASS">
          <reporter-output>
          </reporter-output>
        </test-method> <!-- searchNameInTimeSheet -->
        <test-method is-config="true" signature="closeBrowser()[pri:0, instance:ananthuProject.Test.StandAloneTest@1033576a]" started-at="2025-03-06T22:16:48 EST" name="closeBrowser" finished-at="2025-03-06T22:16:51 EST" duration-ms="3105" status="PASS">
          <reporter-output>
          </reporter-output>
        </test-method> <!-- closeBrowser -->
        <test-method is-config="true" signature="launchApplication()[pri:0, instance:ananthuProject.Test.StandAloneTest@1033576a]" started-at="2025-03-06T22:16:51 EST" name="launchApplication" finished-at="2025-03-06T22:16:52 EST" duration-ms="966" status="PASS">
          <reporter-output>
          </reporter-output>
        </test-method> <!-- launchApplication -->
        <test-method signature="searchUpdatedUserFromDirectory()[pri:0, instance:ananthuProject.Test.StandAloneTest@1033576a]" started-at="2025-03-06T22:16:52 EST" name="searchUpdatedUserFromDirectory" finished-at="2025-03-06T22:16:57 EST" depends-on-methods="ananthuProject.Test.StandAloneTest.testUpdatingUserName" duration-ms="4712" status="FAIL">
          <exception class="java.lang.NullPointerException">
            <message>
              <![CDATA[Cannot invoke "org.openqa.selenium.WebElement.click()" because "selectJobTitle" is null]]>
            </message>
            <full-stacktrace>
              <![CDATA[java.lang.NullPointerException: Cannot invoke "org.openqa.selenium.WebElement.click()" because "selectJobTitle" is null
at ananthuProject.pageobjects.DirectoryPage.myAction(DirectoryPage.java:55)
at ananthuProject.Test.StandAloneTest.searchUpdatedUserFromDirectory(StandAloneTest.java:57)
at java.base/jdk.internal.reflect.DirectMethodHandleAccessor.invoke(DirectMethodHandleAccessor.java:103)
at java.base/java.lang.reflect.Method.invoke(Method.java:580)
at org.testng.internal.invokers.MethodInvocationHelper.invokeMethod(MethodInvocationHelper.java:141)
at org.testng.internal.invokers.TestInvoker.invokeMethod(TestInvoker.java:686)
at org.testng.internal.invokers.TestInvoker.invokeTestMethod(TestInvoker.java:230)
at org.testng.internal.invokers.MethodRunner.runInSequence(MethodRunner.java:63)
at org.testng.internal.invokers.TestInvoker$MethodInvocationAgent.invoke(TestInvoker.java:992)
at org.testng.internal.invokers.TestInvoker.invokeTestMethods(TestInvoker.java:203)
at org.testng.internal.invokers.TestMethodWorker.invokeTestMethods(TestMethodWorker.java:154)
at org.testng.internal.invokers.TestMethodWorker.run(TestMethodWorker.java:134)
at java.base/java.util.ArrayList.forEach(ArrayList.java:1596)
at org.testng.TestRunner.privateRun(TestRunner.java:739)
at org.testng.TestRunner.run(TestRunner.java:614)
at org.testng.SuiteRunner.runTest(SuiteRunner.java:421)
at org.testng.SuiteRunner.runSequentially(SuiteRunner.java:413)
at org.testng.SuiteRunner.privateRun(SuiteRunner.java:373)
at org.testng.SuiteRunner.run(SuiteRunner.java:312)
at org.testng.SuiteRunnerWorker.runSuite(SuiteRunnerWorker.java:52)
at org.testng.SuiteRunnerWorker.run(SuiteRunnerWorker.java:95)
at org.testng.TestNG.runSuitesSequentially(TestNG.java:1274)
at org.testng.TestNG.runSuitesLocally(TestNG.java:1208)
at org.testng.TestNG.runSuites(TestNG.java:1112)
at org.testng.TestNG.run(TestNG.java:1079)
at org.apache.maven.surefire.testng.TestNGExecutor.run(TestNGExecutor.java:308)
at org.apache.maven.surefire.testng.TestNGXmlTestSuite.execute(TestNGXmlTestSuite.java:71)
at org.apache.maven.surefire.testng.TestNGProvider.invoke(TestNGProvider.java:113)
at org.apache.maven.surefire.booter.ForkedBooter.runSuitesInProcess(ForkedBooter.java:385)
at org.apache.maven.surefire.booter.ForkedBooter.execute(ForkedBooter.java:162)
at org.apache.maven.surefire.booter.ForkedBooter.run(ForkedBooter.java:507)
at org.apache.maven.surefire.booter.ForkedBooter.main(ForkedBooter.java:495)
]]>
            </full-stacktrace>
          </exception> <!-- java.lang.NullPointerException -->
          <reporter-output>
          </reporter-output>
        </test-method> <!-- searchUpdatedUserFromDirectory -->
        <test-method is-config="true" signature="closeBrowser()[pri:0, instance:ananthuProject.Test.StandAloneTest@1033576a]" started-at="2025-03-06T22:16:57 EST" name="closeBrowser" finished-at="2025-03-06T22:17:00 EST" duration-ms="3110" status="PASS">
          <reporter-output>
          </reporter-output>
        </test-method> <!-- closeBrowser -->
      </class> <!-- ananthuProject.Test.StandAloneTest -->
    </test> <!-- Login Tests -->
  </suite> <!-- Test Suite -->
</testng-results>
