<?xml version="1.0" encoding="UTF-8"?>
<testng-results ignored="0" total="9" passed="9" failed="0" skipped="0">
  <reporter-output>
  </reporter-output>
  <suite started-at="2025-02-09T17:23:26 EST" name="Test Suite" finished-at="2025-02-09T17:25:31 EST" duration-ms="124564">
    <groups>
    </groups>
    <test started-at="2025-02-09T17:23:26 EST" name="Login Tests" finished-at="2025-02-09T17:25:31 EST" duration-ms="124564">
      <class name="ananthuProject.Test.LoginCheckTest">
        <test-method is-config="true" signature="launchApplication()[pri:0, instance:ananthuProject.Test.LoginCheckTest@6a8658ff]" started-at="2025-02-09T17:24:39 EST" name="launchApplication" finished-at="2025-02-09T17:24:43 EST" duration-ms="4074" status="PASS">
          <reporter-output>
          </reporter-output>
        </test-method> <!-- launchApplication -->
        <test-method signature="logInError(java.lang.String,java.lang.String)[pri:0, instance:ananthuProject.Test.LoginCheckTest@6a8658ff]" started-at="2025-02-09T17:24:43 EST" name="logInError" data-provider="getData" finished-at="2025-02-09T17:24:44 EST" duration-ms="1277" status="PASS">
          <params>
            <param index="0">
              <value>
                <![CDATA[sdfsf]]>
              </value>
            </param>
            <param index="1">
              <value>
                <![CDATA[dfg]]>
              </value>
            </param>
          </params>
          <reporter-output>
          </reporter-output>
        </test-method> <!-- logInError -->
        <test-method is-config="true" signature="closeBrowser()[pri:0, instance:ananthuProject.Test.LoginCheckTest@6a8658ff]" started-at="2025-02-09T17:24:44 EST" name="closeBrowser" finished-at="2025-02-09T17:24:44 EST" duration-ms="65" status="PASS">
          <reporter-output>
          </reporter-output>
        </test-method> <!-- closeBrowser -->
        <test-method is-config="true" signature="launchApplication()[pri:0, instance:ananthuProject.Test.LoginCheckTest@6a8658ff]" started-at="2025-02-09T17:24:44 EST" name="launchApplication" finished-at="2025-02-09T17:24:48 EST" duration-ms="3614" status="PASS">
          <reporter-output>
          </reporter-output>
        </test-method> <!-- launchApplication -->
        <test-method signature="logInError(java.lang.String,java.lang.String)[pri:0, instance:ananthuProject.Test.LoginCheckTest@6a8658ff]" started-at="2025-02-09T17:24:48 EST" name="logInError" data-provider="getData" finished-at="2025-02-09T17:24:49 EST" duration-ms="1226" status="PASS">
          <params>
            <param index="0">
              <value>
                <![CDATA[sdfsf]]>
              </value>
            </param>
            <param index="1">
              <value>
                <![CDATA[sdfdfgdsdf]]>
              </value>
            </param>
          </params>
          <reporter-output>
          </reporter-output>
        </test-method> <!-- logInError -->
        <test-method is-config="true" signature="closeBrowser()[pri:0, instance:ananthuProject.Test.LoginCheckTest@6a8658ff]" started-at="2025-02-09T17:24:49 EST" name="closeBrowser" finished-at="2025-02-09T17:24:49 EST" duration-ms="37" status="PASS">
          <reporter-output>
          </reporter-output>
        </test-method> <!-- closeBrowser -->
        <test-method is-config="true" signature="launchApplication()[pri:0, instance:ananthuProject.Test.LoginCheckTest@6a8658ff]" started-at="2025-02-09T17:24:49 EST" name="launchApplication" finished-at="2025-02-09T17:24:53 EST" duration-ms="4220" status="PASS">
          <reporter-output>
          </reporter-output>
        </test-method> <!-- launchApplication -->
        <test-method signature="logInError(java.lang.String,java.lang.String)[pri:0, instance:ananthuProject.Test.LoginCheckTest@6a8658ff]" started-at="2025-02-09T17:24:53 EST" name="logInError" data-provider="getData" finished-at="2025-02-09T17:24:55 EST" duration-ms="1602" status="PASS">
          <params>
            <param index="0">
              <value>
                <![CDATA[sdwdfsf]]>
              </value>
            </param>
            <param index="1">
              <value>
                <![CDATA[sdfsdfgdggdf]]>
              </value>
            </param>
          </params>
          <reporter-output>
          </reporter-output>
        </test-method> <!-- logInError -->
        <test-method is-config="true" signature="closeBrowser()[pri:0, instance:ananthuProject.Test.LoginCheckTest@6a8658ff]" started-at="2025-02-09T17:24:55 EST" name="closeBrowser" finished-at="2025-02-09T17:24:55 EST" duration-ms="51" status="PASS">
          <reporter-output>
          </reporter-output>
        </test-method> <!-- closeBrowser -->
        <test-method is-config="true" signature="launchApplication()[pri:0, instance:ananthuProject.Test.LoginCheckTest@6a8658ff]" started-at="2025-02-09T17:24:55 EST" name="launchApplication" finished-at="2025-02-09T17:25:00 EST" duration-ms="5365" status="PASS">
          <reporter-output>
          </reporter-output>
        </test-method> <!-- launchApplication -->
        <test-method signature="logInError(java.lang.String,java.lang.String)[pri:0, instance:ananthuProject.Test.LoginCheckTest@6a8658ff]" started-at="2025-02-09T17:25:00 EST" name="logInError" data-provider="getData" finished-at="2025-02-09T17:25:02 EST" duration-ms="2061" status="PASS">
          <params>
            <param index="0">
              <value>
                <![CDATA[sdwdfsf]]>
              </value>
            </param>
            <param index="1">
              <value>
                <![CDATA[sdfsdfgdggdf]]>
              </value>
            </param>
          </params>
          <reporter-output>
          </reporter-output>
        </test-method> <!-- logInError -->
        <test-method is-config="true" signature="closeBrowser()[pri:0, instance:ananthuProject.Test.LoginCheckTest@6a8658ff]" started-at="2025-02-09T17:25:02 EST" name="closeBrowser" finished-at="2025-02-09T17:25:02 EST" duration-ms="40" status="PASS">
          <reporter-output>
          </reporter-output>
        </test-method> <!-- closeBrowser -->
        <test-method is-config="true" signature="launchApplication()[pri:0, instance:ananthuProject.Test.LoginCheckTest@6a8658ff]" started-at="2025-02-09T17:25:02 EST" name="launchApplication" finished-at="2025-02-09T17:25:07 EST" duration-ms="4159" status="PASS">
          <reporter-output>
          </reporter-output>
        </test-method> <!-- launchApplication -->
        <test-method signature="passwordReset()[pri:0, instance:ananthuProject.Test.LoginCheckTest@6a8658ff]" started-at="2025-02-09T17:25:07 EST" name="passwordReset" finished-at="2025-02-09T17:25:08 EST" duration-ms="1643" status="PASS">
          <reporter-output>
          </reporter-output>
        </test-method> <!-- passwordReset -->
        <test-method is-config="true" signature="closeBrowser()[pri:0, instance:ananthuProject.Test.LoginCheckTest@6a8658ff]" started-at="2025-02-09T17:25:08 EST" name="closeBrowser" finished-at="2025-02-09T17:25:08 EST" duration-ms="33" status="PASS">
          <reporter-output>
          </reporter-output>
        </test-method> <!-- closeBrowser -->
      </class> <!-- ananthuProject.Test.LoginCheckTest -->
      <class name="ananthuProject.Test.RecordListTest">
        <test-method is-config="true" signature="launchApplication()[pri:0, instance:ananthuProject.Test.RecordListTest@1c742ed4]" started-at="2025-02-09T17:25:08 EST" name="launchApplication" finished-at="2025-02-09T17:25:12 EST" duration-ms="3512" status="PASS">
          <reporter-output>
          </reporter-output>
        </test-method> <!-- launchApplication -->
        <test-method signature="testTotalRecord()[pri:0, instance:ananthuProject.Test.RecordListTest@1c742ed4]" started-at="2025-02-09T17:25:12 EST" name="testTotalRecord" finished-at="2025-02-09T17:25:31 EST" duration-ms="18768" status="PASS">
          <reporter-output>
          </reporter-output>
        </test-method> <!-- testTotalRecord -->
        <test-method is-config="true" signature="closeBrowser()[pri:0, instance:ananthuProject.Test.RecordListTest@1c742ed4]" started-at="2025-02-09T17:25:31 EST" name="closeBrowser" finished-at="2025-02-09T17:25:31 EST" duration-ms="34" status="PASS">
          <reporter-output>
          </reporter-output>
        </test-method> <!-- closeBrowser -->
      </class> <!-- ananthuProject.Test.RecordListTest -->
      <class name="ananthuProject.Test.StandAloneTest">
        <test-method is-config="true" signature="launchApplication()[pri:0, instance:ananthuProject.Test.StandAloneTest@c430e6c]" started-at="2025-02-09T17:23:26 EST" name="launchApplication" finished-at="2025-02-09T17:23:36 EST" duration-ms="9993" status="PASS">
          <reporter-output>
          </reporter-output>
        </test-method> <!-- launchApplication -->
        <test-method signature="testUpdatingUserName()[pri:0, instance:ananthuProject.Test.StandAloneTest@c430e6c]" started-at="2025-02-09T17:23:36 EST" name="testUpdatingUserName" finished-at="2025-02-09T17:23:58 EST" duration-ms="21670" status="PASS">
          <reporter-output>
          </reporter-output>
        </test-method> <!-- testUpdatingUserName -->
        <test-method is-config="true" signature="closeBrowser()[pri:0, instance:ananthuProject.Test.StandAloneTest@c430e6c]" started-at="2025-02-09T17:23:58 EST" name="closeBrowser" finished-at="2025-02-09T17:23:58 EST" duration-ms="113" status="PASS">
          <reporter-output>
          </reporter-output>
        </test-method> <!-- closeBrowser -->
        <test-method is-config="true" signature="launchApplication()[pri:0, instance:ananthuProject.Test.StandAloneTest@c430e6c]" started-at="2025-02-09T17:23:58 EST" name="launchApplication" finished-at="2025-02-09T17:24:06 EST" duration-ms="8454" status="PASS">
          <reporter-output>
          </reporter-output>
        </test-method> <!-- launchApplication -->
        <test-method signature="searchNameInTimeSheet()[pri:0, instance:ananthuProject.Test.StandAloneTest@c430e6c]" started-at="2025-02-09T17:24:06 EST" name="searchNameInTimeSheet" finished-at="2025-02-09T17:24:19 EST" depends-on-methods="ananthuProject.Test.StandAloneTest.testUpdatingUserName" duration-ms="12995" status="PASS">
          <reporter-output>
          </reporter-output>
        </test-method> <!-- searchNameInTimeSheet -->
        <test-method is-config="true" signature="closeBrowser()[pri:0, instance:ananthuProject.Test.StandAloneTest@c430e6c]" started-at="2025-02-09T17:24:19 EST" name="closeBrowser" finished-at="2025-02-09T17:24:20 EST" duration-ms="387" status="PASS">
          <reporter-output>
          </reporter-output>
        </test-method> <!-- closeBrowser -->
        <test-method is-config="true" signature="launchApplication()[pri:0, instance:ananthuProject.Test.StandAloneTest@c430e6c]" started-at="2025-02-09T17:24:20 EST" name="launchApplication" finished-at="2025-02-09T17:24:29 EST" duration-ms="9040" status="PASS">
          <reporter-output>
          </reporter-output>
        </test-method> <!-- launchApplication -->
        <test-method signature="searchUpdatedUserFromDirectory()[pri:0, instance:ananthuProject.Test.StandAloneTest@c430e6c]" started-at="2025-02-09T17:24:29 EST" name="searchUpdatedUserFromDirectory" finished-at="2025-02-09T17:24:39 EST" depends-on-methods="ananthuProject.Test.StandAloneTest.testUpdatingUserName" duration-ms="9978" status="PASS">
          <reporter-output>
          </reporter-output>
        </test-method> <!-- searchUpdatedUserFromDirectory -->
        <test-method is-config="true" signature="closeBrowser()[pri:0, instance:ananthuProject.Test.StandAloneTest@c430e6c]" started-at="2025-02-09T17:24:39 EST" name="closeBrowser" finished-at="2025-02-09T17:24:39 EST" duration-ms="41" status="PASS">
          <reporter-output>
          </reporter-output>
        </test-method> <!-- closeBrowser -->
      </class> <!-- ananthuProject.Test.StandAloneTest -->
    </test> <!-- Login Tests -->
  </suite> <!-- Test Suite -->
</testng-results>
