<?xml version="1.0" encoding="UTF-8"?>
<testng-results ignored="0" total="19" passed="19" failed="0" skipped="0">
  <reporter-output>
  </reporter-output>
  <suite started-at="2025-02-18T08:56:20 EST" name="Test Suite" finished-at="2025-02-18T08:59:51 EST" duration-ms="210503">
    <groups>
    </groups>
    <test started-at="2025-02-18T08:56:20 EST" name="Login Tests" finished-at="2025-02-18T08:59:51 EST" duration-ms="210503">
      <class name="ananthuProject.Test.LoginCheckTest">
        <test-method is-config="true" signature="launchApplication()[pri:0, instance:ananthuProject.Test.LoginCheckTest@23f5b5dc]" started-at="2025-02-18T08:57:29 EST" name="launchApplication" finished-at="2025-02-18T08:57:34 EST" duration-ms="5443" status="PASS">
          <reporter-output>
          </reporter-output>
        </test-method> <!-- launchApplication -->
        <test-method signature="logInError(java.lang.String,java.lang.String)[pri:0, instance:ananthuProject.Test.LoginCheckTest@23f5b5dc]" started-at="2025-02-18T08:57:34 EST" name="logInError" data-provider="getData" finished-at="2025-02-18T08:57:36 EST" duration-ms="2198" status="PASS">
          <params>
            <param index="0">
              <value>
                <![CDATA[Ananthu]]>
              </value>
            </param>
            <param index="1">
              <value>
                <![CDATA[test123]]>
              </value>
            </param>
          </params>
          <reporter-output>
          </reporter-output>
        </test-method> <!-- logInError -->
        <test-method is-config="true" signature="closeBrowser()[pri:0, instance:ananthuProject.Test.LoginCheckTest@23f5b5dc]" started-at="2025-02-18T08:57:36 EST" name="closeBrowser" finished-at="2025-02-18T08:57:37 EST" duration-ms="671" status="PASS">
          <reporter-output>
          </reporter-output>
        </test-method> <!-- closeBrowser -->
        <test-method is-config="true" signature="launchApplication()[pri:0, instance:ananthuProject.Test.LoginCheckTest@23f5b5dc]" started-at="2025-02-18T08:57:37 EST" name="launchApplication" finished-at="2025-02-18T08:57:41 EST" duration-ms="3785" status="PASS">
          <reporter-output>
          </reporter-output>
        </test-method> <!-- launchApplication -->
        <test-method signature="logInError(java.lang.String,java.lang.String)[pri:0, instance:ananthuProject.Test.LoginCheckTest@23f5b5dc]" started-at="2025-02-18T08:57:41 EST" name="logInError" data-provider="getData" finished-at="2025-02-18T08:57:42 EST" duration-ms="1745" status="PASS">
          <params>
            <param index="0">
              <value>
                <![CDATA[jackson]]>
              </value>
            </param>
            <param index="1">
              <value>
                <![CDATA[test896]]>
              </value>
            </param>
          </params>
          <reporter-output>
          </reporter-output>
        </test-method> <!-- logInError -->
        <test-method is-config="true" signature="closeBrowser()[pri:0, instance:ananthuProject.Test.LoginCheckTest@23f5b5dc]" started-at="2025-02-18T08:57:43 EST" name="closeBrowser" finished-at="2025-02-18T08:57:44 EST" duration-ms="1183" status="PASS">
          <reporter-output>
          </reporter-output>
        </test-method> <!-- closeBrowser -->
        <test-method is-config="true" signature="launchApplication()[pri:0, instance:ananthuProject.Test.LoginCheckTest@23f5b5dc]" started-at="2025-02-18T08:57:44 EST" name="launchApplication" finished-at="2025-02-18T08:57:48 EST" duration-ms="4634" status="PASS">
          <reporter-output>
          </reporter-output>
        </test-method> <!-- launchApplication -->
        <test-method signature="logInError(java.lang.String,java.lang.String)[pri:0, instance:ananthuProject.Test.LoginCheckTest@23f5b5dc]" started-at="2025-02-18T08:57:48 EST" name="logInError" data-provider="getData" finished-at="2025-02-18T08:57:50 EST" duration-ms="1718" status="PASS">
          <params>
            <param index="0">
              <value>
                <![CDATA[Test]]>
              </value>
            </param>
            <param index="1">
              <value>
                <![CDATA[ananthu]]>
              </value>
            </param>
          </params>
          <reporter-output>
          </reporter-output>
        </test-method> <!-- logInError -->
        <test-method is-config="true" signature="closeBrowser()[pri:0, instance:ananthuProject.Test.LoginCheckTest@23f5b5dc]" started-at="2025-02-18T08:57:50 EST" name="closeBrowser" finished-at="2025-02-18T08:57:50 EST" duration-ms="349" status="PASS">
          <reporter-output>
          </reporter-output>
        </test-method> <!-- closeBrowser -->
        <test-method is-config="true" signature="launchApplication()[pri:0, instance:ananthuProject.Test.LoginCheckTest@23f5b5dc]" started-at="2025-02-18T08:57:50 EST" name="launchApplication" finished-at="2025-02-18T08:57:55 EST" duration-ms="4311" status="PASS">
          <reporter-output>
          </reporter-output>
        </test-method> <!-- launchApplication -->
        <test-method signature="logInError(java.lang.String,java.lang.String)[pri:0, instance:ananthuProject.Test.LoginCheckTest@23f5b5dc]" started-at="2025-02-18T08:57:55 EST" name="logInError" data-provider="getData" finished-at="2025-02-18T08:57:57 EST" duration-ms="2357" status="PASS">
          <params>
            <param index="0">
              <value>
                <![CDATA[sdwdfsf]]>
              </value>
            </param>
            <param index="1">
              <value>
                <![CDATA[sdfsdfgdggdf]]>
              </value>
            </param>
          </params>
          <reporter-output>
          </reporter-output>
        </test-method> <!-- logInError -->
        <test-method is-config="true" signature="closeBrowser()[pri:0, instance:ananthuProject.Test.LoginCheckTest@23f5b5dc]" started-at="2025-02-18T08:57:57 EST" name="closeBrowser" finished-at="2025-02-18T08:57:58 EST" duration-ms="674" status="PASS">
          <reporter-output>
          </reporter-output>
        </test-method> <!-- closeBrowser -->
        <test-method is-config="true" signature="launchApplication()[pri:0, instance:ananthuProject.Test.LoginCheckTest@23f5b5dc]" started-at="2025-02-18T08:57:59 EST" name="launchApplication" finished-at="2025-02-18T08:58:03 EST" duration-ms="4748" status="PASS">
          <reporter-output>
          </reporter-output>
        </test-method> <!-- launchApplication -->
        <test-method signature="logInWithDataBaseCredentials(java.lang.String,java.lang.String)[pri:0, instance:ananthuProject.Test.LoginCheckTest@23f5b5dc]" started-at="2025-02-18T08:58:03 EST" name="logInWithDataBaseCredentials" data-provider="getDataFromSQL" finished-at="2025-02-18T08:58:06 EST" duration-ms="2351" status="PASS">
          <params>
            <param index="0">
              <value>
                <![CDATA[ananthu]]>
              </value>
            </param>
            <param index="1">
              <value>
                <![CDATA[anan123]]>
              </value>
            </param>
          </params>
          <reporter-output>
          </reporter-output>
        </test-method> <!-- logInWithDataBaseCredentials -->
        <test-method is-config="true" signature="closeBrowser()[pri:0, instance:ananthuProject.Test.LoginCheckTest@23f5b5dc]" started-at="2025-02-18T08:58:06 EST" name="closeBrowser" finished-at="2025-02-18T08:58:06 EST" duration-ms="345" status="PASS">
          <reporter-output>
          </reporter-output>
        </test-method> <!-- closeBrowser -->
        <test-method is-config="true" signature="launchApplication()[pri:0, instance:ananthuProject.Test.LoginCheckTest@23f5b5dc]" started-at="2025-02-18T08:58:06 EST" name="launchApplication" finished-at="2025-02-18T08:58:10 EST" duration-ms="4284" status="PASS">
          <reporter-output>
          </reporter-output>
        </test-method> <!-- launchApplication -->
        <test-method signature="logInWithDataBaseCredentials(java.lang.String,java.lang.String)[pri:0, instance:ananthuProject.Test.LoginCheckTest@23f5b5dc]" started-at="2025-02-18T08:58:10 EST" name="logInWithDataBaseCredentials" data-provider="getDataFromSQL" finished-at="2025-02-18T08:58:12 EST" duration-ms="2135" status="PASS">
          <params>
            <param index="0">
              <value>
                <![CDATA[gopika]]>
              </value>
            </param>
            <param index="1">
              <value>
                <![CDATA[gopika123]]>
              </value>
            </param>
          </params>
          <reporter-output>
          </reporter-output>
        </test-method> <!-- logInWithDataBaseCredentials -->
        <test-method is-config="true" signature="closeBrowser()[pri:0, instance:ananthuProject.Test.LoginCheckTest@23f5b5dc]" started-at="2025-02-18T08:58:12 EST" name="closeBrowser" finished-at="2025-02-18T08:58:13 EST" duration-ms="549" status="PASS">
          <reporter-output>
          </reporter-output>
        </test-method> <!-- closeBrowser -->
        <test-method is-config="true" signature="launchApplication()[pri:0, instance:ananthuProject.Test.LoginCheckTest@23f5b5dc]" started-at="2025-02-18T08:58:13 EST" name="launchApplication" finished-at="2025-02-18T08:58:18 EST" duration-ms="4724" status="PASS">
          <reporter-output>
          </reporter-output>
        </test-method> <!-- launchApplication -->
        <test-method signature="logInWithDataBaseCredentials(java.lang.String,java.lang.String)[pri:0, instance:ananthuProject.Test.LoginCheckTest@23f5b5dc]" started-at="2025-02-18T08:58:18 EST" name="logInWithDataBaseCredentials" data-provider="getDataFromSQL" finished-at="2025-02-18T08:58:20 EST" duration-ms="2097" status="PASS">
          <params>
            <param index="0">
              <value>
                <![CDATA[dhanush]]>
              </value>
            </param>
            <param index="1">
              <value>
                <![CDATA[dhan123]]>
              </value>
            </param>
          </params>
          <reporter-output>
          </reporter-output>
        </test-method> <!-- logInWithDataBaseCredentials -->
        <test-method is-config="true" signature="closeBrowser()[pri:0, instance:ananthuProject.Test.LoginCheckTest@23f5b5dc]" started-at="2025-02-18T08:58:20 EST" name="closeBrowser" finished-at="2025-02-18T08:58:20 EST" duration-ms="375" status="PASS">
          <reporter-output>
          </reporter-output>
        </test-method> <!-- closeBrowser -->
        <test-method is-config="true" signature="launchApplication()[pri:0, instance:ananthuProject.Test.LoginCheckTest@23f5b5dc]" started-at="2025-02-18T08:58:20 EST" name="launchApplication" finished-at="2025-02-18T08:58:24 EST" duration-ms="4315" status="PASS">
          <reporter-output>
          </reporter-output>
        </test-method> <!-- launchApplication -->
        <test-method signature="logInWithDataBaseCredentials(java.lang.String,java.lang.String)[pri:0, instance:ananthuProject.Test.LoginCheckTest@23f5b5dc]" started-at="2025-02-18T08:58:24 EST" name="logInWithDataBaseCredentials" data-provider="getDataFromSQL" finished-at="2025-02-18T08:58:28 EST" duration-ms="3253" status="PASS">
          <params>
            <param index="0">
              <value>
                <![CDATA[vijay]]>
              </value>
            </param>
            <param index="1">
              <value>
                <![CDATA[vij123]]>
              </value>
            </param>
          </params>
          <reporter-output>
          </reporter-output>
        </test-method> <!-- logInWithDataBaseCredentials -->
        <test-method is-config="true" signature="closeBrowser()[pri:0, instance:ananthuProject.Test.LoginCheckTest@23f5b5dc]" started-at="2025-02-18T08:58:28 EST" name="closeBrowser" finished-at="2025-02-18T08:58:29 EST" duration-ms="788" status="PASS">
          <reporter-output>
          </reporter-output>
        </test-method> <!-- closeBrowser -->
        <test-method is-config="true" signature="launchApplication()[pri:0, instance:ananthuProject.Test.LoginCheckTest@23f5b5dc]" started-at="2025-02-18T08:58:29 EST" name="launchApplication" finished-at="2025-02-18T08:58:33 EST" duration-ms="4044" status="PASS">
          <reporter-output>
          </reporter-output>
        </test-method> <!-- launchApplication -->
        <test-method signature="logInWithDataBaseCredentials(java.lang.String,java.lang.String)[pri:0, instance:ananthuProject.Test.LoginCheckTest@23f5b5dc]" started-at="2025-02-18T08:58:33 EST" name="logInWithDataBaseCredentials" data-provider="getDataFromSQL" finished-at="2025-02-18T08:58:35 EST" duration-ms="2144" status="PASS">
          <params>
            <param index="0">
              <value>
                <![CDATA[sureshgobi]]>
              </value>
            </param>
            <param index="1">
              <value>
                <![CDATA[sure123]]>
              </value>
            </param>
          </params>
          <reporter-output>
          </reporter-output>
        </test-method> <!-- logInWithDataBaseCredentials -->
        <test-method is-config="true" signature="closeBrowser()[pri:0, instance:ananthuProject.Test.LoginCheckTest@23f5b5dc]" started-at="2025-02-18T08:58:35 EST" name="closeBrowser" finished-at="2025-02-18T08:58:35 EST" duration-ms="452" status="PASS">
          <reporter-output>
          </reporter-output>
        </test-method> <!-- closeBrowser -->
        <test-method is-config="true" signature="launchApplication()[pri:0, instance:ananthuProject.Test.LoginCheckTest@23f5b5dc]" started-at="2025-02-18T08:58:35 EST" name="launchApplication" finished-at="2025-02-18T08:58:39 EST" duration-ms="4250" status="PASS">
          <reporter-output>
          </reporter-output>
        </test-method> <!-- launchApplication -->
        <test-method signature="logInWithDataBaseCredentials(java.lang.String,java.lang.String)[pri:0, instance:ananthuProject.Test.LoginCheckTest@23f5b5dc]" started-at="2025-02-18T08:58:39 EST" name="logInWithDataBaseCredentials" data-provider="getDataFromSQL" finished-at="2025-02-18T08:58:41 EST" duration-ms="1794" status="PASS">
          <params>
            <param index="0">
              <value>
                <![CDATA[dileep]]>
              </value>
            </param>
            <param index="1">
              <value>
                <![CDATA[dil123]]>
              </value>
            </param>
          </params>
          <reporter-output>
          </reporter-output>
        </test-method> <!-- logInWithDataBaseCredentials -->
        <test-method is-config="true" signature="closeBrowser()[pri:0, instance:ananthuProject.Test.LoginCheckTest@23f5b5dc]" started-at="2025-02-18T08:58:41 EST" name="closeBrowser" finished-at="2025-02-18T08:58:42 EST" duration-ms="507" status="PASS">
          <reporter-output>
          </reporter-output>
        </test-method> <!-- closeBrowser -->
        <test-method is-config="true" signature="launchApplication()[pri:0, instance:ananthuProject.Test.LoginCheckTest@23f5b5dc]" started-at="2025-02-18T08:58:42 EST" name="launchApplication" finished-at="2025-02-18T08:58:46 EST" duration-ms="4073" status="PASS">
          <reporter-output>
          </reporter-output>
        </test-method> <!-- launchApplication -->
        <test-method signature="logInWithDataBaseCredentials(java.lang.String,java.lang.String)[pri:0, instance:ananthuProject.Test.LoginCheckTest@23f5b5dc]" started-at="2025-02-18T08:58:46 EST" name="logInWithDataBaseCredentials" data-provider="getDataFromSQL" finished-at="2025-02-18T08:58:48 EST" duration-ms="1909" status="PASS">
          <params>
            <param index="0">
              <value>
                <![CDATA[manju]]>
              </value>
            </param>
            <param index="1">
              <value>
                <![CDATA[manj123]]>
              </value>
            </param>
          </params>
          <reporter-output>
          </reporter-output>
        </test-method> <!-- logInWithDataBaseCredentials -->
        <test-method is-config="true" signature="closeBrowser()[pri:0, instance:ananthuProject.Test.LoginCheckTest@23f5b5dc]" started-at="2025-02-18T08:58:48 EST" name="closeBrowser" finished-at="2025-02-18T08:58:48 EST" duration-ms="677" status="PASS">
          <reporter-output>
          </reporter-output>
        </test-method> <!-- closeBrowser -->
        <test-method is-config="true" signature="launchApplication()[pri:0, instance:ananthuProject.Test.LoginCheckTest@23f5b5dc]" started-at="2025-02-18T08:58:48 EST" name="launchApplication" finished-at="2025-02-18T08:58:52 EST" duration-ms="3696" status="PASS">
          <reporter-output>
          </reporter-output>
        </test-method> <!-- launchApplication -->
        <test-method signature="logInWithDataBaseCredentials(java.lang.String,java.lang.String)[pri:0, instance:ananthuProject.Test.LoginCheckTest@23f5b5dc]" started-at="2025-02-18T08:58:52 EST" name="logInWithDataBaseCredentials" data-provider="getDataFromSQL" finished-at="2025-02-18T08:58:54 EST" duration-ms="1712" status="PASS">
          <params>
            <param index="0">
              <value>
                <![CDATA[tony]]>
              </value>
            </param>
            <param index="1">
              <value>
                <![CDATA[anan123]]>
              </value>
            </param>
          </params>
          <reporter-output>
          </reporter-output>
        </test-method> <!-- logInWithDataBaseCredentials -->
        <test-method is-config="true" signature="closeBrowser()[pri:0, instance:ananthuProject.Test.LoginCheckTest@23f5b5dc]" started-at="2025-02-18T08:58:54 EST" name="closeBrowser" finished-at="2025-02-18T08:58:54 EST" duration-ms="392" status="PASS">
          <reporter-output>
          </reporter-output>
        </test-method> <!-- closeBrowser -->
        <test-method is-config="true" signature="launchApplication()[pri:0, instance:ananthuProject.Test.LoginCheckTest@23f5b5dc]" started-at="2025-02-18T08:58:54 EST" name="launchApplication" finished-at="2025-02-18T08:58:58 EST" duration-ms="4139" status="PASS">
          <reporter-output>
          </reporter-output>
        </test-method> <!-- launchApplication -->
        <test-method signature="passwordReset()[pri:0, instance:ananthuProject.Test.LoginCheckTest@23f5b5dc]" started-at="2025-02-18T08:58:58 EST" name="passwordReset" finished-at="2025-02-18T08:59:01 EST" duration-ms="2628" status="PASS">
          <reporter-output>
          </reporter-output>
        </test-method> <!-- passwordReset -->
        <test-method is-config="true" signature="closeBrowser()[pri:0, instance:ananthuProject.Test.LoginCheckTest@23f5b5dc]" started-at="2025-02-18T08:59:01 EST" name="closeBrowser" finished-at="2025-02-18T08:59:01 EST" duration-ms="389" status="PASS">
          <reporter-output>
          </reporter-output>
        </test-method> <!-- closeBrowser -->
      </class> <!-- ananthuProject.Test.LoginCheckTest -->
      <class name="ananthuProject.Test.PIMpageTest">
        <test-method is-config="true" signature="launchApplication()[pri:0, instance:ananthuProject.Test.PIMpageTest@1b1cfb87]" started-at="2025-02-18T08:59:38 EST" name="launchApplication" finished-at="2025-02-18T08:59:42 EST" duration-ms="3651" status="PASS">
          <reporter-output>
          </reporter-output>
        </test-method> <!-- launchApplication -->
        <test-method signature="testHelpButton()[pri:0, instance:ananthuProject.Test.PIMpageTest@1b1cfb87]" started-at="2025-02-18T08:59:42 EST" name="testHelpButton" finished-at="2025-02-18T08:59:50 EST" duration-ms="8208" status="PASS">
          <reporter-output>
          </reporter-output>
        </test-method> <!-- testHelpButton -->
        <test-method is-config="true" signature="closeBrowser()[pri:0, instance:ananthuProject.Test.PIMpageTest@1b1cfb87]" started-at="2025-02-18T08:59:50 EST" name="closeBrowser" finished-at="2025-02-18T08:59:51 EST" duration-ms="619" status="PASS">
          <reporter-output>
          </reporter-output>
        </test-method> <!-- closeBrowser -->
      </class> <!-- ananthuProject.Test.PIMpageTest -->
      <class name="ananthuProject.Test.CheckVisibilityTest">
        <test-method is-config="true" signature="launchApplication()[pri:0, instance:ananthuProject.Test.CheckVisibilityTest@34bde49d]" started-at="2025-02-18T08:59:01 EST" name="launchApplication" finished-at="2025-02-18T08:59:05 EST" duration-ms="3309" status="PASS">
          <reporter-output>
          </reporter-output>
        </test-method> <!-- launchApplication -->
        <test-method signature="checkTheVisibilityofH6()[pri:0, instance:ananthuProject.Test.CheckVisibilityTest@34bde49d]" started-at="2025-02-18T08:59:05 EST" name="checkTheVisibilityofH6" finished-at="2025-02-18T08:59:09 EST" duration-ms="4305" status="PASS">
          <reporter-output>
          </reporter-output>
        </test-method> <!-- checkTheVisibilityofH6 -->
        <test-method is-config="true" signature="closeBrowser()[pri:0, instance:ananthuProject.Test.CheckVisibilityTest@34bde49d]" started-at="2025-02-18T08:59:09 EST" name="closeBrowser" finished-at="2025-02-18T08:59:10 EST" duration-ms="776" status="PASS">
          <reporter-output>
          </reporter-output>
        </test-method> <!-- closeBrowser -->
        <test-method is-config="true" signature="launchApplication()[pri:0, instance:ananthuProject.Test.CheckVisibilityTest@34bde49d]" started-at="2025-02-18T08:59:10 EST" name="launchApplication" finished-at="2025-02-18T08:59:14 EST" duration-ms="3984" status="PASS">
          <reporter-output>
          </reporter-output>
        </test-method> <!-- launchApplication -->
        <test-method signature="testTotalRecord()[pri:0, instance:ananthuProject.Test.CheckVisibilityTest@34bde49d]" started-at="2025-02-18T08:59:14 EST" name="testTotalRecord" finished-at="2025-02-18T08:59:38 EST" duration-ms="24278" status="PASS">
          <reporter-output>
          </reporter-output>
        </test-method> <!-- testTotalRecord -->
        <test-method is-config="true" signature="closeBrowser()[pri:0, instance:ananthuProject.Test.CheckVisibilityTest@34bde49d]" started-at="2025-02-18T08:59:38 EST" name="closeBrowser" finished-at="2025-02-18T08:59:38 EST" duration-ms="455" status="PASS">
          <reporter-output>
          </reporter-output>
        </test-method> <!-- closeBrowser -->
      </class> <!-- ananthuProject.Test.CheckVisibilityTest -->
      <class name="ananthuProject.Test.StandAloneTest">
        <test-method is-config="true" signature="launchApplication()[pri:0, instance:ananthuProject.Test.StandAloneTest@4e5ed836]" started-at="2025-02-18T08:56:21 EST" name="launchApplication" finished-at="2025-02-18T08:56:34 EST" duration-ms="13533" status="PASS">
          <reporter-output>
          </reporter-output>
        </test-method> <!-- launchApplication -->
        <test-method signature="testUpdatingUserName()[pri:0, instance:ananthuProject.Test.StandAloneTest@4e5ed836]" started-at="2025-02-18T08:56:34 EST" name="testUpdatingUserName" finished-at="2025-02-18T08:57:01 EST" duration-ms="26752" status="PASS">
          <reporter-output>
          </reporter-output>
        </test-method> <!-- testUpdatingUserName -->
        <test-method is-config="true" signature="closeBrowser()[pri:0, instance:ananthuProject.Test.StandAloneTest@4e5ed836]" started-at="2025-02-18T08:57:01 EST" name="closeBrowser" finished-at="2025-02-18T08:57:02 EST" duration-ms="652" status="PASS">
          <reporter-output>
          </reporter-output>
        </test-method> <!-- closeBrowser -->
        <test-method is-config="true" signature="launchApplication()[pri:0, instance:ananthuProject.Test.StandAloneTest@4e5ed836]" started-at="2025-02-18T08:57:02 EST" name="launchApplication" finished-at="2025-02-18T08:57:06 EST" duration-ms="4122" status="PASS">
          <reporter-output>
          </reporter-output>
        </test-method> <!-- launchApplication -->
        <test-method signature="searchNameInTimeSheet()[pri:0, instance:ananthuProject.Test.StandAloneTest@4e5ed836]" started-at="2025-02-18T08:57:06 EST" name="searchNameInTimeSheet" finished-at="2025-02-18T08:57:14 EST" depends-on-methods="ananthuProject.Test.StandAloneTest.testUpdatingUserName" duration-ms="8023" status="PASS">
          <reporter-output>
          </reporter-output>
        </test-method> <!-- searchNameInTimeSheet -->
        <test-method is-config="true" signature="closeBrowser()[pri:0, instance:ananthuProject.Test.StandAloneTest@4e5ed836]" started-at="2025-02-18T08:57:14 EST" name="closeBrowser" finished-at="2025-02-18T08:57:14 EST" duration-ms="547" status="PASS">
          <reporter-output>
          </reporter-output>
        </test-method> <!-- closeBrowser -->
        <test-method is-config="true" signature="launchApplication()[pri:0, instance:ananthuProject.Test.StandAloneTest@4e5ed836]" started-at="2025-02-18T08:57:14 EST" name="launchApplication" finished-at="2025-02-18T08:57:18 EST" duration-ms="3934" status="PASS">
          <reporter-output>
          </reporter-output>
        </test-method> <!-- launchApplication -->
        <test-method signature="searchUpdatedUserFromDirectory()[pri:0, instance:ananthuProject.Test.StandAloneTest@4e5ed836]" started-at="2025-02-18T08:57:18 EST" name="searchUpdatedUserFromDirectory" finished-at="2025-02-18T08:57:27 EST" depends-on-methods="ananthuProject.Test.StandAloneTest.testUpdatingUserName" duration-ms="9176" status="PASS">
          <reporter-output>
          </reporter-output>
        </test-method> <!-- searchUpdatedUserFromDirectory -->
        <test-method is-config="true" signature="closeBrowser()[pri:0, instance:ananthuProject.Test.StandAloneTest@4e5ed836]" started-at="2025-02-18T08:57:27 EST" name="closeBrowser" finished-at="2025-02-18T08:57:29 EST" duration-ms="1214" status="PASS">
          <reporter-output>
          </reporter-output>
        </test-method> <!-- closeBrowser -->
      </class> <!-- ananthuProject.Test.StandAloneTest -->
    </test> <!-- Login Tests -->
  </suite> <!-- Test Suite -->
</testng-results>
