<?xml version="1.0" encoding="UTF-8"?>
<testng-results ignored="0" total="9" passed="9" failed="0" skipped="0">
  <reporter-output>
  </reporter-output>
  <suite started-at="2025-02-09T18:40:30 EST" name="Test Suite" finished-at="2025-02-09T18:42:03 EST" duration-ms="92937">
    <groups>
    </groups>
    <test started-at="2025-02-09T18:40:30 EST" name="Login Tests" finished-at="2025-02-09T18:42:03 EST" duration-ms="92937">
      <class name="ananthuProject.Test.LoginCheckTest">
        <test-method is-config="true" signature="launchApplication()[pri:0, instance:ananthuProject.Test.LoginCheckTest@6a8658ff]" started-at="2025-02-09T18:41:18 EST" name="launchApplication" finished-at="2025-02-09T18:41:21 EST" duration-ms="3447" status="PASS">
          <reporter-output>
          </reporter-output>
        </test-method> <!-- launchApplication -->
        <test-method signature="logInError(java.lang.String,java.lang.String)[pri:0, instance:ananthuProject.Test.LoginCheckTest@6a8658ff]" started-at="2025-02-09T18:41:21 EST" name="logInError" data-provider="getData" finished-at="2025-02-09T18:41:23 EST" duration-ms="1102" status="PASS">
          <params>
            <param index="0">
              <value>
                <![CDATA[sdfsf]]>
              </value>
            </param>
            <param index="1">
              <value>
                <![CDATA[dfg]]>
              </value>
            </param>
          </params>
          <reporter-output>
          </reporter-output>
        </test-method> <!-- logInError -->
        <test-method is-config="true" signature="closeBrowser()[pri:0, instance:ananthuProject.Test.LoginCheckTest@6a8658ff]" started-at="2025-02-09T18:41:23 EST" name="closeBrowser" finished-at="2025-02-09T18:41:23 EST" duration-ms="39" status="PASS">
          <reporter-output>
          </reporter-output>
        </test-method> <!-- closeBrowser -->
        <test-method is-config="true" signature="launchApplication()[pri:0, instance:ananthuProject.Test.LoginCheckTest@6a8658ff]" started-at="2025-02-09T18:41:23 EST" name="launchApplication" finished-at="2025-02-09T18:41:26 EST" duration-ms="3262" status="PASS">
          <reporter-output>
          </reporter-output>
        </test-method> <!-- launchApplication -->
        <test-method signature="logInError(java.lang.String,java.lang.String)[pri:0, instance:ananthuProject.Test.LoginCheckTest@6a8658ff]" started-at="2025-02-09T18:41:26 EST" name="logInError" data-provider="getData" finished-at="2025-02-09T18:41:27 EST" duration-ms="1031" status="PASS">
          <params>
            <param index="0">
              <value>
                <![CDATA[sdfsf]]>
              </value>
            </param>
            <param index="1">
              <value>
                <![CDATA[sdfdfgdsdf]]>
              </value>
            </param>
          </params>
          <reporter-output>
          </reporter-output>
        </test-method> <!-- logInError -->
        <test-method is-config="true" signature="closeBrowser()[pri:0, instance:ananthuProject.Test.LoginCheckTest@6a8658ff]" started-at="2025-02-09T18:41:27 EST" name="closeBrowser" finished-at="2025-02-09T18:41:27 EST" duration-ms="34" status="PASS">
          <reporter-output>
          </reporter-output>
        </test-method> <!-- closeBrowser -->
        <test-method is-config="true" signature="launchApplication()[pri:0, instance:ananthuProject.Test.LoginCheckTest@6a8658ff]" started-at="2025-02-09T18:41:27 EST" name="launchApplication" finished-at="2025-02-09T18:41:30 EST" duration-ms="3097" status="PASS">
          <reporter-output>
          </reporter-output>
        </test-method> <!-- launchApplication -->
        <test-method signature="logInError(java.lang.String,java.lang.String)[pri:0, instance:ananthuProject.Test.LoginCheckTest@6a8658ff]" started-at="2025-02-09T18:41:30 EST" name="logInError" data-provider="getData" finished-at="2025-02-09T18:41:31 EST" duration-ms="1077" status="PASS">
          <params>
            <param index="0">
              <value>
                <![CDATA[sdwdfsf]]>
              </value>
            </param>
            <param index="1">
              <value>
                <![CDATA[sdfsdfgdggdf]]>
              </value>
            </param>
          </params>
          <reporter-output>
          </reporter-output>
        </test-method> <!-- logInError -->
        <test-method is-config="true" signature="closeBrowser()[pri:0, instance:ananthuProject.Test.LoginCheckTest@6a8658ff]" started-at="2025-02-09T18:41:31 EST" name="closeBrowser" finished-at="2025-02-09T18:41:31 EST" duration-ms="30" status="PASS">
          <reporter-output>
          </reporter-output>
        </test-method> <!-- closeBrowser -->
        <test-method is-config="true" signature="launchApplication()[pri:0, instance:ananthuProject.Test.LoginCheckTest@6a8658ff]" started-at="2025-02-09T18:41:31 EST" name="launchApplication" finished-at="2025-02-09T18:41:35 EST" duration-ms="3875" status="PASS">
          <reporter-output>
          </reporter-output>
        </test-method> <!-- launchApplication -->
        <test-method signature="logInError(java.lang.String,java.lang.String)[pri:0, instance:ananthuProject.Test.LoginCheckTest@6a8658ff]" started-at="2025-02-09T18:41:35 EST" name="logInError" data-provider="getData" finished-at="2025-02-09T18:41:36 EST" duration-ms="1118" status="PASS">
          <params>
            <param index="0">
              <value>
                <![CDATA[sdwdfsf]]>
              </value>
            </param>
            <param index="1">
              <value>
                <![CDATA[sdfsdfgdggdf]]>
              </value>
            </param>
          </params>
          <reporter-output>
          </reporter-output>
        </test-method> <!-- logInError -->
        <test-method is-config="true" signature="closeBrowser()[pri:0, instance:ananthuProject.Test.LoginCheckTest@6a8658ff]" started-at="2025-02-09T18:41:36 EST" name="closeBrowser" finished-at="2025-02-09T18:41:36 EST" duration-ms="33" status="PASS">
          <reporter-output>
          </reporter-output>
        </test-method> <!-- closeBrowser -->
        <test-method is-config="true" signature="launchApplication()[pri:0, instance:ananthuProject.Test.LoginCheckTest@6a8658ff]" started-at="2025-02-09T18:41:36 EST" name="launchApplication" finished-at="2025-02-09T18:41:40 EST" duration-ms="3562" status="PASS">
          <reporter-output>
          </reporter-output>
        </test-method> <!-- launchApplication -->
        <test-method signature="passwordReset()[pri:0, instance:ananthuProject.Test.LoginCheckTest@6a8658ff]" started-at="2025-02-09T18:41:40 EST" name="passwordReset" finished-at="2025-02-09T18:41:41 EST" duration-ms="1422" status="PASS">
          <reporter-output>
          </reporter-output>
        </test-method> <!-- passwordReset -->
        <test-method is-config="true" signature="closeBrowser()[pri:0, instance:ananthuProject.Test.LoginCheckTest@6a8658ff]" started-at="2025-02-09T18:41:41 EST" name="closeBrowser" finished-at="2025-02-09T18:41:41 EST" duration-ms="31" status="PASS">
          <reporter-output>
          </reporter-output>
        </test-method> <!-- closeBrowser -->
      </class> <!-- ananthuProject.Test.LoginCheckTest -->
      <class name="ananthuProject.Test.RecordListTest">
        <test-method is-config="true" signature="launchApplication()[pri:0, instance:ananthuProject.Test.RecordListTest@1c742ed4]" started-at="2025-02-09T18:41:41 EST" name="launchApplication" finished-at="2025-02-09T18:41:45 EST" duration-ms="3569" status="PASS">
          <reporter-output>
          </reporter-output>
        </test-method> <!-- launchApplication -->
        <test-method signature="testTotalRecord()[pri:0, instance:ananthuProject.Test.RecordListTest@1c742ed4]" started-at="2025-02-09T18:41:45 EST" name="testTotalRecord" finished-at="2025-02-09T18:42:03 EST" duration-ms="18191" status="PASS">
          <reporter-output>
          </reporter-output>
        </test-method> <!-- testTotalRecord -->
        <test-method is-config="true" signature="closeBrowser()[pri:0, instance:ananthuProject.Test.RecordListTest@1c742ed4]" started-at="2025-02-09T18:42:03 EST" name="closeBrowser" finished-at="2025-02-09T18:42:03 EST" duration-ms="34" status="PASS">
          <reporter-output>
          </reporter-output>
        </test-method> <!-- closeBrowser -->
      </class> <!-- ananthuProject.Test.RecordListTest -->
      <class name="ananthuProject.Test.StandAloneTest">
        <test-method is-config="true" signature="launchApplication()[pri:0, instance:ananthuProject.Test.StandAloneTest@c430e6c]" started-at="2025-02-09T18:40:30 EST" name="launchApplication" finished-at="2025-02-09T18:40:38 EST" duration-ms="7732" status="PASS">
          <reporter-output>
          </reporter-output>
        </test-method> <!-- launchApplication -->
        <test-method signature="testUpdatingUserName()[pri:0, instance:ananthuProject.Test.StandAloneTest@c430e6c]" started-at="2025-02-09T18:40:38 EST" name="testUpdatingUserName" finished-at="2025-02-09T18:40:58 EST" duration-ms="20655" status="PASS">
          <reporter-output>
          </reporter-output>
        </test-method> <!-- testUpdatingUserName -->
        <test-method is-config="true" signature="closeBrowser()[pri:0, instance:ananthuProject.Test.StandAloneTest@c430e6c]" started-at="2025-02-09T18:40:58 EST" name="closeBrowser" finished-at="2025-02-09T18:40:59 EST" duration-ms="47" status="PASS">
          <reporter-output>
          </reporter-output>
        </test-method> <!-- closeBrowser -->
        <test-method is-config="true" signature="launchApplication()[pri:0, instance:ananthuProject.Test.StandAloneTest@c430e6c]" started-at="2025-02-09T18:40:59 EST" name="launchApplication" finished-at="2025-02-09T18:41:02 EST" duration-ms="3750" status="PASS">
          <reporter-output>
          </reporter-output>
        </test-method> <!-- launchApplication -->
        <test-method signature="searchNameInTimeSheet()[pri:0, instance:ananthuProject.Test.StandAloneTest@c430e6c]" started-at="2025-02-09T18:41:02 EST" name="searchNameInTimeSheet" finished-at="2025-02-09T18:41:07 EST" depends-on-methods="ananthuProject.Test.StandAloneTest.testUpdatingUserName" duration-ms="4923" status="PASS">
          <reporter-output>
          </reporter-output>
        </test-method> <!-- searchNameInTimeSheet -->
        <test-method is-config="true" signature="closeBrowser()[pri:0, instance:ananthuProject.Test.StandAloneTest@c430e6c]" started-at="2025-02-09T18:41:07 EST" name="closeBrowser" finished-at="2025-02-09T18:41:07 EST" duration-ms="37" status="PASS">
          <reporter-output>
          </reporter-output>
        </test-method> <!-- closeBrowser -->
        <test-method is-config="true" signature="launchApplication()[pri:0, instance:ananthuProject.Test.StandAloneTest@c430e6c]" started-at="2025-02-09T18:41:07 EST" name="launchApplication" finished-at="2025-02-09T18:41:12 EST" duration-ms="4539" status="PASS">
          <reporter-output>
          </reporter-output>
        </test-method> <!-- launchApplication -->
        <test-method signature="searchUpdatedUserFromDirectory()[pri:0, instance:ananthuProject.Test.StandAloneTest@c430e6c]" started-at="2025-02-09T18:41:12 EST" name="searchUpdatedUserFromDirectory" finished-at="2025-02-09T18:41:18 EST" depends-on-methods="ananthuProject.Test.StandAloneTest.testUpdatingUserName" duration-ms="6166" status="PASS">
          <reporter-output>
          </reporter-output>
        </test-method> <!-- searchUpdatedUserFromDirectory -->
        <test-method is-config="true" signature="closeBrowser()[pri:0, instance:ananthuProject.Test.StandAloneTest@c430e6c]" started-at="2025-02-09T18:41:18 EST" name="closeBrowser" finished-at="2025-02-09T18:41:18 EST" duration-ms="38" status="PASS">
          <reporter-output>
          </reporter-output>
        </test-method> <!-- closeBrowser -->
      </class> <!-- ananthuProject.Test.StandAloneTest -->
    </test> <!-- Login Tests -->
  </suite> <!-- Test Suite -->
</testng-results>
