<?xml version="1.0" encoding="UTF-8"?>
<testng-results ignored="0" total="11" passed="11" failed="0" skipped="0">
  <reporter-output>
  </reporter-output>
  <suite started-at="2025-02-17T10:54:39 EST" name="Test Suite" finished-at="2025-02-17T10:56:20 EST" duration-ms="100912">
    <groups>
    </groups>
    <test started-at="2025-02-17T10:54:39 EST" name="Login Tests" finished-at="2025-02-17T10:56:20 EST" duration-ms="100912">
      <class name="ananthuProject.Test.LoginCheckTest">
        <test-method is-config="true" signature="launchApplication()[pri:0, instance:ananthuProject.Test.LoginCheckTest@4b520ea8]" started-at="2025-02-17T10:55:27 EST" name="launchApplication" finished-at="2025-02-17T10:55:30 EST" duration-ms="2426" status="PASS">
          <reporter-output>
          </reporter-output>
        </test-method> <!-- launchApplication -->
        <test-method signature="logInError(java.lang.String,java.lang.String)[pri:0, instance:ananthuProject.Test.LoginCheckTest@4b520ea8]" started-at="2025-02-17T10:55:30 EST" name="logInError" data-provider="getData" finished-at="2025-02-17T10:55:31 EST" duration-ms="1156" status="PASS">
          <params>
            <param index="0">
              <value>
                <![CDATA[Ananthu]]>
              </value>
            </param>
            <param index="1">
              <value>
                <![CDATA[test123]]>
              </value>
            </param>
          </params>
          <reporter-output>
          </reporter-output>
        </test-method> <!-- logInError -->
        <test-method is-config="true" signature="closeBrowser()[pri:0, instance:ananthuProject.Test.LoginCheckTest@4b520ea8]" started-at="2025-02-17T10:55:31 EST" name="closeBrowser" finished-at="2025-02-17T10:55:31 EST" duration-ms="189" status="PASS">
          <reporter-output>
          </reporter-output>
        </test-method> <!-- closeBrowser -->
        <test-method is-config="true" signature="launchApplication()[pri:0, instance:ananthuProject.Test.LoginCheckTest@4b520ea8]" started-at="2025-02-17T10:55:31 EST" name="launchApplication" finished-at="2025-02-17T10:55:34 EST" duration-ms="2370" status="PASS">
          <reporter-output>
          </reporter-output>
        </test-method> <!-- launchApplication -->
        <test-method signature="logInError(java.lang.String,java.lang.String)[pri:0, instance:ananthuProject.Test.LoginCheckTest@4b520ea8]" started-at="2025-02-17T10:55:34 EST" name="logInError" data-provider="getData" finished-at="2025-02-17T10:55:35 EST" duration-ms="1252" status="PASS">
          <params>
            <param index="0">
              <value>
                <![CDATA[jackson]]>
              </value>
            </param>
            <param index="1">
              <value>
                <![CDATA[test896]]>
              </value>
            </param>
          </params>
          <reporter-output>
          </reporter-output>
        </test-method> <!-- logInError -->
        <test-method is-config="true" signature="closeBrowser()[pri:0, instance:ananthuProject.Test.LoginCheckTest@4b520ea8]" started-at="2025-02-17T10:55:35 EST" name="closeBrowser" finished-at="2025-02-17T10:55:35 EST" duration-ms="202" status="PASS">
          <reporter-output>
          </reporter-output>
        </test-method> <!-- closeBrowser -->
        <test-method is-config="true" signature="launchApplication()[pri:0, instance:ananthuProject.Test.LoginCheckTest@4b520ea8]" started-at="2025-02-17T10:55:35 EST" name="launchApplication" finished-at="2025-02-17T10:55:38 EST" duration-ms="2547" status="PASS">
          <reporter-output>
          </reporter-output>
        </test-method> <!-- launchApplication -->
        <test-method signature="logInError(java.lang.String,java.lang.String)[pri:0, instance:ananthuProject.Test.LoginCheckTest@4b520ea8]" started-at="2025-02-17T10:55:38 EST" name="logInError" data-provider="getData" finished-at="2025-02-17T10:55:39 EST" duration-ms="1131" status="PASS">
          <params>
            <param index="0">
              <value>
                <![CDATA[Test]]>
              </value>
            </param>
            <param index="1">
              <value>
                <![CDATA[ananthu]]>
              </value>
            </param>
          </params>
          <reporter-output>
          </reporter-output>
        </test-method> <!-- logInError -->
        <test-method is-config="true" signature="closeBrowser()[pri:0, instance:ananthuProject.Test.LoginCheckTest@4b520ea8]" started-at="2025-02-17T10:55:39 EST" name="closeBrowser" finished-at="2025-02-17T10:55:39 EST" duration-ms="199" status="PASS">
          <reporter-output>
          </reporter-output>
        </test-method> <!-- closeBrowser -->
        <test-method is-config="true" signature="launchApplication()[pri:0, instance:ananthuProject.Test.LoginCheckTest@4b520ea8]" started-at="2025-02-17T10:55:39 EST" name="launchApplication" finished-at="2025-02-17T10:55:41 EST" duration-ms="2326" status="PASS">
          <reporter-output>
          </reporter-output>
        </test-method> <!-- launchApplication -->
        <test-method signature="logInError(java.lang.String,java.lang.String)[pri:0, instance:ananthuProject.Test.LoginCheckTest@4b520ea8]" started-at="2025-02-17T10:55:41 EST" name="logInError" data-provider="getData" finished-at="2025-02-17T10:55:42 EST" duration-ms="1156" status="PASS">
          <params>
            <param index="0">
              <value>
                <![CDATA[sdwdfsf]]>
              </value>
            </param>
            <param index="1">
              <value>
                <![CDATA[sdfsdfgdggdf]]>
              </value>
            </param>
          </params>
          <reporter-output>
          </reporter-output>
        </test-method> <!-- logInError -->
        <test-method is-config="true" signature="closeBrowser()[pri:0, instance:ananthuProject.Test.LoginCheckTest@4b520ea8]" started-at="2025-02-17T10:55:42 EST" name="closeBrowser" finished-at="2025-02-17T10:55:43 EST" duration-ms="200" status="PASS">
          <reporter-output>
          </reporter-output>
        </test-method> <!-- closeBrowser -->
        <test-method is-config="true" signature="launchApplication()[pri:0, instance:ananthuProject.Test.LoginCheckTest@4b520ea8]" started-at="2025-02-17T10:55:43 EST" name="launchApplication" finished-at="2025-02-17T10:55:45 EST" duration-ms="2333" status="PASS">
          <reporter-output>
          </reporter-output>
        </test-method> <!-- launchApplication -->
        <test-method signature="passwordReset()[pri:0, instance:ananthuProject.Test.LoginCheckTest@4b520ea8]" started-at="2025-02-17T10:55:45 EST" name="passwordReset" finished-at="2025-02-17T10:55:47 EST" duration-ms="1743" status="PASS">
          <reporter-output>
          </reporter-output>
        </test-method> <!-- passwordReset -->
        <test-method is-config="true" signature="closeBrowser()[pri:0, instance:ananthuProject.Test.LoginCheckTest@4b520ea8]" started-at="2025-02-17T10:55:47 EST" name="closeBrowser" finished-at="2025-02-17T10:55:47 EST" duration-ms="211" status="PASS">
          <reporter-output>
          </reporter-output>
        </test-method> <!-- closeBrowser -->
      </class> <!-- ananthuProject.Test.LoginCheckTest -->
      <class name="ananthuProject.Test.PIMpageTest">
        <test-method is-config="true" signature="launchApplication()[pri:0, instance:ananthuProject.Test.PIMpageTest@6b09fb41]" started-at="2025-02-17T10:56:13 EST" name="launchApplication" finished-at="2025-02-17T10:56:15 EST" duration-ms="2332" status="PASS">
          <reporter-output>
          </reporter-output>
        </test-method> <!-- launchApplication -->
        <test-method signature="testHelpButton()[pri:0, instance:ananthuProject.Test.PIMpageTest@6b09fb41]" started-at="2025-02-17T10:56:15 EST" name="testHelpButton" finished-at="2025-02-17T10:56:20 EST" duration-ms="4688" status="PASS">
          <reporter-output>
          </reporter-output>
        </test-method> <!-- testHelpButton -->
        <test-method is-config="true" signature="closeBrowser()[pri:0, instance:ananthuProject.Test.PIMpageTest@6b09fb41]" started-at="2025-02-17T10:56:20 EST" name="closeBrowser" finished-at="2025-02-17T10:56:20 EST" duration-ms="304" status="PASS">
          <reporter-output>
          </reporter-output>
        </test-method> <!-- closeBrowser -->
      </class> <!-- ananthuProject.Test.PIMpageTest -->
      <class name="ananthuProject.Test.CheckVisibilityTest">
        <test-method is-config="true" signature="launchApplication()[pri:0, instance:ananthuProject.Test.CheckVisibilityTest@16150369]" started-at="2025-02-17T10:55:47 EST" name="launchApplication" finished-at="2025-02-17T10:55:49 EST" duration-ms="2349" status="PASS">
          <reporter-output>
          </reporter-output>
        </test-method> <!-- launchApplication -->
        <test-method signature="checkTheVisibilityofH6()[pri:0, instance:ananthuProject.Test.CheckVisibilityTest@16150369]" started-at="2025-02-17T10:55:49 EST" name="checkTheVisibilityofH6" finished-at="2025-02-17T10:55:52 EST" duration-ms="2500" status="PASS">
          <reporter-output>
          </reporter-output>
        </test-method> <!-- checkTheVisibilityofH6 -->
        <test-method is-config="true" signature="closeBrowser()[pri:0, instance:ananthuProject.Test.CheckVisibilityTest@16150369]" started-at="2025-02-17T10:55:52 EST" name="closeBrowser" finished-at="2025-02-17T10:55:52 EST" duration-ms="221" status="PASS">
          <reporter-output>
          </reporter-output>
        </test-method> <!-- closeBrowser -->
        <test-method is-config="true" signature="launchApplication()[pri:0, instance:ananthuProject.Test.CheckVisibilityTest@16150369]" started-at="2025-02-17T10:55:52 EST" name="launchApplication" finished-at="2025-02-17T10:55:54 EST" duration-ms="2256" status="PASS">
          <reporter-output>
          </reporter-output>
        </test-method> <!-- launchApplication -->
        <test-method signature="testTotalRecord()[pri:0, instance:ananthuProject.Test.CheckVisibilityTest@16150369]" started-at="2025-02-17T10:55:54 EST" name="testTotalRecord" finished-at="2025-02-17T10:56:13 EST" duration-ms="18347" status="PASS">
          <reporter-output>
          </reporter-output>
        </test-method> <!-- testTotalRecord -->
        <test-method is-config="true" signature="closeBrowser()[pri:0, instance:ananthuProject.Test.CheckVisibilityTest@16150369]" started-at="2025-02-17T10:56:13 EST" name="closeBrowser" finished-at="2025-02-17T10:56:13 EST" duration-ms="324" status="PASS">
          <reporter-output>
          </reporter-output>
        </test-method> <!-- closeBrowser -->
      </class> <!-- ananthuProject.Test.CheckVisibilityTest -->
      <class name="ananthuProject.Test.StandAloneTest">
        <test-method is-config="true" signature="launchApplication()[pri:0, instance:ananthuProject.Test.StandAloneTest@4201c465]" started-at="2025-02-17T10:54:39 EST" name="launchApplication" finished-at="2025-02-17T10:54:46 EST" duration-ms="6700" status="PASS">
          <reporter-output>
          </reporter-output>
        </test-method> <!-- launchApplication -->
        <test-method signature="testUpdatingUserName()[pri:0, instance:ananthuProject.Test.StandAloneTest@4201c465]" started-at="2025-02-17T10:54:46 EST" name="testUpdatingUserName" finished-at="2025-02-17T10:55:08 EST" duration-ms="22206" status="PASS">
          <reporter-output>
          </reporter-output>
        </test-method> <!-- testUpdatingUserName -->
        <test-method is-config="true" signature="closeBrowser()[pri:0, instance:ananthuProject.Test.StandAloneTest@4201c465]" started-at="2025-02-17T10:55:08 EST" name="closeBrowser" finished-at="2025-02-17T10:55:09 EST" duration-ms="968" status="PASS">
          <reporter-output>
          </reporter-output>
        </test-method> <!-- closeBrowser -->
        <test-method is-config="true" signature="launchApplication()[pri:0, instance:ananthuProject.Test.StandAloneTest@4201c465]" started-at="2025-02-17T10:55:09 EST" name="launchApplication" finished-at="2025-02-17T10:55:12 EST" duration-ms="2604" status="PASS">
          <reporter-output>
          </reporter-output>
        </test-method> <!-- launchApplication -->
        <test-method signature="searchNameInTimeSheet()[pri:0, instance:ananthuProject.Test.StandAloneTest@4201c465]" started-at="2025-02-17T10:55:12 EST" name="searchNameInTimeSheet" finished-at="2025-02-17T10:55:18 EST" depends-on-methods="ananthuProject.Test.StandAloneTest.testUpdatingUserName" duration-ms="5695" status="PASS">
          <reporter-output>
          </reporter-output>
        </test-method> <!-- searchNameInTimeSheet -->
        <test-method is-config="true" signature="closeBrowser()[pri:0, instance:ananthuProject.Test.StandAloneTest@4201c465]" started-at="2025-02-17T10:55:18 EST" name="closeBrowser" finished-at="2025-02-17T10:55:18 EST" duration-ms="275" status="PASS">
          <reporter-output>
          </reporter-output>
        </test-method> <!-- closeBrowser -->
        <test-method is-config="true" signature="launchApplication()[pri:0, instance:ananthuProject.Test.StandAloneTest@4201c465]" started-at="2025-02-17T10:55:18 EST" name="launchApplication" finished-at="2025-02-17T10:55:20 EST" duration-ms="2540" status="PASS">
          <reporter-output>
          </reporter-output>
        </test-method> <!-- launchApplication -->
        <test-method signature="searchUpdatedUserFromDirectory()[pri:0, instance:ananthuProject.Test.StandAloneTest@4201c465]" started-at="2025-02-17T10:55:20 EST" name="searchUpdatedUserFromDirectory" finished-at="2025-02-17T10:55:27 EST" depends-on-methods="ananthuProject.Test.StandAloneTest.testUpdatingUserName" duration-ms="6538" status="PASS">
          <reporter-output>
          </reporter-output>
        </test-method> <!-- searchUpdatedUserFromDirectory -->
        <test-method is-config="true" signature="closeBrowser()[pri:0, instance:ananthuProject.Test.StandAloneTest@4201c465]" started-at="2025-02-17T10:55:27 EST" name="closeBrowser" finished-at="2025-02-17T10:55:27 EST" duration-ms="508" status="PASS">
          <reporter-output>
          </reporter-output>
        </test-method> <!-- closeBrowser -->
      </class> <!-- ananthuProject.Test.StandAloneTest -->
    </test> <!-- Login Tests -->
  </suite> <!-- Test Suite -->
</testng-results>
