<?xml version="1.0" encoding="UTF-8"?>
<testng-results ignored="0" total="12" passed="11" failed="1" skipped="0">
  <reporter-output>
  </reporter-output>
  <suite started-at="2025-03-03T13:38:32 EST" name="Test Suite" finished-at="2025-03-03T13:40:52 EST" duration-ms="140260">
    <groups>
    </groups>
    <test started-at="2025-03-03T13:38:32 EST" name="Login Tests" finished-at="2025-03-03T13:40:52 EST" duration-ms="140260">
      <class name="ananthuProject.Test.LoginCheckTest">
        <test-method is-config="true" signature="launchApplication()[pri:0, instance:ananthuProject.Test.LoginCheckTest@5b799640]" started-at="2025-03-03T13:39:17 EST" name="launchApplication" finished-at="2025-03-03T13:39:18 EST" duration-ms="1534" status="PASS">
          <reporter-output>
          </reporter-output>
        </test-method> <!-- launchApplication -->
        <test-method signature="logInError(java.lang.String,java.lang.String)[pri:0, instance:ananthuProject.Test.LoginCheckTest@5b799640]" started-at="2025-03-03T13:39:18 EST" name="logInError" data-provider="getData" finished-at="2025-03-03T13:39:19 EST" duration-ms="626" status="PASS">
          <params>
            <param index="0">
              <value>
                <![CDATA[Ananthu]]>
              </value>
            </param>
            <param index="1">
              <value>
                <![CDATA[test123]]>
              </value>
            </param>
          </params>
          <reporter-output>
          </reporter-output>
        </test-method> <!-- logInError -->
        <test-method is-config="true" signature="closeBrowser()[pri:0, instance:ananthuProject.Test.LoginCheckTest@5b799640]" started-at="2025-03-03T13:39:19 EST" name="closeBrowser" finished-at="2025-03-03T13:39:22 EST" duration-ms="3100" status="PASS">
          <reporter-output>
          </reporter-output>
        </test-method> <!-- closeBrowser -->
        <test-method is-config="true" signature="launchApplication()[pri:0, instance:ananthuProject.Test.LoginCheckTest@5b799640]" started-at="2025-03-03T13:39:22 EST" name="launchApplication" finished-at="2025-03-03T13:39:23 EST" duration-ms="1520" status="PASS">
          <reporter-output>
          </reporter-output>
        </test-method> <!-- launchApplication -->
        <test-method signature="logInError(java.lang.String,java.lang.String)[pri:0, instance:ananthuProject.Test.LoginCheckTest@5b799640]" started-at="2025-03-03T13:39:23 EST" name="logInError" data-provider="getData" finished-at="2025-03-03T13:39:24 EST" duration-ms="681" status="PASS">
          <params>
            <param index="0">
              <value>
                <![CDATA[jackson]]>
              </value>
            </param>
            <param index="1">
              <value>
                <![CDATA[test896]]>
              </value>
            </param>
          </params>
          <reporter-output>
          </reporter-output>
        </test-method> <!-- logInError -->
        <test-method is-config="true" signature="closeBrowser()[pri:0, instance:ananthuProject.Test.LoginCheckTest@5b799640]" started-at="2025-03-03T13:39:24 EST" name="closeBrowser" finished-at="2025-03-03T13:39:27 EST" duration-ms="3096" status="PASS">
          <reporter-output>
          </reporter-output>
        </test-method> <!-- closeBrowser -->
        <test-method is-config="true" signature="launchApplication()[pri:0, instance:ananthuProject.Test.LoginCheckTest@5b799640]" started-at="2025-03-03T13:39:27 EST" name="launchApplication" finished-at="2025-03-03T13:39:29 EST" duration-ms="1517" status="PASS">
          <reporter-output>
          </reporter-output>
        </test-method> <!-- launchApplication -->
        <test-method signature="logInError(java.lang.String,java.lang.String)[pri:0, instance:ananthuProject.Test.LoginCheckTest@5b799640]" started-at="2025-03-03T13:39:29 EST" name="logInError" data-provider="getData" finished-at="2025-03-03T13:39:40 EST" duration-ms="11005" status="FAIL">
          <params>
            <param index="0">
              <value>
                <![CDATA[Admin]]>
              </value>
            </param>
            <param index="1">
              <value>
                <![CDATA[admin123]]>
              </value>
            </param>
          </params>
          <exception class="org.openqa.selenium.NoSuchElementException">
            <message>
              <![CDATA[no such element: Unable to locate element: {"method":"css selector","selector":"p[class='oxd-text oxd-text--p oxd-alert-content-text']"}
  (Session info: chrome=133.0.6943.142)
For documentation on this error, please visit: https://www.selenium.dev/documentation/webdriver/troubleshooting/errors#no-such-element-exception
Build info: version: '4.27.0', revision: 'd6e718d134'
System info: os.name: 'Mac OS X', os.arch: 'aarch64', os.version: '15.3.1', java.version: '21.0.6'
Driver info: org.openqa.selenium.chrome.ChromeDriver
Command: [a830f6085d32bd667187078edee67689, findElement {using=css selector, value=p[class='oxd-text oxd-text--p oxd-alert-content-text']}]
Capabilities {acceptInsecureCerts: false, browserName: chrome, browserVersion: 133.0.6943.142, chrome: {chromedriverVersion: 133.0.6943.141 (2a5d6da0d61..., userDataDir: /var/folders/ls/9f0zxdtx351...}, fedcm:accounts: true, goog:chromeOptions: {debuggerAddress: localhost:54446}, networkConnectionEnabled: false, pageLoadStrategy: normal, platformName: mac, proxy: Proxy(), se:cdp: ws://localhost:54446/devtoo..., se:cdpVersion: 133.0.6943.142, setWindowRect: true, strictFileInteractability: false, timeouts: {implicit: 0, pageLoad: 300000, script: 30000}, unhandledPromptBehavior: dismiss and notify, webauthn:extension:credBlob: true, webauthn:extension:largeBlob: true, webauthn:extension:minPinLength: true, webauthn:extension:prf: true, webauthn:virtualAuthenticators: true}
Session ID: a830f6085d32bd667187078edee67689]]>
            </message>
            <full-stacktrace>
              <![CDATA[org.openqa.selenium.NoSuchElementException: no such element: Unable to locate element: {"method":"css selector","selector":"p[class='oxd-text oxd-text--p oxd-alert-content-text']"}
  (Session info: chrome=133.0.6943.142)
For documentation on this error, please visit: https://www.selenium.dev/documentation/webdriver/troubleshooting/errors#no-such-element-exception
Build info: version: '4.27.0', revision: 'd6e718d134'
System info: os.name: 'Mac OS X', os.arch: 'aarch64', os.version: '15.3.1', java.version: '21.0.6'
Driver info: org.openqa.selenium.chrome.ChromeDriver
Command: [a830f6085d32bd667187078edee67689, findElement {using=css selector, value=p[class='oxd-text oxd-text--p oxd-alert-content-text']}]
Capabilities {acceptInsecureCerts: false, browserName: chrome, browserVersion: 133.0.6943.142, chrome: {chromedriverVersion: 133.0.6943.141 (2a5d6da0d61..., userDataDir: /var/folders/ls/9f0zxdtx351...}, fedcm:accounts: true, goog:chromeOptions: {debuggerAddress: localhost:54446}, networkConnectionEnabled: false, pageLoadStrategy: normal, platformName: mac, proxy: Proxy(), se:cdp: ws://localhost:54446/devtoo..., se:cdpVersion: 133.0.6943.142, setWindowRect: true, strictFileInteractability: false, timeouts: {implicit: 0, pageLoad: 300000, script: 30000}, unhandledPromptBehavior: dismiss and notify, webauthn:extension:credBlob: true, webauthn:extension:largeBlob: true, webauthn:extension:minPinLength: true, webauthn:extension:prf: true, webauthn:virtualAuthenticators: true}
Session ID: a830f6085d32bd667187078edee67689
at java.base/jdk.internal.reflect.DirectConstructorHandleAccessor.newInstance(DirectConstructorHandleAccessor.java:62)
at java.base/java.lang.reflect.Constructor.newInstanceWithCaller(Constructor.java:502)
at java.base/java.lang.reflect.Constructor.newInstance(Constructor.java:486)
at org.openqa.selenium.remote.ErrorCodec.decode(ErrorCodec.java:167)
at org.openqa.selenium.remote.codec.w3c.W3CHttpResponseCodec.decode(W3CHttpResponseCodec.java:138)
at org.openqa.selenium.remote.codec.w3c.W3CHttpResponseCodec.decode(W3CHttpResponseCodec.java:50)
at org.openqa.selenium.remote.HttpCommandExecutor.execute(HttpCommandExecutor.java:190)
at org.openqa.selenium.remote.service.DriverCommandExecutor.invokeExecute(DriverCommandExecutor.java:216)
at org.openqa.selenium.remote.service.DriverCommandExecutor.execute(DriverCommandExecutor.java:174)
at org.openqa.selenium.remote.RemoteWebDriver.execute(RemoteWebDriver.java:545)
at org.openqa.selenium.remote.ElementLocation$ElementFinder$2.findElement(ElementLocation.java:165)
at org.openqa.selenium.remote.ElementLocation.findElement(ElementLocation.java:59)
at org.openqa.selenium.remote.RemoteWebDriver.findElement(RemoteWebDriver.java:368)
at org.openqa.selenium.remote.RemoteWebDriver.findElement(RemoteWebDriver.java:362)
at org.openqa.selenium.support.pagefactory.DefaultElementLocator.findElement(DefaultElementLocator.java:68)
at org.openqa.selenium.support.pagefactory.internal.LocatingElementHandler.invoke(LocatingElementHandler.java:38)
at jdk.proxy2/jdk.proxy2.$Proxy12.getText(Unknown Source)
at ananthuProject.pageobjects.LandingPage.invalidCredentials(LandingPage.java:73)
at ananthuProject.Test.LoginCheckTest.logInError(LoginCheckTest.java:29)
at java.base/jdk.internal.reflect.DirectMethodHandleAccessor.invoke(DirectMethodHandleAccessor.java:103)
at java.base/java.lang.reflect.Method.invoke(Method.java:580)
at org.testng.internal.invokers.MethodInvocationHelper.invokeMethod(MethodInvocationHelper.java:141)
at org.testng.internal.invokers.TestInvoker.invokeMethod(TestInvoker.java:686)
at org.testng.internal.invokers.TestInvoker.invokeTestMethod(TestInvoker.java:230)
at org.testng.internal.invokers.MethodRunner.runInSequence(MethodRunner.java:63)
at org.testng.internal.invokers.TestInvoker$MethodInvocationAgent.invoke(TestInvoker.java:992)
at org.testng.internal.invokers.TestInvoker.invokeTestMethods(TestInvoker.java:203)
at org.testng.internal.invokers.TestMethodWorker.invokeTestMethods(TestMethodWorker.java:154)
at org.testng.internal.invokers.TestMethodWorker.run(TestMethodWorker.java:134)
at java.base/java.util.ArrayList.forEach(ArrayList.java:1596)
at org.testng.TestRunner.privateRun(TestRunner.java:739)
at org.testng.TestRunner.run(TestRunner.java:614)
at org.testng.SuiteRunner.runTest(SuiteRunner.java:421)
at org.testng.SuiteRunner.runSequentially(SuiteRunner.java:413)
at org.testng.SuiteRunner.privateRun(SuiteRunner.java:373)
at org.testng.SuiteRunner.run(SuiteRunner.java:312)
at org.testng.SuiteRunnerWorker.runSuite(SuiteRunnerWorker.java:52)
at org.testng.SuiteRunnerWorker.run(SuiteRunnerWorker.java:95)
at org.testng.TestNG.runSuitesSequentially(TestNG.java:1274)
at org.testng.TestNG.runSuitesLocally(TestNG.java:1208)
at org.testng.TestNG.runSuites(TestNG.java:1112)
at org.testng.TestNG.run(TestNG.java:1079)
at org.apache.maven.surefire.testng.TestNGExecutor.run(TestNGExecutor.java:308)
at org.apache.maven.surefire.testng.TestNGXmlTestSuite.execute(TestNGXmlTestSuite.java:71)
at org.apache.maven.surefire.testng.TestNGProvider.invoke(TestNGProvider.java:113)
at org.apache.maven.surefire.booter.ForkedBooter.runSuitesInProcess(ForkedBooter.java:385)
at org.apache.maven.surefire.booter.ForkedBooter.execute(ForkedBooter.java:162)
at org.apache.maven.surefire.booter.ForkedBooter.run(ForkedBooter.java:507)
at org.apache.maven.surefire.booter.ForkedBooter.main(ForkedBooter.java:495)
]]>
            </full-stacktrace>
          </exception> <!-- org.openqa.selenium.NoSuchElementException -->
          <reporter-output>
          </reporter-output>
        </test-method> <!-- logInError -->
        <test-method is-config="true" signature="closeBrowser()[pri:0, instance:ananthuProject.Test.LoginCheckTest@5b799640]" started-at="2025-03-03T13:39:40 EST" name="closeBrowser" finished-at="2025-03-03T13:39:43 EST" duration-ms="3103" status="PASS">
          <reporter-output>
          </reporter-output>
        </test-method> <!-- closeBrowser -->
        <test-method is-config="true" signature="launchApplication()[pri:0, instance:ananthuProject.Test.LoginCheckTest@5b799640]" started-at="2025-03-03T13:39:43 EST" name="launchApplication" finished-at="2025-03-03T13:39:45 EST" duration-ms="1491" status="PASS">
          <reporter-output>
          </reporter-output>
        </test-method> <!-- launchApplication -->
        <test-method signature="logInError(java.lang.String,java.lang.String)[pri:0, instance:ananthuProject.Test.LoginCheckTest@5b799640]" started-at="2025-03-03T13:39:45 EST" name="logInError" data-provider="getData" finished-at="2025-03-03T13:39:45 EST" duration-ms="643" status="PASS">
          <params>
            <param index="0">
              <value>
                <![CDATA[sdwdfsf]]>
              </value>
            </param>
            <param index="1">
              <value>
                <![CDATA[sdfsdfgdggdf]]>
              </value>
            </param>
          </params>
          <reporter-output>
          </reporter-output>
        </test-method> <!-- logInError -->
        <test-method is-config="true" signature="closeBrowser()[pri:0, instance:ananthuProject.Test.LoginCheckTest@5b799640]" started-at="2025-03-03T13:39:45 EST" name="closeBrowser" finished-at="2025-03-03T13:39:48 EST" duration-ms="3101" status="PASS">
          <reporter-output>
          </reporter-output>
        </test-method> <!-- closeBrowser -->
        <test-method is-config="true" signature="launchApplication()[pri:0, instance:ananthuProject.Test.LoginCheckTest@5b799640]" started-at="2025-03-03T13:39:48 EST" name="launchApplication" finished-at="2025-03-03T13:39:50 EST" duration-ms="1551" status="PASS">
          <reporter-output>
          </reporter-output>
        </test-method> <!-- launchApplication -->
        <test-method signature="passwordReset()[pri:0, instance:ananthuProject.Test.LoginCheckTest@5b799640]" started-at="2025-03-03T13:39:50 EST" name="passwordReset" finished-at="2025-03-03T13:39:51 EST" duration-ms="1140" status="PASS">
          <reporter-output>
          </reporter-output>
        </test-method> <!-- passwordReset -->
        <test-method is-config="true" signature="closeBrowser()[pri:0, instance:ananthuProject.Test.LoginCheckTest@5b799640]" started-at="2025-03-03T13:39:51 EST" name="closeBrowser" finished-at="2025-03-03T13:39:54 EST" duration-ms="3098" status="PASS">
          <reporter-output>
          </reporter-output>
        </test-method> <!-- closeBrowser -->
      </class> <!-- ananthuProject.Test.LoginCheckTest -->
      <class name="ananthuProject.Test.PIMpageTest">
        <test-method is-config="true" signature="launchApplication()[pri:0, instance:ananthuProject.Test.PIMpageTest@710636b0]" started-at="2025-03-03T13:40:21 EST" name="launchApplication" finished-at="2025-03-03T13:40:22 EST" duration-ms="1507" status="PASS">
          <reporter-output>
          </reporter-output>
        </test-method> <!-- launchApplication -->
        <test-method signature="testHelpButton()[pri:0, instance:ananthuProject.Test.PIMpageTest@710636b0]" started-at="2025-03-03T13:40:22 EST" name="testHelpButton" finished-at="2025-03-03T13:40:26 EST" duration-ms="3404" status="PASS">
          <reporter-output>
          </reporter-output>
        </test-method> <!-- testHelpButton -->
        <test-method is-config="true" signature="closeBrowser()[pri:0, instance:ananthuProject.Test.PIMpageTest@710636b0]" started-at="2025-03-03T13:40:26 EST" name="closeBrowser" finished-at="2025-03-03T13:40:29 EST" duration-ms="3105" status="PASS">
          <reporter-output>
          </reporter-output>
        </test-method> <!-- closeBrowser -->
      </class> <!-- ananthuProject.Test.PIMpageTest -->
      <class name="ananthuProject.Test.APITest">
        <test-method is-config="true" signature="launchApplication()[pri:0, instance:ananthuProject.Test.APITest@3de8f619]" started-at="2025-03-03T13:40:29 EST" name="launchApplication" finished-at="2025-03-03T13:40:31 EST" duration-ms="1692" status="PASS">
          <reporter-output>
          </reporter-output>
        </test-method> <!-- launchApplication -->
        <test-method signature="APIstatusCheck()[pri:0, instance:ananthuProject.Test.APITest@3de8f619]" started-at="2025-03-03T13:40:31 EST" name="APIstatusCheck" finished-at="2025-03-03T13:40:49 EST" duration-ms="18701" status="PASS">
          <reporter-output>
          </reporter-output>
        </test-method> <!-- APIstatusCheck -->
        <test-method is-config="true" signature="closeBrowser()[pri:0, instance:ananthuProject.Test.APITest@3de8f619]" started-at="2025-03-03T13:40:49 EST" name="closeBrowser" finished-at="2025-03-03T13:40:52 EST" duration-ms="3109" status="PASS">
          <reporter-output>
          </reporter-output>
        </test-method> <!-- closeBrowser -->
      </class> <!-- ananthuProject.Test.APITest -->
      <class name="ananthuProject.Test.CheckVisibilityTest">
        <test-method is-config="true" signature="launchApplication()[pri:0, instance:ananthuProject.Test.CheckVisibilityTest@6cb107fd]" started-at="2025-03-03T13:39:54 EST" name="launchApplication" finished-at="2025-03-03T13:39:56 EST" duration-ms="1476" status="PASS">
          <reporter-output>
          </reporter-output>
        </test-method> <!-- launchApplication -->
        <test-method signature="checkTheVisibilityofH6()[pri:0, instance:ananthuProject.Test.CheckVisibilityTest@6cb107fd]" started-at="2025-03-03T13:39:56 EST" name="checkTheVisibilityofH6" finished-at="2025-03-03T13:39:57 EST" duration-ms="1676" status="PASS">
          <reporter-output>
          </reporter-output>
        </test-method> <!-- checkTheVisibilityofH6 -->
        <test-method is-config="true" signature="closeBrowser()[pri:0, instance:ananthuProject.Test.CheckVisibilityTest@6cb107fd]" started-at="2025-03-03T13:39:57 EST" name="closeBrowser" finished-at="2025-03-03T13:40:00 EST" duration-ms="3099" status="PASS">
          <reporter-output>
          </reporter-output>
        </test-method> <!-- closeBrowser -->
        <test-method is-config="true" signature="launchApplication()[pri:0, instance:ananthuProject.Test.CheckVisibilityTest@6cb107fd]" started-at="2025-03-03T13:40:00 EST" name="launchApplication" finished-at="2025-03-03T13:40:02 EST" duration-ms="1556" status="PASS">
          <reporter-output>
          </reporter-output>
        </test-method> <!-- launchApplication -->
        <test-method signature="testTotalRecord()[pri:0, instance:ananthuProject.Test.CheckVisibilityTest@6cb107fd]" started-at="2025-03-03T13:40:02 EST" name="testTotalRecord" finished-at="2025-03-03T13:40:18 EST" duration-ms="15936" status="PASS">
          <reporter-output>
          </reporter-output>
        </test-method> <!-- testTotalRecord -->
        <test-method is-config="true" signature="closeBrowser()[pri:0, instance:ananthuProject.Test.CheckVisibilityTest@6cb107fd]" started-at="2025-03-03T13:40:18 EST" name="closeBrowser" finished-at="2025-03-03T13:40:21 EST" duration-ms="3105" status="PASS">
          <reporter-output>
          </reporter-output>
        </test-method> <!-- closeBrowser -->
      </class> <!-- ananthuProject.Test.CheckVisibilityTest -->
      <class name="ananthuProject.Test.StandAloneTest">
        <test-method is-config="true" signature="launchApplication()[pri:0, instance:ananthuProject.Test.StandAloneTest@1033576a]" started-at="2025-03-03T13:38:32 EST" name="launchApplication" finished-at="2025-03-03T13:38:34 EST" duration-ms="1821" status="PASS">
          <reporter-output>
          </reporter-output>
        </test-method> <!-- launchApplication -->
        <test-method signature="testUpdatingUserName()[pri:0, instance:ananthuProject.Test.StandAloneTest@1033576a]" started-at="2025-03-03T13:38:34 EST" name="testUpdatingUserName" finished-at="2025-03-03T13:38:55 EST" duration-ms="20929" status="PASS">
          <reporter-output>
          </reporter-output>
        </test-method> <!-- testUpdatingUserName -->
        <test-method is-config="true" signature="closeBrowser()[pri:0, instance:ananthuProject.Test.StandAloneTest@1033576a]" started-at="2025-03-03T13:38:55 EST" name="closeBrowser" finished-at="2025-03-03T13:38:58 EST" duration-ms="3110" status="PASS">
          <reporter-output>
          </reporter-output>
        </test-method> <!-- closeBrowser -->
        <test-method is-config="true" signature="launchApplication()[pri:0, instance:ananthuProject.Test.StandAloneTest@1033576a]" started-at="2025-03-03T13:38:58 EST" name="launchApplication" finished-at="2025-03-03T13:39:00 EST" duration-ms="1563" status="PASS">
          <reporter-output>
          </reporter-output>
        </test-method> <!-- launchApplication -->
        <test-method signature="searchNameInTimeSheet()[pri:0, instance:ananthuProject.Test.StandAloneTest@1033576a]" started-at="2025-03-03T13:39:00 EST" name="searchNameInTimeSheet" finished-at="2025-03-03T13:39:04 EST" depends-on-methods="ananthuProject.Test.StandAloneTest.testUpdatingUserName" duration-ms="4561" status="PASS">
          <reporter-output>
          </reporter-output>
        </test-method> <!-- searchNameInTimeSheet -->
        <test-method is-config="true" signature="closeBrowser()[pri:0, instance:ananthuProject.Test.StandAloneTest@1033576a]" started-at="2025-03-03T13:39:04 EST" name="closeBrowser" finished-at="2025-03-03T13:39:07 EST" duration-ms="3096" status="PASS">
          <reporter-output>
          </reporter-output>
        </test-method> <!-- closeBrowser -->
        <test-method is-config="true" signature="launchApplication()[pri:0, instance:ananthuProject.Test.StandAloneTest@1033576a]" started-at="2025-03-03T13:39:07 EST" name="launchApplication" finished-at="2025-03-03T13:39:09 EST" duration-ms="1510" status="PASS">
          <reporter-output>
          </reporter-output>
        </test-method> <!-- launchApplication -->
        <test-method signature="searchUpdatedUserFromDirectory()[pri:0, instance:ananthuProject.Test.StandAloneTest@1033576a]" started-at="2025-03-03T13:39:09 EST" name="searchUpdatedUserFromDirectory" finished-at="2025-03-03T13:39:14 EST" depends-on-methods="ananthuProject.Test.StandAloneTest.testUpdatingUserName" duration-ms="4833" status="PASS">
          <reporter-output>
          </reporter-output>
        </test-method> <!-- searchUpdatedUserFromDirectory -->
        <test-method is-config="true" signature="closeBrowser()[pri:0, instance:ananthuProject.Test.StandAloneTest@1033576a]" started-at="2025-03-03T13:39:14 EST" name="closeBrowser" finished-at="2025-03-03T13:39:17 EST" duration-ms="3099" status="PASS">
          <reporter-output>
          </reporter-output>
        </test-method> <!-- closeBrowser -->
      </class> <!-- ananthuProject.Test.StandAloneTest -->
    </test> <!-- Login Tests -->
  </suite> <!-- Test Suite -->
</testng-results>
