<?xml version="1.0" encoding="UTF-8"?>
<!-- Generated by org.testng.reporters.JUnitXMLReporter -->
<testsuite ignored="0" hostname="LAPTOP-JFKQL1HG" failures="0" tests="20" name="Login Tests" time="142.794" errors="0" timestamp="2025-02-23T17:29:33 EST">
  <testcase classname="ananthuProject.Test.StandAloneTest" name="testUpdatingUserName" time="21.924"/>
  <testcase classname="ananthuProject.Test.StandAloneTest" name="searchNameInTimeSheet" time="5.5"/>
  <testcase classname="ananthuProject.Test.StandAloneTest" name="searchUpdatedUserFromDirectory" time="6.381"/>
  <testcase classname="ananthuProject.Test.LoginCheckTest" name="logInError" time="1.366"/>
  <testcase classname="ananthuProject.Test.LoginCheckTest" name="logInError" time="1.252"/>
  <testcase classname="ananthuProject.Test.LoginCheckTest" name="logInError" time="1.239"/>
  <testcase classname="ananthuProject.Test.LoginCheckTest" name="logInError" time="1.259"/>
  <testcase classname="ananthuProject.Test.LoginCheckTest" name="logInWithDataBaseCredentials" time="1.127"/>
  <testcase classname="ananthuProject.Test.LoginCheckTest" name="logInWithDataBaseCredentials" time="1.104"/>
  <testcase classname="ananthuProject.Test.LoginCheckTest" name="logInWithDataBaseCredentials" time="1.221"/>
  <testcase classname="ananthuProject.Test.LoginCheckTest" name="logInWithDataBaseCredentials" time="1.09"/>
  <testcase classname="ananthuProject.Test.LoginCheckTest" name="logInWithDataBaseCredentials" time="1.087"/>
  <testcase classname="ananthuProject.Test.LoginCheckTest" name="logInWithDataBaseCredentials" time="1.144"/>
  <testcase classname="ananthuProject.Test.LoginCheckTest" name="logInWithDataBaseCredentials" time="1.105"/>
  <testcase classname="ananthuProject.Test.LoginCheckTest" name="logInWithDataBaseCredentials" time="1.583"/>
  <testcase classname="ananthuProject.Test.LoginCheckTest" name="passwordReset" time="2.406"/>
  <testcase classname="ananthuProject.Test.CheckVisibilityTest" name="checkTheVisibilityofH6" time="4.027"/>
  <testcase classname="ananthuProject.Test.CheckVisibilityTest" name="testTotalRecord" time="17.964"/>
  <testcase classname="ananthuProject.Test.PIMpageTest" name="testHelpButton" time="4.736"/>
  <testcase classname="ananthuProject.Test.APITest" name="APIstatusCheck" time="9.072"/>
</testsuite> <!-- Login Tests -->
