<?xml version="1.0" encoding="UTF-8"?>
<!-- Generated by org.testng.reporters.JUnitXMLReporter -->
<testsuite ignored="0" hostname="LAPTOP-JFKQL1HG" failures="0" tests="19" name="Login Tests" time="210.503" errors="0" timestamp="2025-02-18T08:59:52 EST">
  <testcase classname="ananthuProject.Test.StandAloneTest" name="testUpdatingUserName" time="26.752"/>
  <testcase classname="ananthuProject.Test.StandAloneTest" name="searchNameInTimeSheet" time="8.023"/>
  <testcase classname="ananthuProject.Test.StandAloneTest" name="searchUpdatedUserFromDirectory" time="9.176"/>
  <testcase classname="ananthuProject.Test.LoginCheckTest" name="logInError" time="2.198"/>
  <testcase classname="ananthuProject.Test.LoginCheckTest" name="logInError" time="1.745"/>
  <testcase classname="ananthuProject.Test.LoginCheckTest" name="logInError" time="1.718"/>
  <testcase classname="ananthuProject.Test.LoginCheckTest" name="logInError" time="2.357"/>
  <testcase classname="ananthuProject.Test.LoginCheckTest" name="logInWithDataBaseCredentials" time="2.351"/>
  <testcase classname="ananthuProject.Test.LoginCheckTest" name="logInWithDataBaseCredentials" time="2.135"/>
  <testcase classname="ananthuProject.Test.LoginCheckTest" name="logInWithDataBaseCredentials" time="2.097"/>
  <testcase classname="ananthuProject.Test.LoginCheckTest" name="logInWithDataBaseCredentials" time="3.253"/>
  <testcase classname="ananthuProject.Test.LoginCheckTest" name="logInWithDataBaseCredentials" time="2.144"/>
  <testcase classname="ananthuProject.Test.LoginCheckTest" name="logInWithDataBaseCredentials" time="1.794"/>
  <testcase classname="ananthuProject.Test.LoginCheckTest" name="logInWithDataBaseCredentials" time="1.909"/>
  <testcase classname="ananthuProject.Test.LoginCheckTest" name="logInWithDataBaseCredentials" time="1.712"/>
  <testcase classname="ananthuProject.Test.LoginCheckTest" name="passwordReset" time="2.628"/>
  <testcase classname="ananthuProject.Test.CheckVisibilityTest" name="checkTheVisibilityofH6" time="4.305"/>
  <testcase classname="ananthuProject.Test.CheckVisibilityTest" name="testTotalRecord" time="24.278"/>
  <testcase classname="ananthuProject.Test.PIMpageTest" name="testHelpButton" time="8.208"/>
</testsuite> <!-- Login Tests -->
