<?xml version="1.0" encoding="UTF-8"?>
<!-- Generated by org.testng.reporters.JUnitXMLReporter -->
<testsuite ignored="0" hostname="LAPTOP-JFKQL1HG" failures="0" tests="20" name="Login Tests" time="168.17" errors="0" timestamp="2025-02-23T17:04:56 EST">
  <testcase classname="ananthuProject.Test.StandAloneTest" name="testUpdatingUserName" time="21.915"/>
  <testcase classname="ananthuProject.Test.StandAloneTest" name="searchNameInTimeSheet" time="5.287"/>
  <testcase classname="ananthuProject.Test.StandAloneTest" name="searchUpdatedUserFromDirectory" time="5.973"/>
  <testcase classname="ananthuProject.Test.LoginCheckTest" name="logInError" time="1.14"/>
  <testcase classname="ananthuProject.Test.LoginCheckTest" name="logInError" time="1.249"/>
  <testcase classname="ananthuProject.Test.LoginCheckTest" name="logInError" time="1.149"/>
  <testcase classname="ananthuProject.Test.LoginCheckTest" name="logInError" time="1.087"/>
  <testcase classname="ananthuProject.Test.LoginCheckTest" name="logInWithDataBaseCredentials" time="1.134"/>
  <testcase classname="ananthuProject.Test.LoginCheckTest" name="logInWithDataBaseCredentials" time="1.111"/>
  <testcase classname="ananthuProject.Test.LoginCheckTest" name="logInWithDataBaseCredentials" time="1.222"/>
  <testcase classname="ananthuProject.Test.LoginCheckTest" name="logInWithDataBaseCredentials" time="1.102"/>
  <testcase classname="ananthuProject.Test.LoginCheckTest" name="logInWithDataBaseCredentials" time="1.091"/>
  <testcase classname="ananthuProject.Test.LoginCheckTest" name="logInWithDataBaseCredentials" time="1.095"/>
  <testcase classname="ananthuProject.Test.LoginCheckTest" name="logInWithDataBaseCredentials" time="1.106"/>
  <testcase classname="ananthuProject.Test.LoginCheckTest" name="logInWithDataBaseCredentials" time="1.086"/>
  <testcase classname="ananthuProject.Test.LoginCheckTest" name="passwordReset" time="1.608"/>
  <testcase classname="ananthuProject.Test.CheckVisibilityTest" name="checkTheVisibilityofH6" time="2.594"/>
  <testcase classname="ananthuProject.Test.CheckVisibilityTest" name="testTotalRecord" time="16.511"/>
  <testcase classname="ananthuProject.Test.PIMpageTest" name="testHelpButton" time="5.08"/>
  <testcase classname="ananthuProject.Test.APITest" name="APIstatusCheck" time="9.553"/>
</testsuite> <!-- Login Tests -->
