<?xml version="1.0" encoding="UTF-8"?>
<!-- Generated by org.testng.reporters.JUnitXMLReporter -->
<testsuite ignored="0" hostname="LAPTOP-JFKQL1HG" failures="0" tests="9" name="Login Tests" time="92.937" errors="0" timestamp="2025-02-09T18:42:04 EST">
  <testcase classname="ananthuProject.Test.StandAloneTest" name="testUpdatingUserName" time="20.655"/>
  <testcase classname="ananthuProject.Test.StandAloneTest" name="searchNameInTimeSheet" time="4.923"/>
  <testcase classname="ananthuProject.Test.StandAloneTest" name="searchUpdatedUserFromDirectory" time="6.166"/>
  <testcase classname="ananthuProject.Test.LoginCheckTest" name="logInError" time="1.102"/>
  <testcase classname="ananthuProject.Test.LoginCheckTest" name="logInError" time="1.031"/>
  <testcase classname="ananthuProject.Test.LoginCheckTest" name="logInError" time="1.077"/>
  <testcase classname="ananthuProject.Test.LoginCheckTest" name="logInError" time="1.118"/>
  <testcase classname="ananthuProject.Test.LoginCheckTest" name="passwordReset" time="1.422"/>
  <testcase classname="ananthuProject.Test.RecordListTest" name="testTotalRecord" time="18.191"/>
</testsuite> <!-- Login Tests -->
