<?xml version="1.0" encoding="UTF-8"?>
<!-- Generated by org.testng.reporters.JUnitXMLReporter -->
<testsuite ignored="0" hostname="Ananthus-MacBook-Pro.local" failures="1" tests="12" name="Login Tests" time="124.42" errors="0" timestamp="2025-03-06T22:18:22 EST">
  <testcase classname="ananthuProject.Test.StandAloneTest" name="testUpdatingUserName" time="20.378"/>
  <testcase classname="ananthuProject.Test.StandAloneTest" name="searchNameInTimeSheet" time="4.103"/>
  <testcase classname="ananthuProject.Test.StandAloneTest" name="searchUpdatedUserFromDirectory" time="4.712">
    <failure type="java.lang.NullPointerException" message="Cannot invoke &amp;quot;org.openqa.selenium.WebElement.click()&amp;quot; because &amp;quot;selectJobTitle&amp;quot; is null">
      <![CDATA[java.lang.NullPointerException: Cannot invoke "org.openqa.selenium.WebElement.click()" because "selectJobTitle" is null
at ananthuProject.pageobjects.DirectoryPage.myAction(DirectoryPage.java:55)
at ananthuProject.Test.StandAloneTest.searchUpdatedUserFromDirectory(StandAloneTest.java:57)
at java.base/java.util.ArrayList.forEach(ArrayList.java:1596)
... Removed 29 stack frames]]>
    </failure>
  </testcase> <!-- searchUpdatedUserFromDirectory -->
  <testcase classname="ananthuProject.Test.LoginCheckTest" name="logInError" time="0.69"/>
  <testcase classname="ananthuProject.Test.LoginCheckTest" name="logInError" time="0.612"/>
  <testcase classname="ananthuProject.Test.LoginCheckTest" name="logInError" time="1.013"/>
  <testcase classname="ananthuProject.Test.LoginCheckTest" name="logInError" time="0.6"/>
  <testcase classname="ananthuProject.Test.LoginCheckTest" name="passwordReset" time="1.019"/>
  <testcase classname="ananthuProject.Test.CheckVisibilityTest" name="checkTheVisibilityofH6" time="1.637"/>
  <testcase classname="ananthuProject.Test.CheckVisibilityTest" name="testTotalRecord" time="15.847"/>
  <testcase classname="ananthuProject.Test.PIMpageTest" name="testHelpButton" time="3.669"/>
  <testcase classname="ananthuProject.Test.APITest" name="APIstatusCheck" time="20.032"/>
</testsuite> <!-- Login Tests -->
