<?xml version="1.0" encoding="UTF-8"?>
<!-- Generated by org.testng.reporters.JUnitXMLReporter -->
<testsuite ignored="0" hostname="LAPTOP-JFKQL1HG" failures="0" tests="9" name="Login Tests" time="93.051" errors="0" timestamp="2025-02-09T18:16:23 EST">
  <testcase classname="ananthuProject.Test.StandAloneTest" name="testUpdatingUserName" time="21.028"/>
  <testcase classname="ananthuProject.Test.StandAloneTest" name="searchNameInTimeSheet" time="5.018"/>
  <testcase classname="ananthuProject.Test.StandAloneTest" name="searchUpdatedUserFromDirectory" time="6.012"/>
  <testcase classname="ananthuProject.Test.LoginCheckTest" name="logInError" time="1.116"/>
  <testcase classname="ananthuProject.Test.LoginCheckTest" name="logInError" time="1.222"/>
  <testcase classname="ananthuProject.Test.LoginCheckTest" name="logInError" time="1.044"/>
  <testcase classname="ananthuProject.Test.LoginCheckTest" name="logInError" time="1.234"/>
  <testcase classname="ananthuProject.Test.LoginCheckTest" name="passwordReset" time="1.481"/>
  <testcase classname="ananthuProject.Test.RecordListTest" name="testTotalRecord" time="17.711"/>
</testsuite> <!-- Login Tests -->
