<?xml version="1.0" encoding="UTF-8"?>
<!-- Generated by org.testng.reporters.JUnitXMLReporter -->
<testsuite ignored="0" hostname="LAPTOP-JFKQL1HG" failures="0" tests="11" name="Login Tests" time="114.293" errors="0" timestamp="2025-02-14T12:47:23 EST">
  <testcase classname="ananthuProject.Test.StandAloneTest" name="testUpdatingUserName" time="22.175"/>
  <testcase classname="ananthuProject.Test.StandAloneTest" name="searchNameInTimeSheet" time="5.503"/>
  <testcase classname="ananthuProject.Test.StandAloneTest" name="searchUpdatedUserFromDirectory" time="6.337"/>
  <testcase classname="ananthuProject.Test.LoginCheckTest" name="logInError" time="1.252"/>
  <testcase classname="ananthuProject.Test.LoginCheckTest" name="logInError" time="1.554"/>
  <testcase classname="ananthuProject.Test.LoginCheckTest" name="logInError" time="1.829"/>
  <testcase classname="ananthuProject.Test.LoginCheckTest" name="logInError" time="1.847"/>
  <testcase classname="ananthuProject.Test.LoginCheckTest" name="passwordReset" time="2.02"/>
  <testcase classname="ananthuProject.Test.CheckVisibilityTest" name="checkTheVisibilityofH6" time="2.51"/>
  <testcase classname="ananthuProject.Test.CheckVisibilityTest" name="testTotalRecord" time="21.245"/>
  <testcase classname="ananthuProject.Test.PIMpageTest" name="testHelpButton" time="5.178"/>
</testsuite> <!-- Login Tests -->
