<?xml version="1.0" encoding="UTF-8"?>
<!-- Generated by org.testng.reporters.JUnitXMLReporter -->
<testsuite ignored="0" hostname="LAPTOP-JFKQL1HG" failures="0" tests="11" name="Login Tests" time="100.912" errors="0" timestamp="2025-02-17T10:56:21 EST">
  <testcase classname="ananthuProject.Test.StandAloneTest" name="testUpdatingUserName" time="22.206"/>
  <testcase classname="ananthuProject.Test.StandAloneTest" name="searchNameInTimeSheet" time="5.695"/>
  <testcase classname="ananthuProject.Test.StandAloneTest" name="searchUpdatedUserFromDirectory" time="6.538"/>
  <testcase classname="ananthuProject.Test.LoginCheckTest" name="logInError" time="1.156"/>
  <testcase classname="ananthuProject.Test.LoginCheckTest" name="logInError" time="1.252"/>
  <testcase classname="ananthuProject.Test.LoginCheckTest" name="logInError" time="1.131"/>
  <testcase classname="ananthuProject.Test.LoginCheckTest" name="logInError" time="1.156"/>
  <testcase classname="ananthuProject.Test.LoginCheckTest" name="passwordReset" time="1.743"/>
  <testcase classname="ananthuProject.Test.CheckVisibilityTest" name="checkTheVisibilityofH6" time="2.5"/>
  <testcase classname="ananthuProject.Test.CheckVisibilityTest" name="testTotalRecord" time="18.347"/>
  <testcase classname="ananthuProject.Test.PIMpageTest" name="testHelpButton" time="4.688"/>
</testsuite> <!-- Login Tests -->
