<?xml version="1.0" encoding="UTF-8"?>
<testng-results ignored="0" total="1" passed="1" failed="0" skipped="0">
  <reporter-output>
  </reporter-output>
  <suite started-at="2025-02-23T15:25:07 EST" name="Default suite" finished-at="2025-02-23T15:25:20 EST" duration-ms="13022">
    <groups>
    </groups>
    <test started-at="2025-02-23T15:25:07 EST" name="Default test" finished-at="2025-02-23T15:25:20 EST" duration-ms="13022">
      <class name="ananthuProject.Test.APITest">
        <test-method is-config="true" signature="launchApplication()[pri:0, instance:ananthuProject.Test.APITest@359f7cdf]" started-at="2025-02-23T15:25:07 EST" name="launchApplication" finished-at="2025-02-23T15:25:10 EST" duration-ms="3579" status="PASS">
          <reporter-output>
          </reporter-output>
        </test-method> <!-- launchApplication -->
        <test-method signature="APIstatusCheck()[pri:0, instance:ananthuProject.Test.APITest@359f7cdf]" started-at="2025-02-23T15:25:10 EST" name="APIstatusCheck" finished-at="2025-02-23T15:25:19 EST" duration-ms="9108" status="PASS">
          <reporter-output>
          </reporter-output>
        </test-method> <!-- APIstatusCheck -->
        <test-method is-config="true" signature="closeBrowser()[pri:0, instance:ananthuProject.Test.APITest@359f7cdf]" started-at="2025-02-23T15:25:19 EST" name="closeBrowser" finished-at="2025-02-23T15:25:20 EST" duration-ms="281" status="PASS">
          <reporter-output>
          </reporter-output>
        </test-method> <!-- closeBrowser -->
      </class> <!-- ananthuProject.Test.APITest -->
    </test> <!-- Default test -->
  </suite> <!-- Default suite -->
</testng-results>
