<?xml version="1.0" encoding="UTF-8"?>
<!-- Generated by org.testng.reporters.JUnitReportReporter -->
<testsuite hostname="Ananthus-MacBook-Pro.local" failures="0" tests="2" name="ananthuProject.Test.PIMpageTest" time="49.667" errors="0" timestamp="2026-02-03T21:14:49 EST" skipped="1">
  <testcase classname="ananthuProject.Test.PIMpageTest" name="testHelpButton" time="22.609">
    <skipped/>
  </testcase> <!-- testHelpButton -->
  <system-out/>
  <testcase classname="ananthuProject.Test.PIMpageTest" name="testHelpButton" time="27.058"/>
  <system-out/>
</testsuite> <!-- ananthuProject.Test.PIMpageTest -->
