<?xml version="1.0" encoding="UTF-8"?>
<!-- Generated by org.testng.reporters.JUnitReportReporter -->
<testsuite hostname="Ananthus-MacBook-Pro.local" failures="0" tests="4" name="ananthuProject.Test.LoginCheckTest" time="28.072" errors="0" timestamp="2026-02-21T14:04:35 EST" skipped="0">
  <testcase classname="ananthuProject.Test.LoginCheckTest" name="logInError" time="7.337"/>
  <system-out/>
  <testcase classname="ananthuProject.Test.LoginCheckTest" name="logInError" time="6.810"/>
  <system-out/>
  <testcase classname="ananthuProject.Test.LoginCheckTest" name="logInError" time="7.298"/>
  <system-out/>
  <testcase classname="ananthuProject.Test.LoginCheckTest" name="logInError" time="6.627"/>
  <system-out/>
</testsuite> <!-- ananthuProject.Test.LoginCheckTest -->
